<?xml version="1.0" encoding="utf-8"?>
<TestRun id="cb035048-6a48-445e-9cd7-59413465b44a" name="@VM-0-12-ubuntu 2026-09-17 11:45:54" xmlns="http://microsoft.com/schemas/VisualStudio/TeamTest/2010">
  <Times creation="2026-09-17T11:45:54.0433741+08:00" queuing="2026-09-17T11:45:54.0433742+08:00" start="2026-09-17T11:45:50.3638453+08:00" finish="2026-09-17T11:45:54.4853020+08:00" />
  <TestSettings name="default" id="70201531-5a60-4c5d-8148-084e7554c08c">
    <Deployment runDeploymentRoot="_VM-0-12-ubuntu_2026-09-17_11_45_54" />
  </TestSettings>
  <Results>
    <UnitTestResult executionId="24b43dc0-3f39-47a6-b637-c16d14a7d5e3" testId="cb5acc6c-6e69-c6a5-4e08-c9c4a793af47" testName="Inspection.Infrastructure.Tests.ModbusTcpClientTests.Writes_known_coordinates_and_checks_echo" computerName="VM-0-12-ubuntu" duration="00:00:00.9333342" startTime="2026-09-17T11:45:52.8314517+08:00" endTime="2026-09-17T11:45:53.8241427+08:00" testType="13cdc9d9-ddb5-4fa4-a97d-d965ccfc6d4b" outcome="Passed" testListId="8c84fa94-04c1-424b-9868-57a2d4851a1d" relativeResultsDirectory="24b43dc0-3f39-47a6-b637-c16d14a7d5e3" />
    <UnitTestResult executionId="4b18fd8c-3a3a-460d-9387-b4872cec1d3c" testId="80b29dc6-86f4-6565-7e24-3a159ec54cf6" testName="Inspection.Infrastructure.Tests.ModbusTcpClientTests.Invalid_reply_closes_connection_and_does_not_retry(responseHex: &quot;00010000010001&quot;)" computerName="VM-0-12-ubuntu" duration="00:00:00.0101833" startTime="2026-09-17T11:45:53.9219500+08:00" endTime="2026-09-17T11:45:53.9292933+08:00" testType="13cdc9d9-ddb5-4fa4-a97d-d965ccfc6d4b" outcome="Passed" testListId="8c84fa94-04c1-424b-9868-57a2d4851a1d" relativeResultsDirectory="4b18fd8c-3a3a-460d-9387-b4872cec1d3c" />
    <UnitTestResult executionId="3971ecfa-f67a-43d1-9b60-31fb2fd65989" testId="06169a33-e420-2d3a-6b1a-5bbd8ff7b909" testName="Inspection.Infrastructure.Tests.ModbusTcpClientTests.Reads_known_registers_with_zero_based_address_and_fragmented_response" computerName="VM-0-12-ubuntu" duration="00:00:00.0210220" startTime="2026-09-17T11:45:54.1233912+08:00" endTime="2026-09-17T11:45:54.1529546+08:00" testType="13cdc9d9-ddb5-4fa4-a97d-d965ccfc6d4b" outcome="Passed" testListId="8c84fa94-04c1-424b-9868-57a2d4851a1d" relativeResultsDirectory="3971ecfa-f67a-43d1-9b60-31fb2fd65989" />
    <UnitTestResult executionId="a46ea956-e06e-47b9-a658-ad5338810ccd" testId="630c2255-4140-6586-14dc-945616aeaeab" testName="Inspection.Infrastructure.Tests.ModbusTcpClientTests.Invalid_reply_closes_connection_and_does_not_retry(responseHex: &quot;00010000000501030200&quot;)" computerName="VM-0-12-ubuntu" duration="00:00:00.0031246" startTime="2026-09-17T11:45:53.9328462+08:00" endTime="2026-09-17T11:45:53.9362135+08:00" testType="13cdc9d9-ddb5-4fa4-a97d-d965ccfc6d4b" outcome="Passed" testListId="8c84fa94-04c1-424b-9868-57a2d4851a1d" relativeResultsDirectory="a46ea956-e06e-47b9-a658-ad5338810ccd" />
    <UnitTestResult executionId="21cde35b-8d2c-425d-8699-19549bf7aa9d" testId="9e432072-1283-faa6-bfde-78b1bc4434fa" testName="Inspection.Infrastructure.Tests.ModbusTcpClientTests.Invalid_reply_closes_connection_and_does_not_retry(responseHex: &quot;000100000003018302&quot;)" computerName="VM-0-12-ubuntu" duration="00:00:00.0027063" startTime="2026-09-17T11:45:53.9364838+08:00" endTime="2026-09-17T11:45:53.9394331+08:00" testType="13cdc9d9-ddb5-4fa4-a97d-d965ccfc6d4b" outcome="Passed" testListId="8c84fa94-04c1-424b-9868-57a2d4851a1d" relativeResultsDirectory="21cde35b-8d2c-425d-8699-19549bf7aa9d" />
    <UnitTestResult executionId="1b1b4e1c-9a27-4982-aa85-439ea811aad5" testId="036b047d-cb0a-05b5-35ab-72d386e44ef2" testName="Inspection.Infrastructure.Tests.ModbusTcpClientTests.Stalled_reply_is_bounded_and_connection_cannot_be_reused" computerName="VM-0-12-ubuntu" duration="00:00:00.1665884" startTime="2026-09-17T11:45:53.9826477+08:00" endTime="2026-09-17T11:45:54.1229852+08:00" testType="13cdc9d9-ddb5-4fa4-a97d-d965ccfc6d4b" outcome="Passed" testListId="8c84fa94-04c1-424b-9868-57a2d4851a1d" relativeResultsDirectory="1b1b4e1c-9a27-4982-aa85-439ea811aad5" />
    <UnitTestResult executionId="dc8bc890-acec-45d2-b8b6-98dec694ddd6" testId="ce32d085-4c98-f041-8c64-a85b5c013685" testName="Inspection.Infrastructure.Tests.ModbusTcpClientTests.Invalid_reply_closes_connection_and_does_not_retry(responseHex: &quot;0001000000050104020001&quot;)" computerName="VM-0-12-ubuntu" duration="00:00:00.0065759" startTime="2026-09-17T11:45:53.9432222+08:00" endTime="2026-09-17T11:45:53.9500009+08:00" testType="13cdc9d9-ddb5-4fa4-a97d-d965ccfc6d4b" outcome="Passed" testListId="8c84fa94-04c1-424b-9868-57a2d4851a1d" relativeResultsDirectory="dc8bc890-acec-45d2-b8b6-98dec694ddd6" />
    <UnitTestResult executionId="a572f3ce-ccc6-4c2b-94a4-54aeeda26da3" testId="26be41f3-8124-6519-65db-98669a37faff" testName="Inspection.Infrastructure.Tests.ModbusTcpClientTests.Invalid_reply_closes_connection_and_does_not_retry(responseHex: &quot;0002000000050103020001&quot;)" computerName="VM-0-12-ubuntu" duration="00:00:00.0804070" startTime="2026-09-17T11:45:53.9021603+08:00" endTime="2026-09-17T11:45:53.9205436+08:00" testType="13cdc9d9-ddb5-4fa4-a97d-d965ccfc6d4b" outcome="Passed" testListId="8c84fa94-04c1-424b-9868-57a2d4851a1d" relativeResultsDirectory="a572f3ce-ccc6-4c2b-94a4-54aeeda26da3" />
    <UnitTestResult executionId="6e123aab-f28c-45c8-bb0c-51e5aa0a02f7" testId="ad9613af-fa2e-66ff-8a0e-b9e125e0246c" testName="Inspection.Infrastructure.Tests.ModbusTcpClientTests.Invalid_reply_closes_connection_and_does_not_retry(responseHex: &quot;0001000000050103010001&quot;)" computerName="VM-0-12-ubuntu" duration="00:00:00.0028761" startTime="2026-09-17T11:45:53.9296219+08:00" endTime="2026-09-17T11:45:53.9326151+08:00" testType="13cdc9d9-ddb5-4fa4-a97d-d965ccfc6d4b" outcome="Passed" testListId="8c84fa94-04c1-424b-9868-57a2d4851a1d" relativeResultsDirectory="6e123aab-f28c-45c8-bb0c-51e5aa0a02f7" />
    <UnitTestResult executionId="6db6dd77-98b0-494e-87be-0897103204fc" testId="ecf5f0c5-b191-0f43-226a-d07ba758c2ce" testName="Inspection.Infrastructure.Tests.ModbusTcpClientTests.Invalid_reply_closes_connection_and_does_not_retry(responseHex: &quot;0001000000050203020001&quot;)" computerName="VM-0-12-ubuntu" duration="00:00:00.0027448" startTime="2026-09-17T11:45:53.9502562+08:00" endTime="2026-09-17T11:45:53.9570260+08:00" testType="13cdc9d9-ddb5-4fa4-a97d-d965ccfc6d4b" outcome="Passed" testListId="8c84fa94-04c1-424b-9868-57a2d4851a1d" relativeResultsDirectory="6db6dd77-98b0-494e-87be-0897103204fc" />
    <UnitTestResult executionId="082c92d5-20ea-4375-be61-f91aaeeefc04" testId="59de9b32-2b99-1016-d8fb-0d19a890b029" testName="Inspection.Infrastructure.Tests.ModbusTcpClientTests.Invalid_reply_closes_connection_and_does_not_retry(responseHex: &quot;0001000100050103020001&quot;)" computerName="VM-0-12-ubuntu" duration="00:00:00.0030153" startTime="2026-09-17T11:45:53.9396433+08:00" endTime="2026-09-17T11:45:53.9429987+08:00" testType="13cdc9d9-ddb5-4fa4-a97d-d965ccfc6d4b" outcome="Passed" testListId="8c84fa94-04c1-424b-9868-57a2d4851a1d" relativeResultsDirectory="082c92d5-20ea-4375-be61-f91aaeeefc04" />
  </Results>
  <TestDefinitions>
    <UnitTest name="Inspection.Infrastructure.Tests.ModbusTcpClientTests.Invalid_reply_closes_connection_and_does_not_retry(responseHex: &quot;00010000010001&quot;)" storage="/home/ubuntu/dzk/gaode/repo/backend/tests/inspection.infrastructure.tests/bin/release/net10.0/inspection.infrastructure.tests.dll" id="80b29dc6-86f4-6565-7e24-3a159ec54cf6">
      <Execution id="4b18fd8c-3a3a-460d-9387-b4872cec1d3c" />
      <TestMethod codeBase="/home/ubuntu/dzk/gaode/repo/backend/tests/Inspection.Infrastructure.Tests/bin/Release/net10.0/Inspection.Infrastructure.Tests.dll" adapterTypeName="executor://xunit/VsTestRunner3/netcore/" className="Inspection.Infrastructure.Tests.ModbusTcpClientTests" name="Invalid_reply_closes_connection_and_does_not_retry" />
    </UnitTest>
    <UnitTest name="Inspection.Infrastructure.Tests.ModbusTcpClientTests.Invalid_reply_closes_connection_and_does_not_retry(responseHex: &quot;0001000100050103020001&quot;)" storage="/home/ubuntu/dzk/gaode/repo/backend/tests/inspection.infrastructure.tests/bin/release/net10.0/inspection.infrastructure.tests.dll" id="59de9b32-2b99-1016-d8fb-0d19a890b029">
      <Execution id="082c92d5-20ea-4375-be61-f91aaeeefc04" />
      <TestMethod codeBase="/home/ubuntu/dzk/gaode/repo/backend/tests/Inspection.Infrastructure.Tests/bin/Release/net10.0/Inspection.Infrastructure.Tests.dll" adapterTypeName="executor://xunit/VsTestRunner3/netcore/" className="Inspection.Infrastructure.Tests.ModbusTcpClientTests" name="Invalid_reply_closes_connection_and_does_not_retry" />
    </UnitTest>
    <UnitTest name="Inspection.Infrastructure.Tests.ModbusTcpClientTests.Invalid_reply_closes_connection_and_does_not_retry(responseHex: &quot;0002000000050103020001&quot;)" storage="/home/ubuntu/dzk/gaode/repo/backend/tests/inspection.infrastructure.tests/bin/release/net10.0/inspection.infrastructure.tests.dll" id="26be41f3-8124-6519-65db-98669a37faff">
      <Execution id="a572f3ce-ccc6-4c2b-94a4-54aeeda26da3" />
      <TestMethod codeBase="/home/ubuntu/dzk/gaode/repo/backend/tests/Inspection.Infrastructure.Tests/bin/Release/net10.0/Inspection.Infrastructure.Tests.dll" adapterTypeName="executor://xunit/VsTestRunner3/netcore/" className="Inspection.Infrastructure.Tests.ModbusTcpClientTests" name="Invalid_reply_closes_connection_and_does_not_retry" />
    </UnitTest>
    <UnitTest name="Inspection.Infrastructure.Tests.ModbusTcpClientTests.Writes_known_coordinates_and_checks_echo" storage="/home/ubuntu/dzk/gaode/repo/backend/tests/inspection.infrastructure.tests/bin/release/net10.0/inspection.infrastructure.tests.dll" id="cb5acc6c-6e69-c6a5-4e08-c9c4a793af47">
      <Execution id="24b43dc0-3f39-47a6-b637-c16d14a7d5e3" />
      <TestMethod codeBase="/home/ubuntu/dzk/gaode/repo/backend/tests/Inspection.Infrastructure.Tests/bin/Release/net10.0/Inspection.Infrastructure.Tests.dll" adapterTypeName="executor://xunit/VsTestRunner3/netcore/" className="Inspection.Infrastructure.Tests.ModbusTcpClientTests" name="Writes_known_coordinates_and_checks_echo" />
    </UnitTest>
    <UnitTest name="Inspection.Infrastructure.Tests.ModbusTcpClientTests.Stalled_reply_is_bounded_and_connection_cannot_be_reused" storage="/home/ubuntu/dzk/gaode/repo/backend/tests/inspection.infrastructure.tests/bin/release/net10.0/inspection.infrastructure.tests.dll" id="036b047d-cb0a-05b5-35ab-72d386e44ef2">
      <Execution id="1b1b4e1c-9a27-4982-aa85-439ea811aad5" />
      <TestMethod codeBase="/home/ubuntu/dzk/gaode/repo/backend/tests/Inspection.Infrastructure.Tests/bin/Release/net10.0/Inspection.Infrastructure.Tests.dll" adapterTypeName="executor://xunit/VsTestRunner3/netcore/" className="Inspection.Infrastructure.Tests.ModbusTcpClientTests" name="Stalled_reply_is_bounded_and_connection_cannot_be_reused" />
    </UnitTest>
    <UnitTest name="Inspection.Infrastructure.Tests.ModbusTcpClientTests.Invalid_reply_closes_connection_and_does_not_retry(responseHex: &quot;0001000000050203020001&quot;)" storage="/home/ubuntu/dzk/gaode/repo/backend/tests/inspection.infrastructure.tests/bin/release/net10.0/inspection.infrastructure.tests.dll" id="ecf5f0c5-b191-0f43-226a-d07ba758c2ce">
      <Execution id="6db6dd77-98b0-494e-87be-0897103204fc" />
      <TestMethod codeBase="/home/ubuntu/dzk/gaode/repo/backend/tests/Inspection.Infrastructure.Tests/bin/Release/net10.0/Inspection.Infrastructure.Tests.dll" adapterTypeName="executor://xunit/VsTestRunner3/netcore/" className="Inspection.Infrastructure.Tests.ModbusTcpClientTests" name="Invalid_reply_closes_connection_and_does_not_retry" />
    </UnitTest>
    <UnitTest name="Inspection.Infrastructure.Tests.ModbusTcpClientTests.Invalid_reply_closes_connection_and_does_not_retry(responseHex: &quot;0001000000050104020001&quot;)" storage="/home/ubuntu/dzk/gaode/repo/backend/tests/inspection.infrastructure.tests/bin/release/net10.0/inspection.infrastructure.tests.dll" id="ce32d085-4c98-f041-8c64-a85b5c013685">
      <Execution id="dc8bc890-acec-45d2-b8b6-98dec694ddd6" />
      <TestMethod codeBase="/home/ubuntu/dzk/gaode/repo/backend/tests/Inspection.Infrastructure.Tests/bin/Release/net10.0/Inspection.Infrastructure.Tests.dll" adapterTypeName="executor://xunit/VsTestRunner3/netcore/" className="Inspection.Infrastructure.Tests.ModbusTcpClientTests" name="Invalid_reply_closes_connection_and_does_not_retry" />
    </UnitTest>
    <UnitTest name="Inspection.Infrastructure.Tests.ModbusTcpClientTests.Invalid_reply_closes_connection_and_does_not_retry(responseHex: &quot;000100000003018302&quot;)" storage="/home/ubuntu/dzk/gaode/repo/backend/tests/inspection.infrastructure.tests/bin/release/net10.0/inspection.infrastructure.tests.dll" id="9e432072-1283-faa6-bfde-78b1bc4434fa">
      <Execution id="21cde35b-8d2c-425d-8699-19549bf7aa9d" />
      <TestMethod codeBase="/home/ubuntu/dzk/gaode/repo/backend/tests/Inspection.Infrastructure.Tests/bin/Release/net10.0/Inspection.Infrastructure.Tests.dll" adapterTypeName="executor://xunit/VsTestRunner3/netcore/" className="Inspection.Infrastructure.Tests.ModbusTcpClientTests" name="Invalid_reply_closes_connection_and_does_not_retry" />
    </UnitTest>
    <UnitTest name="Inspection.Infrastructure.Tests.ModbusTcpClientTests.Reads_known_registers_with_zero_based_address_and_fragmented_response" storage="/home/ubuntu/dzk/gaode/repo/backend/tests/inspection.infrastructure.tests/bin/release/net10.0/inspection.infrastructure.tests.dll" id="06169a33-e420-2d3a-6b1a-5bbd8ff7b909">
      <Execution id="3971ecfa-f67a-43d1-9b60-31fb2fd65989" />
      <TestMethod codeBase="/home/ubuntu/dzk/gaode/repo/backend/tests/Inspection.Infrastructure.Tests/bin/Release/net10.0/Inspection.Infrastructure.Tests.dll" adapterTypeName="executor://xunit/VsTestRunner3/netcore/" className="Inspection.Infrastructure.Tests.ModbusTcpClientTests" name="Reads_known_registers_with_zero_based_address_and_fragmented_response" />
    </UnitTest>
    <UnitTest name="Inspection.Infrastructure.Tests.ModbusTcpClientTests.Invalid_reply_closes_connection_and_does_not_retry(responseHex: &quot;00010000000501030200&quot;)" storage="/home/ubuntu/dzk/gaode/repo/backend/tests/inspection.infrastructure.tests/bin/release/net10.0/inspection.infrastructure.tests.dll" id="630c2255-4140-6586-14dc-945616aeaeab">
      <Execution id="a46ea956-e06e-47b9-a658-ad5338810ccd" />
      <TestMethod codeBase="/home/ubuntu/dzk/gaode/repo/backend/tests/Inspection.Infrastructure.Tests/bin/Release/net10.0/Inspection.Infrastructure.Tests.dll" adapterTypeName="executor://xunit/VsTestRunner3/netcore/" className="Inspection.Infrastructure.Tests.ModbusTcpClientTests" name="Invalid_reply_closes_connection_and_does_not_retry" />
    </UnitTest>
    <UnitTest name="Inspection.Infrastructure.Tests.ModbusTcpClientTests.Invalid_reply_closes_connection_and_does_not_retry(responseHex: &quot;0001000000050103010001&quot;)" storage="/home/ubuntu/dzk/gaode/repo/backend/tests/inspection.infrastructure.tests/bin/release/net10.0/inspection.infrastructure.tests.dll" id="ad9613af-fa2e-66ff-8a0e-b9e125e0246c">
      <Execution id="6e123aab-f28c-45c8-bb0c-51e5aa0a02f7" />
      <TestMethod codeBase="/home/ubuntu/dzk/gaode/repo/backend/tests/Inspection.Infrastructure.Tests/bin/Release/net10.0/Inspection.Infrastructure.Tests.dll" adapterTypeName="executor://xunit/VsTestRunner3/netcore/" className="Inspection.Infrastructure.Tests.ModbusTcpClientTests" name="Invalid_reply_closes_connection_and_does_not_retry" />
    </UnitTest>
  </TestDefinitions>
  <TestEntries>
    <TestEntry testId="cb5acc6c-6e69-c6a5-4e08-c9c4a793af47" executionId="24b43dc0-3f39-47a6-b637-c16d14a7d5e3" testListId="8c84fa94-04c1-424b-9868-57a2d4851a1d" />
    <TestEntry testId="80b29dc6-86f4-6565-7e24-3a159ec54cf6" executionId="4b18fd8c-3a3a-460d-9387-b4872cec1d3c" testListId="8c84fa94-04c1-424b-9868-57a2d4851a1d" />
    <TestEntry testId="06169a33-e420-2d3a-6b1a-5bbd8ff7b909" executionId="3971ecfa-f67a-43d1-9b60-31fb2fd65989" testListId="8c84fa94-04c1-424b-9868-57a2d4851a1d" />
    <TestEntry testId="630c2255-4140-6586-14dc-945616aeaeab" executionId="a46ea956-e06e-47b9-a658-ad5338810ccd" testListId="8c84fa94-04c1-424b-9868-57a2d4851a1d" />
    <TestEntry testId="9e432072-1283-faa6-bfde-78b1bc4434fa" executionId="21cde35b-8d2c-425d-8699-19549bf7aa9d" testListId="8c84fa94-04c1-424b-9868-57a2d4851a1d" />
    <TestEntry testId="036b047d-cb0a-05b5-35ab-72d386e44ef2" executionId="1b1b4e1c-9a27-4982-aa85-439ea811aad5" testListId="8c84fa94-04c1-424b-9868-57a2d4851a1d" />
    <TestEntry testId="ce32d085-4c98-f041-8c64-a85b5c013685" executionId="dc8bc890-acec-45d2-b8b6-98dec694ddd6" testListId="8c84fa94-04c1-424b-9868-57a2d4851a1d" />
    <TestEntry testId="26be41f3-8124-6519-65db-98669a37faff" executionId="a572f3ce-ccc6-4c2b-94a4-54aeeda26da3" testListId="8c84fa94-04c1-424b-9868-57a2d4851a1d" />
    <TestEntry testId="ad9613af-fa2e-66ff-8a0e-b9e125e0246c" executionId="6e123aab-f28c-45c8-bb0c-51e5aa0a02f7" testListId="8c84fa94-04c1-424b-9868-57a2d4851a1d" />
    <TestEntry testId="ecf5f0c5-b191-0f43-226a-d07ba758c2ce" executionId="6db6dd77-98b0-494e-87be-0897103204fc" testListId="8c84fa94-04c1-424b-9868-57a2d4851a1d" />
    <TestEntry testId="59de9b32-2b99-1016-d8fb-0d19a890b029" executionId="082c92d5-20ea-4375-be61-f91aaeeefc04" testListId="8c84fa94-04c1-424b-9868-57a2d4851a1d" />
  </TestEntries>
  <TestLists>
    <TestList name="Results Not in a List" id="8c84fa94-04c1-424b-9868-57a2d4851a1d" />
    <TestList name="All Loaded Results" id="19431567-8539-422a-85d7-44ee4e166bda" />
  </TestLists>
  <ResultSummary outcome="Completed">
    <Counters total="11" executed="11" passed="11" failed="0" error="0" timeout="0" aborted="0" inconclusive="0" passedButRunAborted="0" notRunnable="0" notExecuted="0" disconnected="0" warning="0" completed="0" inProgress="0" pending="0" />
    <Output>
      <StdOut>[xUnit.net 00:00:00.01] xUnit.net VSTest Adapter v3.1.5+1b188a7b0a (64-bit .NET 10.0.12)
[xUnit.net 00:00:00.39]   Discovering: Inspection.Infrastructure.Tests
[xUnit.net 00:00:00.57]   Discovered:  Inspection.Infrastructure.Tests
[xUnit.net 00:00:00.75]   Starting:    Inspection.Infrastructure.Tests
[xUnit.net 00:00:02.23]   Finished:    Inspection.Infrastructure.Tests
</StdOut>
    </Output>
  </ResultSummary>
</TestRun>