<?xml version="1.0" encoding="utf-8"?>
<TestRun id="fe180a67-654d-4767-b9e6-0d8f44052045" name="@VM-0-12-ubuntu 2026-09-17 11:45:53" xmlns="http://microsoft.com/schemas/VisualStudio/TeamTest/2010">
  <Times creation="2026-09-17T11:45:53.7360783+08:00" queuing="2026-09-17T11:45:53.7360784+08:00" start="2026-09-17T11:45:49.6258261+08:00" finish="2026-09-17T11:45:53.7622762+08:00" />
  <TestSettings name="default" id="5b1c8767-3ecd-4dd1-99e4-3fd7f508cf3e">
    <Deployment runDeploymentRoot="_VM-0-12-ubuntu_2026-09-17_11_45_53" />
  </TestSettings>
  <Results>
    <UnitTestResult executionId="0f69137f-f4f0-4840-a182-672e696d0c6e" testId="25f863f5-c00b-f79c-c492-3bcd5d7f1509" testName="Inspection.Host.Tests.HostContractTests.Demo_query_returns_eight_captures_without_executing_them" computerName="VM-0-12-ubuntu" duration="00:00:00.1303603" startTime="2026-09-17T11:45:53.1338299+08:00" endTime="2026-09-17T11:45:53.2315984+08:00" testType="13cdc9d9-ddb5-4fa4-a97d-d965ccfc6d4b" outcome="Passed" testListId="8c84fa94-04c1-424b-9868-57a2d4851a1d" relativeResultsDirectory="0f69137f-f4f0-4840-a182-672e696d0c6e" />
    <UnitTestResult executionId="2afc6cc8-768f-4a4e-aef3-ee794a8bfae7" testId="2a8f7648-ef84-6e37-0f57-0e38966b2e99" testName="Inspection.Host.Tests.HostContractTests.Unimplemented_production_commands_are_not_accepted" computerName="VM-0-12-ubuntu" duration="00:00:00.0496401" startTime="2026-09-17T11:45:53.2365315+08:00" endTime="2026-09-17T11:45:53.2854205+08:00" testType="13cdc9d9-ddb5-4fa4-a97d-d965ccfc6d4b" outcome="Passed" testListId="8c84fa94-04c1-424b-9868-57a2d4851a1d" relativeResultsDirectory="2afc6cc8-768f-4a4e-aef3-ee794a8bfae7" />
    <UnitTestResult executionId="4f821e70-43cb-45d0-9a09-667cfdb4407c" testId="fb17721e-66a3-c8a8-fb7c-882561687322" testName="Inspection.Host.Tests.HostContractTests.Status_explicitly_reports_unavailable_production_capabilities" computerName="VM-0-12-ubuntu" duration="00:00:00.9605459" startTime="2026-09-17T11:45:52.0731653+08:00" endTime="2026-09-17T11:45:53.0799359+08:00" testType="13cdc9d9-ddb5-4fa4-a97d-d965ccfc6d4b" outcome="Passed" testListId="8c84fa94-04c1-424b-9868-57a2d4851a1d" relativeResultsDirectory="4f821e70-43cb-45d0-9a09-667cfdb4407c" />
    <UnitTestResult executionId="49febd16-bf5d-45f7-ae5f-82e107f1dd26" testId="f4f98c95-32ac-dcff-bd91-5d674f53d221" testName="Inspection.Host.Tests.HostContractTests.Live_does_not_claim_production_readiness" computerName="VM-0-12-ubuntu" duration="00:00:00.0210670" startTime="2026-09-17T11:45:53.2857344+08:00" endTime="2026-09-17T11:45:53.3088260+08:00" testType="13cdc9d9-ddb5-4fa4-a97d-d965ccfc6d4b" outcome="Passed" testListId="8c84fa94-04c1-424b-9868-57a2d4851a1d" relativeResultsDirectory="49febd16-bf5d-45f7-ae5f-82e107f1dd26" />
  </Results>
  <TestDefinitions>
    <UnitTest name="Inspection.Host.Tests.HostContractTests.Demo_query_returns_eight_captures_without_executing_them" storage="/home/ubuntu/dzk/gaode/repo/backend/tests/inspection.host.tests/bin/release/net10.0/inspection.host.tests.dll" id="25f863f5-c00b-f79c-c492-3bcd5d7f1509">
      <Execution id="0f69137f-f4f0-4840-a182-672e696d0c6e" />
      <TestMethod codeBase="/home/ubuntu/dzk/gaode/repo/backend/tests/Inspection.Host.Tests/bin/Release/net10.0/Inspection.Host.Tests.dll" adapterTypeName="executor://xunit/VsTestRunner3/netcore/" className="Inspection.Host.Tests.HostContractTests" name="Demo_query_returns_eight_captures_without_executing_them" />
    </UnitTest>
    <UnitTest name="Inspection.Host.Tests.HostContractTests.Live_does_not_claim_production_readiness" storage="/home/ubuntu/dzk/gaode/repo/backend/tests/inspection.host.tests/bin/release/net10.0/inspection.host.tests.dll" id="f4f98c95-32ac-dcff-bd91-5d674f53d221">
      <Execution id="49febd16-bf5d-45f7-ae5f-82e107f1dd26" />
      <TestMethod codeBase="/home/ubuntu/dzk/gaode/repo/backend/tests/Inspection.Host.Tests/bin/Release/net10.0/Inspection.Host.Tests.dll" adapterTypeName="executor://xunit/VsTestRunner3/netcore/" className="Inspection.Host.Tests.HostContractTests" name="Live_does_not_claim_production_readiness" />
    </UnitTest>
    <UnitTest name="Inspection.Host.Tests.HostContractTests.Status_explicitly_reports_unavailable_production_capabilities" storage="/home/ubuntu/dzk/gaode/repo/backend/tests/inspection.host.tests/bin/release/net10.0/inspection.host.tests.dll" id="fb17721e-66a3-c8a8-fb7c-882561687322">
      <Execution id="4f821e70-43cb-45d0-9a09-667cfdb4407c" />
      <TestMethod codeBase="/home/ubuntu/dzk/gaode/repo/backend/tests/Inspection.Host.Tests/bin/Release/net10.0/Inspection.Host.Tests.dll" adapterTypeName="executor://xunit/VsTestRunner3/netcore/" className="Inspection.Host.Tests.HostContractTests" name="Status_explicitly_reports_unavailable_production_capabilities" />
    </UnitTest>
    <UnitTest name="Inspection.Host.Tests.HostContractTests.Unimplemented_production_commands_are_not_accepted" storage="/home/ubuntu/dzk/gaode/repo/backend/tests/inspection.host.tests/bin/release/net10.0/inspection.host.tests.dll" id="2a8f7648-ef84-6e37-0f57-0e38966b2e99">
      <Execution id="2afc6cc8-768f-4a4e-aef3-ee794a8bfae7" />
      <TestMethod codeBase="/home/ubuntu/dzk/gaode/repo/backend/tests/Inspection.Host.Tests/bin/Release/net10.0/Inspection.Host.Tests.dll" adapterTypeName="executor://xunit/VsTestRunner3/netcore/" className="Inspection.Host.Tests.HostContractTests" name="Unimplemented_production_commands_are_not_accepted" />
    </UnitTest>
  </TestDefinitions>
  <TestEntries>
    <TestEntry testId="25f863f5-c00b-f79c-c492-3bcd5d7f1509" executionId="0f69137f-f4f0-4840-a182-672e696d0c6e" testListId="8c84fa94-04c1-424b-9868-57a2d4851a1d" />
    <TestEntry testId="2a8f7648-ef84-6e37-0f57-0e38966b2e99" executionId="2afc6cc8-768f-4a4e-aef3-ee794a8bfae7" testListId="8c84fa94-04c1-424b-9868-57a2d4851a1d" />
    <TestEntry testId="fb17721e-66a3-c8a8-fb7c-882561687322" executionId="4f821e70-43cb-45d0-9a09-667cfdb4407c" testListId="8c84fa94-04c1-424b-9868-57a2d4851a1d" />
    <TestEntry testId="f4f98c95-32ac-dcff-bd91-5d674f53d221" executionId="49febd16-bf5d-45f7-ae5f-82e107f1dd26" testListId="8c84fa94-04c1-424b-9868-57a2d4851a1d" />
  </TestEntries>
  <TestLists>
    <TestList name="Results Not in a List" id="8c84fa94-04c1-424b-9868-57a2d4851a1d" />
    <TestList name="All Loaded Results" id="19431567-8539-422a-85d7-44ee4e166bda" />
  </TestLists>
  <ResultSummary outcome="Completed">
    <Counters total="4" executed="4" passed="4" failed="0" error="0" timeout="0" aborted="0" inconclusive="0" passedButRunAborted="0" notRunnable="0" notExecuted="0" disconnected="0" warning="0" completed="0" inProgress="0" pending="0" />
    <Output>
      <StdOut>[xUnit.net 00:00:00.01] xUnit.net VSTest Adapter v3.1.5+1b188a7b0a (64-bit .NET 10.0.12)
[xUnit.net 00:00:00.51]   Discovering: Inspection.Host.Tests
[xUnit.net 00:00:00.67]   Discovered:  Inspection.Host.Tests
[xUnit.net 00:00:00.84]   Starting:    Inspection.Host.Tests
info: Microsoft.Hosting.Lifetime[14]
      Now listening on: http://127.0.0.1:5000
info: Microsoft.Hosting.Lifetime[0]
      Application started. Press Ctrl+C to shut down.
info: Microsoft.Hosting.Lifetime[0]
      Hosting environment: Development
info: Microsoft.Hosting.Lifetime[0]
      Content root path: /home/ubuntu/dzk/gaode/repo/backend/src/Inspection.Host
info: Microsoft.Hosting.Lifetime[0]
      Application is shutting down...
[xUnit.net 00:00:02.32]   Finished:    Inspection.Host.Tests
</StdOut>
    </Output>
  </ResultSummary>
</TestRun>