<?xml version="1.0" encoding="utf-8"?>
<TestRun id="9c6c04de-c0c5-45ce-a770-b5d1464749ae" name="@VM-0-12-ubuntu 2026-09-17 11:19:06" xmlns="http://microsoft.com/schemas/VisualStudio/TeamTest/2010">
  <Times creation="2026-09-17T11:19:06.5795557+08:00" queuing="2026-09-17T11:19:06.5795558+08:00" start="2026-09-17T11:19:04.9155447+08:00" finish="2026-09-17T11:19:06.6210174+08:00" />
  <TestSettings name="default" id="b3880f8d-de81-46c2-9cb8-2cb68bd7b143">
    <Deployment runDeploymentRoot="_VM-0-12-ubuntu_2026-09-17_11_19_06" />
  </TestSettings>
  <Results>
    <UnitTestResult executionId="896d6c4d-0ebb-4f25-8de1-ff9e3063271b" testId="f8e02860-fd95-9442-7ecf-ef57e116f575" testName="Inspection.Domain.Tests.OrdinaryTrayPlannerTests.Rejects_empty_or_duplicate_parts_and_faces" computerName="VM-0-12-ubuntu" duration="00:00:00.0011529" startTime="2026-09-17T11:19:06.4326963+08:00" endTime="2026-09-17T11:19:06.4327879+08:00" testType="13cdc9d9-ddb5-4fa4-a97d-d965ccfc6d4b" outcome="Passed" testListId="8c84fa94-04c1-424b-9868-57a2d4851a1d" relativeResultsDirectory="896d6c4d-0ebb-4f25-8de1-ff9e3063271b" />
    <UnitTestResult executionId="1c42332b-544e-467f-a0fd-4a8e5dea173c" testId="492fee63-3098-417d-d4c5-fb5e3c67ba4c" testName="Inspection.Domain.Tests.OrdinaryTrayPlannerTests.Rejects_invalid_face_identifiers(invalid: null)" computerName="VM-0-12-ubuntu" duration="00:00:00.0000223" startTime="2026-09-17T11:19:06.4272526+08:00" endTime="2026-09-17T11:19:06.4300820+08:00" testType="13cdc9d9-ddb5-4fa4-a97d-d965ccfc6d4b" outcome="Passed" testListId="8c84fa94-04c1-424b-9868-57a2d4851a1d" relativeResultsDirectory="1c42332b-544e-467f-a0fd-4a8e5dea173c" />
    <UnitTestResult executionId="d6ce5b3f-9b13-42fb-a064-9be3feba4634" testId="9f820417-8f0c-d967-e6b9-a93c07497e41" testName="Inspection.Domain.Tests.OrdinaryTrayPlannerTests.Rejects_invalid_part_identifiers(invalid: &quot; p1&quot;)" computerName="VM-0-12-ubuntu" duration="00:00:00.0000206" startTime="2026-09-17T11:19:06.3490913+08:00" endTime="2026-09-17T11:19:06.3492381+08:00" testType="13cdc9d9-ddb5-4fa4-a97d-d965ccfc6d4b" outcome="Passed" testListId="8c84fa94-04c1-424b-9868-57a2d4851a1d" relativeResultsDirectory="d6ce5b3f-9b13-42fb-a064-9be3feba4634" />
    <UnitTestResult executionId="dc46edc9-d55c-46c5-9cae-60733e74f024" testId="ebdb82b3-29dd-6b97-1525-193c86c166ae" testName="Inspection.Domain.Tests.OrdinaryTrayPlannerTests.Rejects_invalid_part_identifiers(invalid: null)" computerName="VM-0-12-ubuntu" duration="00:00:00.0000179" startTime="2026-09-17T11:19:06.3487363+08:00" endTime="2026-09-17T11:19:06.3489067+08:00" testType="13cdc9d9-ddb5-4fa4-a97d-d965ccfc6d4b" outcome="Passed" testListId="8c84fa94-04c1-424b-9868-57a2d4851a1d" relativeResultsDirectory="dc46edc9-d55c-46c5-9cae-60733e74f024" />
    <UnitTestResult executionId="d9228adc-88a4-4d18-a9b9-5a14690fec08" testId="b91753d6-3976-cb0f-f62d-b17d0aefe8f1" testName="Inspection.Domain.Tests.OrdinaryTrayPlannerTests.Supports_more_parts_faces_and_cd_group_without_reordering_slots" computerName="VM-0-12-ubuntu" duration="00:00:00.0306207" startTime="2026-09-17T11:19:06.2630204+08:00" endTime="2026-09-17T11:19:06.3054368+08:00" testType="13cdc9d9-ddb5-4fa4-a97d-d965ccfc6d4b" outcome="Passed" testListId="8c84fa94-04c1-424b-9868-57a2d4851a1d" relativeResultsDirectory="d9228adc-88a4-4d18-a9b9-5a14690fec08" />
    <UnitTestResult executionId="88181772-dd9c-45bc-b6d9-5bba39c18221" testId="01320553-e0f9-f4d0-99ab-376c0d2ff4bb" testName="Inspection.Domain.Tests.OrdinaryTrayPlannerTests.Rejects_null_collections" computerName="VM-0-12-ubuntu" duration="00:00:00.0016583" startTime="2026-09-17T11:19:06.4374877+08:00" endTime="2026-09-17T11:19:06.4376830+08:00" testType="13cdc9d9-ddb5-4fa4-a97d-d965ccfc6d4b" outcome="Passed" testListId="8c84fa94-04c1-424b-9868-57a2d4851a1d" relativeResultsDirectory="88181772-dd9c-45bc-b6d9-5bba39c18221" />
    <UnitTestResult executionId="e7a86ab0-e3c9-4081-96bc-59691bfd939a" testId="891e82af-0fb3-29ab-962f-47c0c037d4a8" testName="Inspection.Domain.Tests.OrdinaryTrayPlannerTests.Rejects_invalid_part_identifiers(invalid: &quot;p1 &quot;)" computerName="VM-0-12-ubuntu" duration="00:00:00.0000302" startTime="2026-09-17T11:19:06.3484584+08:00" endTime="2026-09-17T11:19:06.3485614+08:00" testType="13cdc9d9-ddb5-4fa4-a97d-d965ccfc6d4b" outcome="Passed" testListId="8c84fa94-04c1-424b-9868-57a2d4851a1d" relativeResultsDirectory="e7a86ab0-e3c9-4081-96bc-59691bfd939a" />
    <UnitTestResult executionId="58fa1686-0ad0-4f11-a56a-5412cebc2cd1" testId="f1dda52b-d233-e95b-4882-9936b92c5c83" testName="Inspection.Domain.Tests.OrdinaryTrayPlannerTests.Rejects_invalid_face_identifiers(invalid: &quot; f1&quot;)" computerName="VM-0-12-ubuntu" duration="00:00:00.0002016" startTime="2026-09-17T11:19:06.4267756+08:00" endTime="2026-09-17T11:19:06.4269126+08:00" testType="13cdc9d9-ddb5-4fa4-a97d-d965ccfc6d4b" outcome="Passed" testListId="8c84fa94-04c1-424b-9868-57a2d4851a1d" relativeResultsDirectory="58fa1686-0ad0-4f11-a56a-5412cebc2cd1" />
    <UnitTestResult executionId="b8457011-9617-4491-bd34-95a541b657ab" testId="eff5460b-bc20-8000-4371-57337658edc0" testName="Inspection.Domain.Tests.OrdinaryTrayPlannerTests.Rejects_undefined_camera_group" computerName="VM-0-12-ubuntu" duration="00:00:00.0013805" startTime="2026-09-17T11:19:06.3504235+08:00" endTime="2026-09-17T11:19:06.3505131+08:00" testType="13cdc9d9-ddb5-4fa4-a97d-d965ccfc6d4b" outcome="Passed" testListId="8c84fa94-04c1-424b-9868-57a2d4851a1d" relativeResultsDirectory="b8457011-9617-4491-bd34-95a541b657ab" />
    <UnitTestResult executionId="6677351b-444a-4d8e-8e47-d07c7bdbd499" testId="eacdae0b-5649-d855-d8b3-273d0c51cec0" testName="Inspection.Domain.Tests.OrdinaryTrayPlannerTests.Batches_whole_tray_by_camera_and_preserves_identity_across_faces" computerName="VM-0-12-ubuntu" duration="00:00:00.0053802" startTime="2026-09-17T11:19:06.3435576+08:00" endTime="2026-09-17T11:19:06.3443053+08:00" testType="13cdc9d9-ddb5-4fa4-a97d-d965ccfc6d4b" outcome="Passed" testListId="8c84fa94-04c1-424b-9868-57a2d4851a1d" relativeResultsDirectory="6677351b-444a-4d8e-8e47-d07c7bdbd499" />
    <UnitTestResult executionId="3ae150f2-e3d4-421d-925a-46b063c5b7bf" testId="08678fd9-1902-0285-0ea0-70b972c0b322" testName="Inspection.Domain.Tests.OrdinaryTrayPlannerTests.Rejects_invalid_part_identifiers(invalid: &quot;&quot;)" computerName="VM-0-12-ubuntu" duration="00:00:00.0038440" startTime="2026-09-17T11:19:06.3477847+08:00" endTime="2026-09-17T11:19:06.3478915+08:00" testType="13cdc9d9-ddb5-4fa4-a97d-d965ccfc6d4b" outcome="Passed" testListId="8c84fa94-04c1-424b-9868-57a2d4851a1d" relativeResultsDirectory="3ae150f2-e3d4-421d-925a-46b063c5b7bf" />
    <UnitTestResult executionId="822beb0a-bcf7-4222-a798-e1a8d70a4987" testId="a0b9777d-1b70-5926-a799-adf6326fff4e" testName="Inspection.Domain.Tests.OrdinaryTrayPlannerTests.Rejects_invalid_face_identifiers(invalid: &quot;&quot;)" computerName="VM-0-12-ubuntu" duration="00:00:00.0002588" startTime="2026-09-17T11:19:06.3507310+08:00" endTime="2026-09-17T11:19:06.3508647+08:00" testType="13cdc9d9-ddb5-4fa4-a97d-d965ccfc6d4b" outcome="Passed" testListId="8c84fa94-04c1-424b-9868-57a2d4851a1d" relativeResultsDirectory="822beb0a-bcf7-4222-a798-e1a8d70a4987" />
    <UnitTestResult executionId="af1fb12c-7714-4821-9b9d-49192ec21467" testId="3882187e-d742-f444-fa38-2ed126931ea7" testName="Inspection.Domain.Tests.OrdinaryTrayPlannerTests.Input_mutation_cannot_change_published_plan" computerName="VM-0-12-ubuntu" duration="00:00:00.0063348" startTime="2026-09-17T11:19:06.4330621+08:00" endTime="2026-09-17T11:19:06.4331706+08:00" testType="13cdc9d9-ddb5-4fa4-a97d-d965ccfc6d4b" outcome="Passed" testListId="8c84fa94-04c1-424b-9868-57a2d4851a1d" relativeResultsDirectory="af1fb12c-7714-4821-9b9d-49192ec21467" />
    <UnitTestResult executionId="4cbc5d85-c0ec-4080-a702-ba0bb56bdbc4" testId="b195b2f3-cef9-2e4d-16a6-0d5abdee69e3" testName="Inspection.Domain.Tests.OrdinaryTrayPlannerTests.Rejects_invalid_face_identifiers(invalid: &quot; &quot;)" computerName="VM-0-12-ubuntu" duration="00:00:00.0000202" startTime="2026-09-17T11:19:06.4302824+08:00" endTime="2026-09-17T11:19:06.4324337+08:00" testType="13cdc9d9-ddb5-4fa4-a97d-d965ccfc6d4b" outcome="Passed" testListId="8c84fa94-04c1-424b-9868-57a2d4851a1d" relativeResultsDirectory="4cbc5d85-c0ec-4080-a702-ba0bb56bdbc4" />
    <UnitTestResult executionId="a75e7218-4a76-4bda-bc9e-192061e2b179" testId="5888c5b7-1fdd-9d82-4f90-76fd84500508" testName="Inspection.Domain.Tests.OrdinaryTrayPlannerTests.Rejects_invalid_part_identifiers(invalid: &quot; &quot;)" computerName="VM-0-12-ubuntu" duration="00:00:00.0046670" startTime="2026-09-17T11:19:06.3481875+08:00" endTime="2026-09-17T11:19:06.3482797+08:00" testType="13cdc9d9-ddb5-4fa4-a97d-d965ccfc6d4b" outcome="Passed" testListId="8c84fa94-04c1-424b-9868-57a2d4851a1d" relativeResultsDirectory="a75e7218-4a76-4bda-bc9e-192061e2b179" />
  </Results>
  <TestDefinitions>
    <UnitTest name="Inspection.Domain.Tests.OrdinaryTrayPlannerTests.Rejects_null_collections" storage="/home/ubuntu/dzk/gaode/repo/backend/tests/inspection.domain.tests/bin/release/net10.0/inspection.domain.tests.dll" id="01320553-e0f9-f4d0-99ab-376c0d2ff4bb">
      <Execution id="88181772-dd9c-45bc-b6d9-5bba39c18221" />
      <TestMethod codeBase="/home/ubuntu/dzk/gaode/repo/backend/tests/Inspection.Domain.Tests/bin/Release/net10.0/Inspection.Domain.Tests.dll" adapterTypeName="executor://xunit/VsTestRunner3/netcore/" className="Inspection.Domain.Tests.OrdinaryTrayPlannerTests" name="Rejects_null_collections" />
    </UnitTest>
    <UnitTest name="Inspection.Domain.Tests.OrdinaryTrayPlannerTests.Input_mutation_cannot_change_published_plan" storage="/home/ubuntu/dzk/gaode/repo/backend/tests/inspection.domain.tests/bin/release/net10.0/inspection.domain.tests.dll" id="3882187e-d742-f444-fa38-2ed126931ea7">
      <Execution id="af1fb12c-7714-4821-9b9d-49192ec21467" />
      <TestMethod codeBase="/home/ubuntu/dzk/gaode/repo/backend/tests/Inspection.Domain.Tests/bin/Release/net10.0/Inspection.Domain.Tests.dll" adapterTypeName="executor://xunit/VsTestRunner3/netcore/" className="Inspection.Domain.Tests.OrdinaryTrayPlannerTests" name="Input_mutation_cannot_change_published_plan" />
    </UnitTest>
    <UnitTest name="Inspection.Domain.Tests.OrdinaryTrayPlannerTests.Rejects_invalid_face_identifiers(invalid: &quot;&quot;)" storage="/home/ubuntu/dzk/gaode/repo/backend/tests/inspection.domain.tests/bin/release/net10.0/inspection.domain.tests.dll" id="a0b9777d-1b70-5926-a799-adf6326fff4e">
      <Execution id="822beb0a-bcf7-4222-a798-e1a8d70a4987" />
      <TestMethod codeBase="/home/ubuntu/dzk/gaode/repo/backend/tests/Inspection.Domain.Tests/bin/Release/net10.0/Inspection.Domain.Tests.dll" adapterTypeName="executor://xunit/VsTestRunner3/netcore/" className="Inspection.Domain.Tests.OrdinaryTrayPlannerTests" name="Rejects_invalid_face_identifiers" />
    </UnitTest>
    <UnitTest name="Inspection.Domain.Tests.OrdinaryTrayPlannerTests.Rejects_undefined_camera_group" storage="/home/ubuntu/dzk/gaode/repo/backend/tests/inspection.domain.tests/bin/release/net10.0/inspection.domain.tests.dll" id="eff5460b-bc20-8000-4371-57337658edc0">
      <Execution id="b8457011-9617-4491-bd34-95a541b657ab" />
      <TestMethod codeBase="/home/ubuntu/dzk/gaode/repo/backend/tests/Inspection.Domain.Tests/bin/Release/net10.0/Inspection.Domain.Tests.dll" adapterTypeName="executor://xunit/VsTestRunner3/netcore/" className="Inspection.Domain.Tests.OrdinaryTrayPlannerTests" name="Rejects_undefined_camera_group" />
    </UnitTest>
    <UnitTest name="Inspection.Domain.Tests.OrdinaryTrayPlannerTests.Rejects_invalid_face_identifiers(invalid: null)" storage="/home/ubuntu/dzk/gaode/repo/backend/tests/inspection.domain.tests/bin/release/net10.0/inspection.domain.tests.dll" id="492fee63-3098-417d-d4c5-fb5e3c67ba4c">
      <Execution id="1c42332b-544e-467f-a0fd-4a8e5dea173c" />
      <TestMethod codeBase="/home/ubuntu/dzk/gaode/repo/backend/tests/Inspection.Domain.Tests/bin/Release/net10.0/Inspection.Domain.Tests.dll" adapterTypeName="executor://xunit/VsTestRunner3/netcore/" className="Inspection.Domain.Tests.OrdinaryTrayPlannerTests" name="Rejects_invalid_face_identifiers" />
    </UnitTest>
    <UnitTest name="Inspection.Domain.Tests.OrdinaryTrayPlannerTests.Rejects_invalid_face_identifiers(invalid: &quot; &quot;)" storage="/home/ubuntu/dzk/gaode/repo/backend/tests/inspection.domain.tests/bin/release/net10.0/inspection.domain.tests.dll" id="b195b2f3-cef9-2e4d-16a6-0d5abdee69e3">
      <Execution id="4cbc5d85-c0ec-4080-a702-ba0bb56bdbc4" />
      <TestMethod codeBase="/home/ubuntu/dzk/gaode/repo/backend/tests/Inspection.Domain.Tests/bin/Release/net10.0/Inspection.Domain.Tests.dll" adapterTypeName="executor://xunit/VsTestRunner3/netcore/" className="Inspection.Domain.Tests.OrdinaryTrayPlannerTests" name="Rejects_invalid_face_identifiers" />
    </UnitTest>
    <UnitTest name="Inspection.Domain.Tests.OrdinaryTrayPlannerTests.Rejects_invalid_part_identifiers(invalid: &quot;p1 &quot;)" storage="/home/ubuntu/dzk/gaode/repo/backend/tests/inspection.domain.tests/bin/release/net10.0/inspection.domain.tests.dll" id="891e82af-0fb3-29ab-962f-47c0c037d4a8">
      <Execution id="e7a86ab0-e3c9-4081-96bc-59691bfd939a" />
      <TestMethod codeBase="/home/ubuntu/dzk/gaode/repo/backend/tests/Inspection.Domain.Tests/bin/Release/net10.0/Inspection.Domain.Tests.dll" adapterTypeName="executor://xunit/VsTestRunner3/netcore/" className="Inspection.Domain.Tests.OrdinaryTrayPlannerTests" name="Rejects_invalid_part_identifiers" />
    </UnitTest>
    <UnitTest name="Inspection.Domain.Tests.OrdinaryTrayPlannerTests.Supports_more_parts_faces_and_cd_group_without_reordering_slots" storage="/home/ubuntu/dzk/gaode/repo/backend/tests/inspection.domain.tests/bin/release/net10.0/inspection.domain.tests.dll" id="b91753d6-3976-cb0f-f62d-b17d0aefe8f1">
      <Execution id="d9228adc-88a4-4d18-a9b9-5a14690fec08" />
      <TestMethod codeBase="/home/ubuntu/dzk/gaode/repo/backend/tests/Inspection.Domain.Tests/bin/Release/net10.0/Inspection.Domain.Tests.dll" adapterTypeName="executor://xunit/VsTestRunner3/netcore/" className="Inspection.Domain.Tests.OrdinaryTrayPlannerTests" name="Supports_more_parts_faces_and_cd_group_without_reordering_slots" />
    </UnitTest>
    <UnitTest name="Inspection.Domain.Tests.OrdinaryTrayPlannerTests.Batches_whole_tray_by_camera_and_preserves_identity_across_faces" storage="/home/ubuntu/dzk/gaode/repo/backend/tests/inspection.domain.tests/bin/release/net10.0/inspection.domain.tests.dll" id="eacdae0b-5649-d855-d8b3-273d0c51cec0">
      <Execution id="6677351b-444a-4d8e-8e47-d07c7bdbd499" />
      <TestMethod codeBase="/home/ubuntu/dzk/gaode/repo/backend/tests/Inspection.Domain.Tests/bin/Release/net10.0/Inspection.Domain.Tests.dll" adapterTypeName="executor://xunit/VsTestRunner3/netcore/" className="Inspection.Domain.Tests.OrdinaryTrayPlannerTests" name="Batches_whole_tray_by_camera_and_preserves_identity_across_faces" />
    </UnitTest>
    <UnitTest name="Inspection.Domain.Tests.OrdinaryTrayPlannerTests.Rejects_invalid_part_identifiers(invalid: &quot; &quot;)" storage="/home/ubuntu/dzk/gaode/repo/backend/tests/inspection.domain.tests/bin/release/net10.0/inspection.domain.tests.dll" id="5888c5b7-1fdd-9d82-4f90-76fd84500508">
      <Execution id="a75e7218-4a76-4bda-bc9e-192061e2b179" />
      <TestMethod codeBase="/home/ubuntu/dzk/gaode/repo/backend/tests/Inspection.Domain.Tests/bin/Release/net10.0/Inspection.Domain.Tests.dll" adapterTypeName="executor://xunit/VsTestRunner3/netcore/" className="Inspection.Domain.Tests.OrdinaryTrayPlannerTests" name="Rejects_invalid_part_identifiers" />
    </UnitTest>
    <UnitTest name="Inspection.Domain.Tests.OrdinaryTrayPlannerTests.Rejects_invalid_part_identifiers(invalid: null)" storage="/home/ubuntu/dzk/gaode/repo/backend/tests/inspection.domain.tests/bin/release/net10.0/inspection.domain.tests.dll" id="ebdb82b3-29dd-6b97-1525-193c86c166ae">
      <Execution id="dc46edc9-d55c-46c5-9cae-60733e74f024" />
      <TestMethod codeBase="/home/ubuntu/dzk/gaode/repo/backend/tests/Inspection.Domain.Tests/bin/Release/net10.0/Inspection.Domain.Tests.dll" adapterTypeName="executor://xunit/VsTestRunner3/netcore/" className="Inspection.Domain.Tests.OrdinaryTrayPlannerTests" name="Rejects_invalid_part_identifiers" />
    </UnitTest>
    <UnitTest name="Inspection.Domain.Tests.OrdinaryTrayPlannerTests.Rejects_empty_or_duplicate_parts_and_faces" storage="/home/ubuntu/dzk/gaode/repo/backend/tests/inspection.domain.tests/bin/release/net10.0/inspection.domain.tests.dll" id="f8e02860-fd95-9442-7ecf-ef57e116f575">
      <Execution id="896d6c4d-0ebb-4f25-8de1-ff9e3063271b" />
      <TestMethod codeBase="/home/ubuntu/dzk/gaode/repo/backend/tests/Inspection.Domain.Tests/bin/Release/net10.0/Inspection.Domain.Tests.dll" adapterTypeName="executor://xunit/VsTestRunner3/netcore/" className="Inspection.Domain.Tests.OrdinaryTrayPlannerTests" name="Rejects_empty_or_duplicate_parts_and_faces" />
    </UnitTest>
    <UnitTest name="Inspection.Domain.Tests.OrdinaryTrayPlannerTests.Rejects_invalid_face_identifiers(invalid: &quot; f1&quot;)" storage="/home/ubuntu/dzk/gaode/repo/backend/tests/inspection.domain.tests/bin/release/net10.0/inspection.domain.tests.dll" id="f1dda52b-d233-e95b-4882-9936b92c5c83">
      <Execution id="58fa1686-0ad0-4f11-a56a-5412cebc2cd1" />
      <TestMethod codeBase="/home/ubuntu/dzk/gaode/repo/backend/tests/Inspection.Domain.Tests/bin/Release/net10.0/Inspection.Domain.Tests.dll" adapterTypeName="executor://xunit/VsTestRunner3/netcore/" className="Inspection.Domain.Tests.OrdinaryTrayPlannerTests" name="Rejects_invalid_face_identifiers" />
    </UnitTest>
    <UnitTest name="Inspection.Domain.Tests.OrdinaryTrayPlannerTests.Rejects_invalid_part_identifiers(invalid: &quot;&quot;)" storage="/home/ubuntu/dzk/gaode/repo/backend/tests/inspection.domain.tests/bin/release/net10.0/inspection.domain.tests.dll" id="08678fd9-1902-0285-0ea0-70b972c0b322">
      <Execution id="3ae150f2-e3d4-421d-925a-46b063c5b7bf" />
      <TestMethod codeBase="/home/ubuntu/dzk/gaode/repo/backend/tests/Inspection.Domain.Tests/bin/Release/net10.0/Inspection.Domain.Tests.dll" adapterTypeName="executor://xunit/VsTestRunner3/netcore/" className="Inspection.Domain.Tests.OrdinaryTrayPlannerTests" name="Rejects_invalid_part_identifiers" />
    </UnitTest>
    <UnitTest name="Inspection.Domain.Tests.OrdinaryTrayPlannerTests.Rejects_invalid_part_identifiers(invalid: &quot; p1&quot;)" storage="/home/ubuntu/dzk/gaode/repo/backend/tests/inspection.domain.tests/bin/release/net10.0/inspection.domain.tests.dll" id="9f820417-8f0c-d967-e6b9-a93c07497e41">
      <Execution id="d6ce5b3f-9b13-42fb-a064-9be3feba4634" />
      <TestMethod codeBase="/home/ubuntu/dzk/gaode/repo/backend/tests/Inspection.Domain.Tests/bin/Release/net10.0/Inspection.Domain.Tests.dll" adapterTypeName="executor://xunit/VsTestRunner3/netcore/" className="Inspection.Domain.Tests.OrdinaryTrayPlannerTests" name="Rejects_invalid_part_identifiers" />
    </UnitTest>
  </TestDefinitions>
  <TestEntries>
    <TestEntry testId="f8e02860-fd95-9442-7ecf-ef57e116f575" executionId="896d6c4d-0ebb-4f25-8de1-ff9e3063271b" testListId="8c84fa94-04c1-424b-9868-57a2d4851a1d" />
    <TestEntry testId="492fee63-3098-417d-d4c5-fb5e3c67ba4c" executionId="1c42332b-544e-467f-a0fd-4a8e5dea173c" testListId="8c84fa94-04c1-424b-9868-57a2d4851a1d" />
    <TestEntry testId="9f820417-8f0c-d967-e6b9-a93c07497e41" executionId="d6ce5b3f-9b13-42fb-a064-9be3feba4634" testListId="8c84fa94-04c1-424b-9868-57a2d4851a1d" />
    <TestEntry testId="ebdb82b3-29dd-6b97-1525-193c86c166ae" executionId="dc46edc9-d55c-46c5-9cae-60733e74f024" testListId="8c84fa94-04c1-424b-9868-57a2d4851a1d" />
    <TestEntry testId="b91753d6-3976-cb0f-f62d-b17d0aefe8f1" executionId="d9228adc-88a4-4d18-a9b9-5a14690fec08" testListId="8c84fa94-04c1-424b-9868-57a2d4851a1d" />
    <TestEntry testId="01320553-e0f9-f4d0-99ab-376c0d2ff4bb" executionId="88181772-dd9c-45bc-b6d9-5bba39c18221" testListId="8c84fa94-04c1-424b-9868-57a2d4851a1d" />
    <TestEntry testId="891e82af-0fb3-29ab-962f-47c0c037d4a8" executionId="e7a86ab0-e3c9-4081-96bc-59691bfd939a" testListId="8c84fa94-04c1-424b-9868-57a2d4851a1d" />
    <TestEntry testId="f1dda52b-d233-e95b-4882-9936b92c5c83" executionId="58fa1686-0ad0-4f11-a56a-5412cebc2cd1" testListId="8c84fa94-04c1-424b-9868-57a2d4851a1d" />
    <TestEntry testId="eff5460b-bc20-8000-4371-57337658edc0" executionId="b8457011-9617-4491-bd34-95a541b657ab" testListId="8c84fa94-04c1-424b-9868-57a2d4851a1d" />
    <TestEntry testId="eacdae0b-5649-d855-d8b3-273d0c51cec0" executionId="6677351b-444a-4d8e-8e47-d07c7bdbd499" testListId="8c84fa94-04c1-424b-9868-57a2d4851a1d" />
    <TestEntry testId="08678fd9-1902-0285-0ea0-70b972c0b322" executionId="3ae150f2-e3d4-421d-925a-46b063c5b7bf" testListId="8c84fa94-04c1-424b-9868-57a2d4851a1d" />
    <TestEntry testId="a0b9777d-1b70-5926-a799-adf6326fff4e" executionId="822beb0a-bcf7-4222-a798-e1a8d70a4987" testListId="8c84fa94-04c1-424b-9868-57a2d4851a1d" />
    <TestEntry testId="3882187e-d742-f444-fa38-2ed126931ea7" executionId="af1fb12c-7714-4821-9b9d-49192ec21467" testListId="8c84fa94-04c1-424b-9868-57a2d4851a1d" />
    <TestEntry testId="b195b2f3-cef9-2e4d-16a6-0d5abdee69e3" executionId="4cbc5d85-c0ec-4080-a702-ba0bb56bdbc4" testListId="8c84fa94-04c1-424b-9868-57a2d4851a1d" />
    <TestEntry testId="5888c5b7-1fdd-9d82-4f90-76fd84500508" executionId="a75e7218-4a76-4bda-bc9e-192061e2b179" testListId="8c84fa94-04c1-424b-9868-57a2d4851a1d" />
  </TestEntries>
  <TestLists>
    <TestList name="Results Not in a List" id="8c84fa94-04c1-424b-9868-57a2d4851a1d" />
    <TestList name="All Loaded Results" id="19431567-8539-422a-85d7-44ee4e166bda" />
  </TestLists>
  <ResultSummary outcome="Completed">
    <Counters total="15" executed="15" passed="15" failed="0" error="0" timeout="0" aborted="0" inconclusive="0" passedButRunAborted="0" notRunnable="0" notExecuted="0" disconnected="0" warning="0" completed="0" inProgress="0" pending="0" />
    <Output>
      <StdOut>[xUnit.net 00:00:00.00] xUnit.net VSTest Adapter v3.1.5+1b188a7b0a (64-bit .NET 10.0.12)
[xUnit.net 00:00:00.18]   Discovering: Inspection.Domain.Tests
[xUnit.net 00:00:00.36]   Discovered:  Inspection.Domain.Tests
[xUnit.net 00:00:00.49]   Starting:    Inspection.Domain.Tests
[xUnit.net 00:00:00.76]   Finished:    Inspection.Domain.Tests
</StdOut>
    </Output>
  </ResultSummary>
</TestRun>