<?xml version="1.0" encoding="utf-8"?>
<TestRun id="b8e596f8-027d-4c51-b995-d2bc0afa0546" name="@VM-0-12-ubuntu 2026-09-17 11:19:07" xmlns="http://microsoft.com/schemas/VisualStudio/TeamTest/2010">
  <Times creation="2026-09-17T11:19:07.3999051+08:00" queuing="2026-09-17T11:19:07.3999051+08:00" start="2026-09-17T11:19:05.0550963+08:00" finish="2026-09-17T11:19:07.4118361+08:00" />
  <TestSettings name="default" id="83e4e954-b0b4-4571-9227-7d538d2d15fc">
    <Deployment runDeploymentRoot="_VM-0-12-ubuntu_2026-09-17_11_19_07" />
  </TestSettings>
  <Results>
    <UnitTestResult executionId="926ecac9-af3d-4d05-bffa-95090b61b426" testId="2a8f7648-ef84-6e37-0f57-0e38966b2e99" testName="Inspection.Host.Tests.HostContractTests.Unimplemented_production_commands_are_not_accepted" computerName="VM-0-12-ubuntu" duration="00:00:00.0167790" startTime="2026-09-17T11:19:07.2267942+08:00" endTime="2026-09-17T11:19:07.2440115+08:00" testType="13cdc9d9-ddb5-4fa4-a97d-d965ccfc6d4b" outcome="Passed" testListId="8c84fa94-04c1-424b-9868-57a2d4851a1d" relativeResultsDirectory="926ecac9-af3d-4d05-bffa-95090b61b426" />
    <UnitTestResult executionId="524501de-5cb9-48cb-b57a-9d400634e5e8" testId="f4f98c95-32ac-dcff-bd91-5d674f53d221" testName="Inspection.Host.Tests.HostContractTests.Live_does_not_claim_production_readiness" computerName="VM-0-12-ubuntu" duration="00:00:00.0074625" startTime="2026-09-17T11:19:07.2443768+08:00" endTime="2026-09-17T11:19:07.2517382+08:00" testType="13cdc9d9-ddb5-4fa4-a97d-d965ccfc6d4b" outcome="Passed" testListId="8c84fa94-04c1-424b-9868-57a2d4851a1d" relativeResultsDirectory="524501de-5cb9-48cb-b57a-9d400634e5e8" />
    <UnitTestResult executionId="341a7842-a163-4c3f-8b96-9ef32828b4d8" testId="25f863f5-c00b-f79c-c492-3bcd5d7f1509" testName="Inspection.Host.Tests.HostContractTests.Demo_query_returns_eight_captures_without_executing_them" computerName="VM-0-12-ubuntu" duration="00:00:00.1011880" startTime="2026-09-17T11:19:07.1636765+08:00" endTime="2026-09-17T11:19:07.2256815+08:00" testType="13cdc9d9-ddb5-4fa4-a97d-d965ccfc6d4b" outcome="Passed" testListId="8c84fa94-04c1-424b-9868-57a2d4851a1d" relativeResultsDirectory="341a7842-a163-4c3f-8b96-9ef32828b4d8" />
    <UnitTestResult executionId="c29c0b60-0979-41c4-8efd-9d3c77f0387d" testId="fb17721e-66a3-c8a8-fb7c-882561687322" testName="Inspection.Host.Tests.HostContractTests.Status_explicitly_reports_unavailable_production_capabilities" computerName="VM-0-12-ubuntu" duration="00:00:00.9670708" startTime="2026-09-17T11:19:06.1220395+08:00" endTime="2026-09-17T11:19:07.1141571+08:00" testType="13cdc9d9-ddb5-4fa4-a97d-d965ccfc6d4b" outcome="Passed" testListId="8c84fa94-04c1-424b-9868-57a2d4851a1d" relativeResultsDirectory="c29c0b60-0979-41c4-8efd-9d3c77f0387d" />
  </Results>
  <TestDefinitions>
    <UnitTest name="Inspection.Host.Tests.HostContractTests.Demo_query_returns_eight_captures_without_executing_them" storage="/home/ubuntu/dzk/gaode/repo/backend/tests/inspection.host.tests/bin/release/net10.0/inspection.host.tests.dll" id="25f863f5-c00b-f79c-c492-3bcd5d7f1509">
      <Execution id="341a7842-a163-4c3f-8b96-9ef32828b4d8" />
      <TestMethod codeBase="/home/ubuntu/dzk/gaode/repo/backend/tests/Inspection.Host.Tests/bin/Release/net10.0/Inspection.Host.Tests.dll" adapterTypeName="executor://xunit/VsTestRunner3/netcore/" className="Inspection.Host.Tests.HostContractTests" name="Demo_query_returns_eight_captures_without_executing_them" />
    </UnitTest>
    <UnitTest name="Inspection.Host.Tests.HostContractTests.Live_does_not_claim_production_readiness" storage="/home/ubuntu/dzk/gaode/repo/backend/tests/inspection.host.tests/bin/release/net10.0/inspection.host.tests.dll" id="f4f98c95-32ac-dcff-bd91-5d674f53d221">
      <Execution id="524501de-5cb9-48cb-b57a-9d400634e5e8" />
      <TestMethod codeBase="/home/ubuntu/dzk/gaode/repo/backend/tests/Inspection.Host.Tests/bin/Release/net10.0/Inspection.Host.Tests.dll" adapterTypeName="executor://xunit/VsTestRunner3/netcore/" className="Inspection.Host.Tests.HostContractTests" name="Live_does_not_claim_production_readiness" />
    </UnitTest>
    <UnitTest name="Inspection.Host.Tests.HostContractTests.Status_explicitly_reports_unavailable_production_capabilities" storage="/home/ubuntu/dzk/gaode/repo/backend/tests/inspection.host.tests/bin/release/net10.0/inspection.host.tests.dll" id="fb17721e-66a3-c8a8-fb7c-882561687322">
      <Execution id="c29c0b60-0979-41c4-8efd-9d3c77f0387d" />
      <TestMethod codeBase="/home/ubuntu/dzk/gaode/repo/backend/tests/Inspection.Host.Tests/bin/Release/net10.0/Inspection.Host.Tests.dll" adapterTypeName="executor://xunit/VsTestRunner3/netcore/" className="Inspection.Host.Tests.HostContractTests" name="Status_explicitly_reports_unavailable_production_capabilities" />
    </UnitTest>
    <UnitTest name="Inspection.Host.Tests.HostContractTests.Unimplemented_production_commands_are_not_accepted" storage="/home/ubuntu/dzk/gaode/repo/backend/tests/inspection.host.tests/bin/release/net10.0/inspection.host.tests.dll" id="2a8f7648-ef84-6e37-0f57-0e38966b2e99">
      <Execution id="926ecac9-af3d-4d05-bffa-95090b61b426" />
      <TestMethod codeBase="/home/ubuntu/dzk/gaode/repo/backend/tests/Inspection.Host.Tests/bin/Release/net10.0/Inspection.Host.Tests.dll" adapterTypeName="executor://xunit/VsTestRunner3/netcore/" className="Inspection.Host.Tests.HostContractTests" name="Unimplemented_production_commands_are_not_accepted" />
    </UnitTest>
  </TestDefinitions>
  <TestEntries>
    <TestEntry testId="2a8f7648-ef84-6e37-0f57-0e38966b2e99" executionId="926ecac9-af3d-4d05-bffa-95090b61b426" testListId="8c84fa94-04c1-424b-9868-57a2d4851a1d" />
    <TestEntry testId="f4f98c95-32ac-dcff-bd91-5d674f53d221" executionId="524501de-5cb9-48cb-b57a-9d400634e5e8" testListId="8c84fa94-04c1-424b-9868-57a2d4851a1d" />
    <TestEntry testId="25f863f5-c00b-f79c-c492-3bcd5d7f1509" executionId="341a7842-a163-4c3f-8b96-9ef32828b4d8" testListId="8c84fa94-04c1-424b-9868-57a2d4851a1d" />
    <TestEntry testId="fb17721e-66a3-c8a8-fb7c-882561687322" executionId="c29c0b60-0979-41c4-8efd-9d3c77f0387d" testListId="8c84fa94-04c1-424b-9868-57a2d4851a1d" />
  </TestEntries>
  <TestLists>
    <TestList name="Results Not in a List" id="8c84fa94-04c1-424b-9868-57a2d4851a1d" />
    <TestList name="All Loaded Results" id="19431567-8539-422a-85d7-44ee4e166bda" />
  </TestLists>
  <ResultSummary outcome="Completed">
    <Counters total="4" executed="4" passed="4" failed="0" error="0" timeout="0" aborted="0" inconclusive="0" passedButRunAborted="0" notRunnable="0" notExecuted="0" disconnected="0" warning="0" completed="0" inProgress="0" pending="0" />
    <Output>
      <StdOut>[xUnit.net 00:00:00.00] xUnit.net VSTest Adapter v3.1.5+1b188a7b0a (64-bit .NET 10.0.12)
[xUnit.net 00:00:00.14]   Discovering: Inspection.Host.Tests
[xUnit.net 00:00:00.20]   Discovered:  Inspection.Host.Tests
[xUnit.net 00:00:00.34]   Starting:    Inspection.Host.Tests
info: Microsoft.Hosting.Lifetime[14]
      Now listening on: http://127.0.0.1:5000
info: Microsoft.Hosting.Lifetime[0]
      Application started. Press Ctrl+C to shut down.
info: Microsoft.Hosting.Lifetime[0]
      Hosting environment: Development
info: Microsoft.Hosting.Lifetime[0]
      Content root path: /home/ubuntu/dzk/gaode/repo/backend/src/Inspection.Host
info: Microsoft.Hosting.Lifetime[0]
      Application is shutting down...
[xUnit.net 00:00:01.57]   Finished:    Inspection.Host.Tests
</StdOut>
    </Output>
  </ResultSummary>
</TestRun>