<?xml version="1.0" encoding="utf-8"?>
<TestRun id="fdb7d619-6bff-43dc-a101-a15fd5993639" name="@VM-0-12-ubuntu 2026-09-17 12:22:47" xmlns="http://microsoft.com/schemas/VisualStudio/TeamTest/2010">
  <Times creation="2026-09-17T12:22:47.4258950+08:00" queuing="2026-09-17T12:22:47.4258951+08:00" start="2026-09-17T12:22:45.1070712+08:00" finish="2026-09-17T12:22:48.3027007+08:00" />
  <TestSettings name="default" id="3987edc6-c237-470a-8ad5-82b73772f11d">
    <Deployment runDeploymentRoot="_VM-0-12-ubuntu_2026-09-17_12_22_47" />
  </TestSettings>
  <Results>
    <UnitTestResult executionId="7c49b085-544f-4eab-89b5-519a61bc8a6a" testId="9f7e0c76-a174-1a15-c890-e689cb5115b4" testName="Inspection.Application.Tests.TrayWorkflowTests.Full_framework_order_preserves_part_identity_and_blocks_old_coordinates" computerName="VM-0-12-ubuntu" duration="00:00:00.0842482" startTime="2026-09-17T12:22:47.3082238+08:00" endTime="2026-09-17T12:22:47.3327558+08:00" testType="13cdc9d9-ddb5-4fa4-a97d-d965ccfc6d4b" outcome="Passed" testListId="8c84fa94-04c1-424b-9868-57a2d4851a1d" relativeResultsDirectory="7c49b085-544f-4eab-89b5-519a61bc8a6a" />
    <UnitTestResult executionId="a55d7714-8bd7-49bd-96a5-133971e640d5" testId="87295e7e-6907-9497-82e2-2da81b5af718" testName="Inspection.Application.Tests.MotionExecutionLaneTests.Lost_event_sink_stops_admitting_motion_and_exposes_failure" computerName="VM-0-12-ubuntu" duration="00:00:00.1216139" startTime="2026-09-17T12:22:46.9237808+08:00" endTime="2026-09-17T12:22:47.0768939+08:00" testType="13cdc9d9-ddb5-4fa4-a97d-d965ccfc6d4b" outcome="Passed" testListId="8c84fa94-04c1-424b-9868-57a2d4851a1d" relativeResultsDirectory="a55d7714-8bd7-49bd-96a5-133971e640d5" />
    <UnitTestResult executionId="01126c37-e673-4ac7-9f1f-5f570662910d" testId="0f9858e2-5f49-cc2a-dacd-447f9692b775" testName="Inspection.Application.Tests.TrayWorkflowTests.Rescan_missing_original_slot_stops_before_next_face_motion" computerName="VM-0-12-ubuntu" duration="00:00:00.0327832" startTime="2026-09-17T12:22:47.1579317+08:00" endTime="2026-09-17T12:22:47.1660534+08:00" testType="13cdc9d9-ddb5-4fa4-a97d-d965ccfc6d4b" outcome="Passed" testListId="8c84fa94-04c1-424b-9868-57a2d4851a1d" relativeResultsDirectory="01126c37-e673-4ac7-9f1f-5f570662910d" />
    <UnitTestResult executionId="d6b17918-9ac8-403e-b729-d697af0e408a" testId="1b09d7ab-b19d-6e54-75a9-c87188a48f88" testName="Inspection.Application.Tests.MotionExecutionLaneTests.Motion_deadline_marks_unknown_without_replaying_device_command" computerName="VM-0-12-ubuntu" duration="00:00:00.6891446" startTime="2026-09-17T12:22:47.3728983+08:00" endTime="2026-09-17T12:22:48.0654443+08:00" testType="13cdc9d9-ddb5-4fa4-a97d-d965ccfc6d4b" outcome="Passed" testListId="8c84fa94-04c1-424b-9868-57a2d4851a1d" relativeResultsDirectory="d6b17918-9ac8-403e-b729-d697af0e408a" />
    <UnitTestResult executionId="99cae57d-db1b-40de-bd07-e849def5ca99" testId="60ab4128-0842-8361-7791-50dec1411ebf" testName="Inspection.Application.Tests.TrayWorkflowTests.Motion_acceptance_is_not_completion_and_unknown_never_retries" computerName="VM-0-12-ubuntu" duration="00:00:00.1079274" startTime="2026-09-17T12:22:47.0231406+08:00" endTime="2026-09-17T12:22:47.1511431+08:00" testType="13cdc9d9-ddb5-4fa4-a97d-d965ccfc6d4b" outcome="Passed" testListId="8c84fa94-04c1-424b-9868-57a2d4851a1d" relativeResultsDirectory="99cae57d-db1b-40de-bd07-e849def5ca99" />
    <UnitTestResult executionId="9080ad52-801f-4672-b4d3-01fcdd374ec6" testId="aac43464-20b7-afa9-4a52-a456e1f2b613" testName="Inspection.Application.Tests.TrayWorkflowTests.Mixed_missing_frame_and_algorithm_failure_finish_as_technical_facts" computerName="VM-0-12-ubuntu" duration="00:00:00.0381189" startTime="2026-09-17T12:22:47.1948367+08:00" endTime="2026-09-17T12:22:47.2310030+08:00" testType="13cdc9d9-ddb5-4fa4-a97d-d965ccfc6d4b" outcome="Passed" testListId="8c84fa94-04c1-424b-9868-57a2d4851a1d" relativeResultsDirectory="9080ad52-801f-4672-b4d3-01fcdd374ec6" />
    <UnitTestResult executionId="16d2bf89-4645-43b3-bc64-868e73804b71" testId="70b406b4-de7b-c1b2-7ae3-2a708c4d62b3" testName="Inspection.Application.Tests.TrayWorkflowTests.Preparation_requires_fresh_3d_f_code_and_unique_recipe" computerName="VM-0-12-ubuntu" duration="00:00:00.0025285" startTime="2026-09-17T12:22:47.1906831+08:00" endTime="2026-09-17T12:22:47.1946180+08:00" testType="13cdc9d9-ddb5-4fa4-a97d-d965ccfc6d4b" outcome="Passed" testListId="8c84fa94-04c1-424b-9868-57a2d4851a1d" relativeResultsDirectory="16d2bf89-4645-43b3-bc64-868e73804b71" />
    <UnitTestResult executionId="45c21e37-cd68-4335-9ed7-b327de1f02d1" testId="80f8c926-da83-72e7-48b5-e424f1cd214a" testName="Inspection.Application.Tests.TrayWorkflowTests.Old_algorithm_can_finish_after_motion_failure_and_deadline_closes_rest" computerName="VM-0-12-ubuntu" duration="00:00:00.0232153" startTime="2026-09-17T12:22:47.1665887+08:00" endTime="2026-09-17T12:22:47.1904065+08:00" testType="13cdc9d9-ddb5-4fa4-a97d-d965ccfc6d4b" outcome="Passed" testListId="8c84fa94-04c1-424b-9868-57a2d4851a1d" relativeResultsDirectory="45c21e37-cd68-4335-9ed7-b327de1f02d1" />
    <UnitTestResult executionId="54c80dba-90d7-42f1-9c2b-ccd3f35fa67f" testId="a7b6c916-12e9-aabb-43ee-a87909c17cde" testName="Inspection.Application.Tests.TrayWorkflowTests.Missing_frame_marks_dependency_failure_but_next_safe_capture_continues" computerName="VM-0-12-ubuntu" duration="00:00:00.0168873" startTime="2026-09-17T12:22:47.2312851+08:00" endTime="2026-09-17T12:22:47.2481527+08:00" testType="13cdc9d9-ddb5-4fa4-a97d-d965ccfc6d4b" outcome="Passed" testListId="8c84fa94-04c1-424b-9868-57a2d4851a1d" relativeResultsDirectory="54c80dba-90d7-42f1-9c2b-ccd3f35fa67f" />
    <UnitTestResult executionId="ffaeb654-db8d-45ee-be4f-2f77ce09b61b" testId="89699f93-7b7d-1478-eaeb-64879945495d" testName="Inspection.Application.Tests.MotionExecutionLaneTests.Single_lane_runs_only_one_device_action_and_unknown_blocks_queued_action" computerName="VM-0-12-ubuntu" duration="00:00:00.0194280" startTime="2026-09-17T12:22:48.0658682+08:00" endTime="2026-09-17T12:22:48.0864618+08:00" testType="13cdc9d9-ddb5-4fa4-a97d-d965ccfc6d4b" outcome="Passed" testListId="8c84fa94-04c1-424b-9868-57a2d4851a1d" relativeResultsDirectory="ffaeb654-db8d-45ee-be4f-2f77ce09b61b" />
    <UnitTestResult executionId="7e750a96-a1b8-4e44-9034-5b331e42d3a7" testId="2631571b-f4a5-a7e9-674c-ef62523eb36d" testName="Inspection.Application.Tests.MotionExecutionLaneTests.Two_completed_actions_are_serial_and_report_acceptance_before_completion" computerName="VM-0-12-ubuntu" duration="00:00:00.2810673" startTime="2026-09-17T12:22:47.1509938+08:00" endTime="2026-09-17T12:22:47.3726464+08:00" testType="13cdc9d9-ddb5-4fa4-a97d-d965ccfc6d4b" outcome="Passed" testListId="8c84fa94-04c1-424b-9868-57a2d4851a1d" relativeResultsDirectory="7e750a96-a1b8-4e44-9034-5b331e42d3a7" />
    <UnitTestResult executionId="e5bdb605-dc9a-4d81-aaa8-f8e242371544" testId="188ba48f-fdef-42a4-17a1-4f8078b364b5" testName="Inspection.Application.Tests.TrayWorkflowTests.Invalid_motion_outcome_cannot_be_treated_as_completion" computerName="VM-0-12-ubuntu" duration="00:00:00.0002502" startTime="2026-09-17T12:22:47.1663237+08:00" endTime="2026-09-17T12:22:47.1664061+08:00" testType="13cdc9d9-ddb5-4fa4-a97d-d965ccfc6d4b" outcome="Passed" testListId="8c84fa94-04c1-424b-9868-57a2d4851a1d" relativeResultsDirectory="e5bdb605-dc9a-4d81-aaa8-f8e242371544" />
  </Results>
  <TestDefinitions>
    <UnitTest name="Inspection.Application.Tests.MotionExecutionLaneTests.Single_lane_runs_only_one_device_action_and_unknown_blocks_queued_action" storage="/home/ubuntu/dzk/gaode/repo/backend/tests/inspection.application.tests/bin/release/net10.0/inspection.application.tests.dll" id="89699f93-7b7d-1478-eaeb-64879945495d">
      <Execution id="ffaeb654-db8d-45ee-be4f-2f77ce09b61b" />
      <TestMethod codeBase="/home/ubuntu/dzk/gaode/repo/backend/tests/Inspection.Application.Tests/bin/Release/net10.0/Inspection.Application.Tests.dll" adapterTypeName="executor://xunit/VsTestRunner3/netcore/" className="Inspection.Application.Tests.MotionExecutionLaneTests" name="Single_lane_runs_only_one_device_action_and_unknown_blocks_queued_action" />
    </UnitTest>
    <UnitTest name="Inspection.Application.Tests.TrayWorkflowTests.Rescan_missing_original_slot_stops_before_next_face_motion" storage="/home/ubuntu/dzk/gaode/repo/backend/tests/inspection.application.tests/bin/release/net10.0/inspection.application.tests.dll" id="0f9858e2-5f49-cc2a-dacd-447f9692b775">
      <Execution id="01126c37-e673-4ac7-9f1f-5f570662910d" />
      <TestMethod codeBase="/home/ubuntu/dzk/gaode/repo/backend/tests/Inspection.Application.Tests/bin/Release/net10.0/Inspection.Application.Tests.dll" adapterTypeName="executor://xunit/VsTestRunner3/netcore/" className="Inspection.Application.Tests.TrayWorkflowTests" name="Rescan_missing_original_slot_stops_before_next_face_motion" />
    </UnitTest>
    <UnitTest name="Inspection.Application.Tests.TrayWorkflowTests.Old_algorithm_can_finish_after_motion_failure_and_deadline_closes_rest" storage="/home/ubuntu/dzk/gaode/repo/backend/tests/inspection.application.tests/bin/release/net10.0/inspection.application.tests.dll" id="80f8c926-da83-72e7-48b5-e424f1cd214a">
      <Execution id="45c21e37-cd68-4335-9ed7-b327de1f02d1" />
      <TestMethod codeBase="/home/ubuntu/dzk/gaode/repo/backend/tests/Inspection.Application.Tests/bin/Release/net10.0/Inspection.Application.Tests.dll" adapterTypeName="executor://xunit/VsTestRunner3/netcore/" className="Inspection.Application.Tests.TrayWorkflowTests" name="Old_algorithm_can_finish_after_motion_failure_and_deadline_closes_rest" />
    </UnitTest>
    <UnitTest name="Inspection.Application.Tests.MotionExecutionLaneTests.Two_completed_actions_are_serial_and_report_acceptance_before_completion" storage="/home/ubuntu/dzk/gaode/repo/backend/tests/inspection.application.tests/bin/release/net10.0/inspection.application.tests.dll" id="2631571b-f4a5-a7e9-674c-ef62523eb36d">
      <Execution id="7e750a96-a1b8-4e44-9034-5b331e42d3a7" />
      <TestMethod codeBase="/home/ubuntu/dzk/gaode/repo/backend/tests/Inspection.Application.Tests/bin/Release/net10.0/Inspection.Application.Tests.dll" adapterTypeName="executor://xunit/VsTestRunner3/netcore/" className="Inspection.Application.Tests.MotionExecutionLaneTests" name="Two_completed_actions_are_serial_and_report_acceptance_before_completion" />
    </UnitTest>
    <UnitTest name="Inspection.Application.Tests.TrayWorkflowTests.Invalid_motion_outcome_cannot_be_treated_as_completion" storage="/home/ubuntu/dzk/gaode/repo/backend/tests/inspection.application.tests/bin/release/net10.0/inspection.application.tests.dll" id="188ba48f-fdef-42a4-17a1-4f8078b364b5">
      <Execution id="e5bdb605-dc9a-4d81-aaa8-f8e242371544" />
      <TestMethod codeBase="/home/ubuntu/dzk/gaode/repo/backend/tests/Inspection.Application.Tests/bin/Release/net10.0/Inspection.Application.Tests.dll" adapterTypeName="executor://xunit/VsTestRunner3/netcore/" className="Inspection.Application.Tests.TrayWorkflowTests" name="Invalid_motion_outcome_cannot_be_treated_as_completion" />
    </UnitTest>
    <UnitTest name="Inspection.Application.Tests.TrayWorkflowTests.Preparation_requires_fresh_3d_f_code_and_unique_recipe" storage="/home/ubuntu/dzk/gaode/repo/backend/tests/inspection.application.tests/bin/release/net10.0/inspection.application.tests.dll" id="70b406b4-de7b-c1b2-7ae3-2a708c4d62b3">
      <Execution id="16d2bf89-4645-43b3-bc64-868e73804b71" />
      <TestMethod codeBase="/home/ubuntu/dzk/gaode/repo/backend/tests/Inspection.Application.Tests/bin/Release/net10.0/Inspection.Application.Tests.dll" adapterTypeName="executor://xunit/VsTestRunner3/netcore/" className="Inspection.Application.Tests.TrayWorkflowTests" name="Preparation_requires_fresh_3d_f_code_and_unique_recipe" />
    </UnitTest>
    <UnitTest name="Inspection.Application.Tests.TrayWorkflowTests.Motion_acceptance_is_not_completion_and_unknown_never_retries" storage="/home/ubuntu/dzk/gaode/repo/backend/tests/inspection.application.tests/bin/release/net10.0/inspection.application.tests.dll" id="60ab4128-0842-8361-7791-50dec1411ebf">
      <Execution id="99cae57d-db1b-40de-bd07-e849def5ca99" />
      <TestMethod codeBase="/home/ubuntu/dzk/gaode/repo/backend/tests/Inspection.Application.Tests/bin/Release/net10.0/Inspection.Application.Tests.dll" adapterTypeName="executor://xunit/VsTestRunner3/netcore/" className="Inspection.Application.Tests.TrayWorkflowTests" name="Motion_acceptance_is_not_completion_and_unknown_never_retries" />
    </UnitTest>
    <UnitTest name="Inspection.Application.Tests.TrayWorkflowTests.Missing_frame_marks_dependency_failure_but_next_safe_capture_continues" storage="/home/ubuntu/dzk/gaode/repo/backend/tests/inspection.application.tests/bin/release/net10.0/inspection.application.tests.dll" id="a7b6c916-12e9-aabb-43ee-a87909c17cde">
      <Execution id="54c80dba-90d7-42f1-9c2b-ccd3f35fa67f" />
      <TestMethod codeBase="/home/ubuntu/dzk/gaode/repo/backend/tests/Inspection.Application.Tests/bin/Release/net10.0/Inspection.Application.Tests.dll" adapterTypeName="executor://xunit/VsTestRunner3/netcore/" className="Inspection.Application.Tests.TrayWorkflowTests" name="Missing_frame_marks_dependency_failure_but_next_safe_capture_continues" />
    </UnitTest>
    <UnitTest name="Inspection.Application.Tests.TrayWorkflowTests.Mixed_missing_frame_and_algorithm_failure_finish_as_technical_facts" storage="/home/ubuntu/dzk/gaode/repo/backend/tests/inspection.application.tests/bin/release/net10.0/inspection.application.tests.dll" id="aac43464-20b7-afa9-4a52-a456e1f2b613">
      <Execution id="9080ad52-801f-4672-b4d3-01fcdd374ec6" />
      <TestMethod codeBase="/home/ubuntu/dzk/gaode/repo/backend/tests/Inspection.Application.Tests/bin/Release/net10.0/Inspection.Application.Tests.dll" adapterTypeName="executor://xunit/VsTestRunner3/netcore/" className="Inspection.Application.Tests.TrayWorkflowTests" name="Mixed_missing_frame_and_algorithm_failure_finish_as_technical_facts" />
    </UnitTest>
    <UnitTest name="Inspection.Application.Tests.MotionExecutionLaneTests.Lost_event_sink_stops_admitting_motion_and_exposes_failure" storage="/home/ubuntu/dzk/gaode/repo/backend/tests/inspection.application.tests/bin/release/net10.0/inspection.application.tests.dll" id="87295e7e-6907-9497-82e2-2da81b5af718">
      <Execution id="a55d7714-8bd7-49bd-96a5-133971e640d5" />
      <TestMethod codeBase="/home/ubuntu/dzk/gaode/repo/backend/tests/Inspection.Application.Tests/bin/Release/net10.0/Inspection.Application.Tests.dll" adapterTypeName="executor://xunit/VsTestRunner3/netcore/" className="Inspection.Application.Tests.MotionExecutionLaneTests" name="Lost_event_sink_stops_admitting_motion_and_exposes_failure" />
    </UnitTest>
    <UnitTest name="Inspection.Application.Tests.MotionExecutionLaneTests.Motion_deadline_marks_unknown_without_replaying_device_command" storage="/home/ubuntu/dzk/gaode/repo/backend/tests/inspection.application.tests/bin/release/net10.0/inspection.application.tests.dll" id="1b09d7ab-b19d-6e54-75a9-c87188a48f88">
      <Execution id="d6b17918-9ac8-403e-b729-d697af0e408a" />
      <TestMethod codeBase="/home/ubuntu/dzk/gaode/repo/backend/tests/Inspection.Application.Tests/bin/Release/net10.0/Inspection.Application.Tests.dll" adapterTypeName="executor://xunit/VsTestRunner3/netcore/" className="Inspection.Application.Tests.MotionExecutionLaneTests" name="Motion_deadline_marks_unknown_without_replaying_device_command" />
    </UnitTest>
    <UnitTest name="Inspection.Application.Tests.TrayWorkflowTests.Full_framework_order_preserves_part_identity_and_blocks_old_coordinates" storage="/home/ubuntu/dzk/gaode/repo/backend/tests/inspection.application.tests/bin/release/net10.0/inspection.application.tests.dll" id="9f7e0c76-a174-1a15-c890-e689cb5115b4">
      <Execution id="7c49b085-544f-4eab-89b5-519a61bc8a6a" />
      <TestMethod codeBase="/home/ubuntu/dzk/gaode/repo/backend/tests/Inspection.Application.Tests/bin/Release/net10.0/Inspection.Application.Tests.dll" adapterTypeName="executor://xunit/VsTestRunner3/netcore/" className="Inspection.Application.Tests.TrayWorkflowTests" name="Full_framework_order_preserves_part_identity_and_blocks_old_coordinates" />
    </UnitTest>
  </TestDefinitions>
  <TestEntries>
    <TestEntry testId="9f7e0c76-a174-1a15-c890-e689cb5115b4" executionId="7c49b085-544f-4eab-89b5-519a61bc8a6a" testListId="8c84fa94-04c1-424b-9868-57a2d4851a1d" />
    <TestEntry testId="87295e7e-6907-9497-82e2-2da81b5af718" executionId="a55d7714-8bd7-49bd-96a5-133971e640d5" testListId="8c84fa94-04c1-424b-9868-57a2d4851a1d" />
    <TestEntry testId="0f9858e2-5f49-cc2a-dacd-447f9692b775" executionId="01126c37-e673-4ac7-9f1f-5f570662910d" testListId="8c84fa94-04c1-424b-9868-57a2d4851a1d" />
    <TestEntry testId="1b09d7ab-b19d-6e54-75a9-c87188a48f88" executionId="d6b17918-9ac8-403e-b729-d697af0e408a" testListId="8c84fa94-04c1-424b-9868-57a2d4851a1d" />
    <TestEntry testId="60ab4128-0842-8361-7791-50dec1411ebf" executionId="99cae57d-db1b-40de-bd07-e849def5ca99" testListId="8c84fa94-04c1-424b-9868-57a2d4851a1d" />
    <TestEntry testId="aac43464-20b7-afa9-4a52-a456e1f2b613" executionId="9080ad52-801f-4672-b4d3-01fcdd374ec6" testListId="8c84fa94-04c1-424b-9868-57a2d4851a1d" />
    <TestEntry testId="70b406b4-de7b-c1b2-7ae3-2a708c4d62b3" executionId="16d2bf89-4645-43b3-bc64-868e73804b71" testListId="8c84fa94-04c1-424b-9868-57a2d4851a1d" />
    <TestEntry testId="80f8c926-da83-72e7-48b5-e424f1cd214a" executionId="45c21e37-cd68-4335-9ed7-b327de1f02d1" testListId="8c84fa94-04c1-424b-9868-57a2d4851a1d" />
    <TestEntry testId="a7b6c916-12e9-aabb-43ee-a87909c17cde" executionId="54c80dba-90d7-42f1-9c2b-ccd3f35fa67f" testListId="8c84fa94-04c1-424b-9868-57a2d4851a1d" />
    <TestEntry testId="89699f93-7b7d-1478-eaeb-64879945495d" executionId="ffaeb654-db8d-45ee-be4f-2f77ce09b61b" testListId="8c84fa94-04c1-424b-9868-57a2d4851a1d" />
    <TestEntry testId="2631571b-f4a5-a7e9-674c-ef62523eb36d" executionId="7e750a96-a1b8-4e44-9034-5b331e42d3a7" testListId="8c84fa94-04c1-424b-9868-57a2d4851a1d" />
    <TestEntry testId="188ba48f-fdef-42a4-17a1-4f8078b364b5" executionId="e5bdb605-dc9a-4d81-aaa8-f8e242371544" testListId="8c84fa94-04c1-424b-9868-57a2d4851a1d" />
  </TestEntries>
  <TestLists>
    <TestList name="Results Not in a List" id="8c84fa94-04c1-424b-9868-57a2d4851a1d" />
    <TestList name="All Loaded Results" id="19431567-8539-422a-85d7-44ee4e166bda" />
  </TestLists>
  <ResultSummary outcome="Completed">
    <Counters total="12" executed="12" passed="12" failed="0" error="0" timeout="0" aborted="0" inconclusive="0" passedButRunAborted="0" notRunnable="0" notExecuted="0" disconnected="0" warning="0" completed="0" inProgress="0" pending="0" />
    <Output>
      <StdOut>[xUnit.net 00:00:00.01] xUnit.net VSTest Adapter v3.1.5+1b188a7b0a (64-bit .NET 10.0.12)
[xUnit.net 00:00:00.30]   Discovering: Inspection.Application.Tests
[xUnit.net 00:00:00.55]   Discovered:  Inspection.Application.Tests
[xUnit.net 00:00:00.66]   Starting:    Inspection.Application.Tests
[xUnit.net 00:00:01.96]   Finished:    Inspection.Application.Tests
</StdOut>
    </Output>
  </ResultSummary>
</TestRun>