<?xml version="1.0" encoding="utf-8"?>
<TestRun id="653d151b-e6ec-4304-bc72-5b56b5307a75" name="@VM-0-12-ubuntu 2026-09-17 11:43:42" xmlns="http://microsoft.com/schemas/VisualStudio/TeamTest/2010">
  <Times creation="2026-09-17T11:43:42.0877207+08:00" queuing="2026-09-17T11:43:42.0877208+08:00" start="2026-09-17T11:43:39.1524722+08:00" finish="2026-09-17T11:43:42.6097526+08:00" />
  <TestSettings name="default" id="81f43956-6a66-4af8-9dcd-1f01ad566666">
    <Deployment runDeploymentRoot="_VM-0-12-ubuntu_2026-09-17_11_43_42" />
  </TestSettings>
  <Results>
    <UnitTestResult executionId="03b42ac1-82d1-426b-800c-2664160d43ff" testId="ce32d085-4c98-f041-8c64-a85b5c013685" testName="Inspection.Infrastructure.Tests.ModbusTcpClientTests.Invalid_reply_closes_connection_and_does_not_retry(responseHex: &quot;0001000000050104020001&quot;)" computerName="VM-0-12-ubuntu" duration="00:00:00.0294980" startTime="2026-09-17T11:43:42.0461406+08:00" endTime="2026-09-17T11:43:42.0805802+08:00" testType="13cdc9d9-ddb5-4fa4-a97d-d965ccfc6d4b" outcome="Passed" testListId="8c84fa94-04c1-424b-9868-57a2d4851a1d" relativeResultsDirectory="03b42ac1-82d1-426b-800c-2664160d43ff" />
    <UnitTestResult executionId="080c325a-65f8-4308-a2e6-edee39dd7c1f" testId="59de9b32-2b99-1016-d8fb-0d19a890b029" testName="Inspection.Infrastructure.Tests.ModbusTcpClientTests.Invalid_reply_closes_connection_and_does_not_retry(responseHex: &quot;0001000100050103020001&quot;)" computerName="VM-0-12-ubuntu" duration="00:00:00.0310748" startTime="2026-09-17T11:43:42.0117746+08:00" endTime="2026-09-17T11:43:42.0456992+08:00" testType="13cdc9d9-ddb5-4fa4-a97d-d965ccfc6d4b" outcome="Passed" testListId="8c84fa94-04c1-424b-9868-57a2d4851a1d" relativeResultsDirectory="080c325a-65f8-4308-a2e6-edee39dd7c1f" />
    <UnitTestResult executionId="07bf9718-59c7-4f14-ad2c-8c23ee7bb67c" testId="80b29dc6-86f4-6565-7e24-3a159ec54cf6" testName="Inspection.Infrastructure.Tests.ModbusTcpClientTests.Invalid_reply_closes_connection_and_does_not_retry(responseHex: &quot;00010000010001&quot;)" computerName="VM-0-12-ubuntu" duration="00:00:00.7677597" startTime="2026-09-17T11:43:41.1448571+08:00" endTime="2026-09-17T11:43:41.9149730+08:00" testType="13cdc9d9-ddb5-4fa4-a97d-d965ccfc6d4b" outcome="Passed" testListId="8c84fa94-04c1-424b-9868-57a2d4851a1d" relativeResultsDirectory="07bf9718-59c7-4f14-ad2c-8c23ee7bb67c" />
    <UnitTestResult executionId="b9dc0528-ea05-45c8-80c0-80c8a64b6be4" testId="26be41f3-8124-6519-65db-98669a37faff" testName="Inspection.Infrastructure.Tests.ModbusTcpClientTests.Invalid_reply_closes_connection_and_does_not_retry(responseHex: &quot;0002000000050103020001&quot;)" computerName="VM-0-12-ubuntu" duration="00:00:00.0541973" startTime="2026-09-17T11:43:41.1315854+08:00" endTime="2026-09-17T11:43:41.1438467+08:00" testType="13cdc9d9-ddb5-4fa4-a97d-d965ccfc6d4b" outcome="Passed" testListId="8c84fa94-04c1-424b-9868-57a2d4851a1d" relativeResultsDirectory="b9dc0528-ea05-45c8-80c0-80c8a64b6be4" />
    <UnitTestResult executionId="7333bf0e-6dee-4434-854b-a66a4bccab56" testId="06169a33-e420-2d3a-6b1a-5bbd8ff7b909" testName="Inspection.Infrastructure.Tests.ModbusTcpClientTests.Reads_known_registers_with_zero_based_address_and_fragmented_response" computerName="VM-0-12-ubuntu" duration="00:00:00.0260003" startTime="2026-09-17T11:43:42.2985418+08:00" endTime="2026-09-17T11:43:42.3274977+08:00" testType="13cdc9d9-ddb5-4fa4-a97d-d965ccfc6d4b" outcome="Passed" testListId="8c84fa94-04c1-424b-9868-57a2d4851a1d" relativeResultsDirectory="7333bf0e-6dee-4434-854b-a66a4bccab56" />
    <UnitTestResult executionId="e3053cb1-9d0e-48c9-aa27-f7f4e141e854" testId="ecf5f0c5-b191-0f43-226a-d07ba758c2ce" testName="Inspection.Infrastructure.Tests.ModbusTcpClientTests.Invalid_reply_closes_connection_and_does_not_retry(responseHex: &quot;0001000000050203020001&quot;)" computerName="VM-0-12-ubuntu" duration="00:00:00.0376803" startTime="2026-09-17T11:43:42.0808446+08:00" endTime="2026-09-17T11:43:42.1212911+08:00" testType="13cdc9d9-ddb5-4fa4-a97d-d965ccfc6d4b" outcome="Passed" testListId="8c84fa94-04c1-424b-9868-57a2d4851a1d" relativeResultsDirectory="e3053cb1-9d0e-48c9-aa27-f7f4e141e854" />
    <UnitTestResult executionId="2454ed26-e40d-4bc9-b268-e85396113110" testId="630c2255-4140-6586-14dc-945616aeaeab" testName="Inspection.Infrastructure.Tests.ModbusTcpClientTests.Invalid_reply_closes_connection_and_does_not_retry(responseHex: &quot;00010000000501030200&quot;)" computerName="VM-0-12-ubuntu" duration="00:00:00.0295250" startTime="2026-09-17T11:43:41.9468152+08:00" endTime="2026-09-17T11:43:41.9797852+08:00" testType="13cdc9d9-ddb5-4fa4-a97d-d965ccfc6d4b" outcome="Passed" testListId="8c84fa94-04c1-424b-9868-57a2d4851a1d" relativeResultsDirectory="2454ed26-e40d-4bc9-b268-e85396113110" />
    <UnitTestResult executionId="1a934430-fc79-4955-9f52-c9de8fbcf8ab" testId="9e432072-1283-faa6-bfde-78b1bc4434fa" testName="Inspection.Infrastructure.Tests.ModbusTcpClientTests.Invalid_reply_closes_connection_and_does_not_retry(responseHex: &quot;000100000003018302&quot;)" computerName="VM-0-12-ubuntu" duration="00:00:00.0303345" startTime="2026-09-17T11:43:41.9801444+08:00" endTime="2026-09-17T11:43:42.0114570+08:00" testType="13cdc9d9-ddb5-4fa4-a97d-d965ccfc6d4b" outcome="Passed" testListId="8c84fa94-04c1-424b-9868-57a2d4851a1d" relativeResultsDirectory="1a934430-fc79-4955-9f52-c9de8fbcf8ab" />
    <UnitTestResult executionId="c196f279-e0ab-4504-8057-7f2458a61423" testId="ad9613af-fa2e-66ff-8a0e-b9e125e0246c" testName="Inspection.Infrastructure.Tests.ModbusTcpClientTests.Invalid_reply_closes_connection_and_does_not_retry(responseHex: &quot;0001000000050103010001&quot;)" computerName="VM-0-12-ubuntu" duration="00:00:00.0294329" startTime="2026-09-17T11:43:41.9154549+08:00" endTime="2026-09-17T11:43:41.9464760+08:00" testType="13cdc9d9-ddb5-4fa4-a97d-d965ccfc6d4b" outcome="Passed" testListId="8c84fa94-04c1-424b-9868-57a2d4851a1d" relativeResultsDirectory="c196f279-e0ab-4504-8057-7f2458a61423" />
    <UnitTestResult executionId="548a9f42-7691-4f45-9b4a-23e129314386" testId="cb5acc6c-6e69-c6a5-4e08-c9c4a793af47" testName="Inspection.Infrastructure.Tests.ModbusTcpClientTests.Writes_known_coordinates_and_checks_echo" computerName="VM-0-12-ubuntu" duration="00:00:00.0568341" startTime="2026-09-17T11:43:40.9991659+08:00" endTime="2026-09-17T11:43:41.0850069+08:00" testType="13cdc9d9-ddb5-4fa4-a97d-d965ccfc6d4b" outcome="Passed" testListId="8c84fa94-04c1-424b-9868-57a2d4851a1d" relativeResultsDirectory="548a9f42-7691-4f45-9b4a-23e129314386" />
    <UnitTestResult executionId="65ea60fc-a3fa-47a6-b99b-5c5d9f6d1938" testId="036b047d-cb0a-05b5-35ab-72d386e44ef2" testName="Inspection.Infrastructure.Tests.ModbusTcpClientTests.Stalled_reply_is_bounded_and_connection_cannot_be_reused" computerName="VM-0-12-ubuntu" duration="00:00:00.1705441" startTime="2026-09-17T11:43:42.1217502+08:00" endTime="2026-09-17T11:43:42.2981943+08:00" testType="13cdc9d9-ddb5-4fa4-a97d-d965ccfc6d4b" outcome="Passed" testListId="8c84fa94-04c1-424b-9868-57a2d4851a1d" relativeResultsDirectory="65ea60fc-a3fa-47a6-b99b-5c5d9f6d1938" />
  </Results>
  <TestDefinitions>
    <UnitTest name="Inspection.Infrastructure.Tests.ModbusTcpClientTests.Invalid_reply_closes_connection_and_does_not_retry(responseHex: &quot;00010000010001&quot;)" storage="/home/ubuntu/dzk/gaode/repo/backend/tests/inspection.infrastructure.tests/bin/release/net10.0/inspection.infrastructure.tests.dll" id="80b29dc6-86f4-6565-7e24-3a159ec54cf6">
      <Execution id="07bf9718-59c7-4f14-ad2c-8c23ee7bb67c" />
      <TestMethod codeBase="/home/ubuntu/dzk/gaode/repo/backend/tests/Inspection.Infrastructure.Tests/bin/Release/net10.0/Inspection.Infrastructure.Tests.dll" adapterTypeName="executor://xunit/VsTestRunner3/netcore/" className="Inspection.Infrastructure.Tests.ModbusTcpClientTests" name="Invalid_reply_closes_connection_and_does_not_retry" />
    </UnitTest>
    <UnitTest name="Inspection.Infrastructure.Tests.ModbusTcpClientTests.Invalid_reply_closes_connection_and_does_not_retry(responseHex: &quot;0001000100050103020001&quot;)" storage="/home/ubuntu/dzk/gaode/repo/backend/tests/inspection.infrastructure.tests/bin/release/net10.0/inspection.infrastructure.tests.dll" id="59de9b32-2b99-1016-d8fb-0d19a890b029">
      <Execution id="080c325a-65f8-4308-a2e6-edee39dd7c1f" />
      <TestMethod codeBase="/home/ubuntu/dzk/gaode/repo/backend/tests/Inspection.Infrastructure.Tests/bin/Release/net10.0/Inspection.Infrastructure.Tests.dll" adapterTypeName="executor://xunit/VsTestRunner3/netcore/" className="Inspection.Infrastructure.Tests.ModbusTcpClientTests" name="Invalid_reply_closes_connection_and_does_not_retry" />
    </UnitTest>
    <UnitTest name="Inspection.Infrastructure.Tests.ModbusTcpClientTests.Invalid_reply_closes_connection_and_does_not_retry(responseHex: &quot;0002000000050103020001&quot;)" storage="/home/ubuntu/dzk/gaode/repo/backend/tests/inspection.infrastructure.tests/bin/release/net10.0/inspection.infrastructure.tests.dll" id="26be41f3-8124-6519-65db-98669a37faff">
      <Execution id="b9dc0528-ea05-45c8-80c0-80c8a64b6be4" />
      <TestMethod codeBase="/home/ubuntu/dzk/gaode/repo/backend/tests/Inspection.Infrastructure.Tests/bin/Release/net10.0/Inspection.Infrastructure.Tests.dll" adapterTypeName="executor://xunit/VsTestRunner3/netcore/" className="Inspection.Infrastructure.Tests.ModbusTcpClientTests" name="Invalid_reply_closes_connection_and_does_not_retry" />
    </UnitTest>
    <UnitTest name="Inspection.Infrastructure.Tests.ModbusTcpClientTests.Writes_known_coordinates_and_checks_echo" storage="/home/ubuntu/dzk/gaode/repo/backend/tests/inspection.infrastructure.tests/bin/release/net10.0/inspection.infrastructure.tests.dll" id="cb5acc6c-6e69-c6a5-4e08-c9c4a793af47">
      <Execution id="548a9f42-7691-4f45-9b4a-23e129314386" />
      <TestMethod codeBase="/home/ubuntu/dzk/gaode/repo/backend/tests/Inspection.Infrastructure.Tests/bin/Release/net10.0/Inspection.Infrastructure.Tests.dll" adapterTypeName="executor://xunit/VsTestRunner3/netcore/" className="Inspection.Infrastructure.Tests.ModbusTcpClientTests" name="Writes_known_coordinates_and_checks_echo" />
    </UnitTest>
    <UnitTest name="Inspection.Infrastructure.Tests.ModbusTcpClientTests.Stalled_reply_is_bounded_and_connection_cannot_be_reused" storage="/home/ubuntu/dzk/gaode/repo/backend/tests/inspection.infrastructure.tests/bin/release/net10.0/inspection.infrastructure.tests.dll" id="036b047d-cb0a-05b5-35ab-72d386e44ef2">
      <Execution id="65ea60fc-a3fa-47a6-b99b-5c5d9f6d1938" />
      <TestMethod codeBase="/home/ubuntu/dzk/gaode/repo/backend/tests/Inspection.Infrastructure.Tests/bin/Release/net10.0/Inspection.Infrastructure.Tests.dll" adapterTypeName="executor://xunit/VsTestRunner3/netcore/" className="Inspection.Infrastructure.Tests.ModbusTcpClientTests" name="Stalled_reply_is_bounded_and_connection_cannot_be_reused" />
    </UnitTest>
    <UnitTest name="Inspection.Infrastructure.Tests.ModbusTcpClientTests.Invalid_reply_closes_connection_and_does_not_retry(responseHex: &quot;0001000000050203020001&quot;)" storage="/home/ubuntu/dzk/gaode/repo/backend/tests/inspection.infrastructure.tests/bin/release/net10.0/inspection.infrastructure.tests.dll" id="ecf5f0c5-b191-0f43-226a-d07ba758c2ce">
      <Execution id="e3053cb1-9d0e-48c9-aa27-f7f4e141e854" />
      <TestMethod codeBase="/home/ubuntu/dzk/gaode/repo/backend/tests/Inspection.Infrastructure.Tests/bin/Release/net10.0/Inspection.Infrastructure.Tests.dll" adapterTypeName="executor://xunit/VsTestRunner3/netcore/" className="Inspection.Infrastructure.Tests.ModbusTcpClientTests" name="Invalid_reply_closes_connection_and_does_not_retry" />
    </UnitTest>
    <UnitTest name="Inspection.Infrastructure.Tests.ModbusTcpClientTests.Invalid_reply_closes_connection_and_does_not_retry(responseHex: &quot;0001000000050104020001&quot;)" storage="/home/ubuntu/dzk/gaode/repo/backend/tests/inspection.infrastructure.tests/bin/release/net10.0/inspection.infrastructure.tests.dll" id="ce32d085-4c98-f041-8c64-a85b5c013685">
      <Execution id="03b42ac1-82d1-426b-800c-2664160d43ff" />
      <TestMethod codeBase="/home/ubuntu/dzk/gaode/repo/backend/tests/Inspection.Infrastructure.Tests/bin/Release/net10.0/Inspection.Infrastructure.Tests.dll" adapterTypeName="executor://xunit/VsTestRunner3/netcore/" className="Inspection.Infrastructure.Tests.ModbusTcpClientTests" name="Invalid_reply_closes_connection_and_does_not_retry" />
    </UnitTest>
    <UnitTest name="Inspection.Infrastructure.Tests.ModbusTcpClientTests.Invalid_reply_closes_connection_and_does_not_retry(responseHex: &quot;000100000003018302&quot;)" storage="/home/ubuntu/dzk/gaode/repo/backend/tests/inspection.infrastructure.tests/bin/release/net10.0/inspection.infrastructure.tests.dll" id="9e432072-1283-faa6-bfde-78b1bc4434fa">
      <Execution id="1a934430-fc79-4955-9f52-c9de8fbcf8ab" />
      <TestMethod codeBase="/home/ubuntu/dzk/gaode/repo/backend/tests/Inspection.Infrastructure.Tests/bin/Release/net10.0/Inspection.Infrastructure.Tests.dll" adapterTypeName="executor://xunit/VsTestRunner3/netcore/" className="Inspection.Infrastructure.Tests.ModbusTcpClientTests" name="Invalid_reply_closes_connection_and_does_not_retry" />
    </UnitTest>
    <UnitTest name="Inspection.Infrastructure.Tests.ModbusTcpClientTests.Reads_known_registers_with_zero_based_address_and_fragmented_response" storage="/home/ubuntu/dzk/gaode/repo/backend/tests/inspection.infrastructure.tests/bin/release/net10.0/inspection.infrastructure.tests.dll" id="06169a33-e420-2d3a-6b1a-5bbd8ff7b909">
      <Execution id="7333bf0e-6dee-4434-854b-a66a4bccab56" />
      <TestMethod codeBase="/home/ubuntu/dzk/gaode/repo/backend/tests/Inspection.Infrastructure.Tests/bin/Release/net10.0/Inspection.Infrastructure.Tests.dll" adapterTypeName="executor://xunit/VsTestRunner3/netcore/" className="Inspection.Infrastructure.Tests.ModbusTcpClientTests" name="Reads_known_registers_with_zero_based_address_and_fragmented_response" />
    </UnitTest>
    <UnitTest name="Inspection.Infrastructure.Tests.ModbusTcpClientTests.Invalid_reply_closes_connection_and_does_not_retry(responseHex: &quot;00010000000501030200&quot;)" storage="/home/ubuntu/dzk/gaode/repo/backend/tests/inspection.infrastructure.tests/bin/release/net10.0/inspection.infrastructure.tests.dll" id="630c2255-4140-6586-14dc-945616aeaeab">
      <Execution id="2454ed26-e40d-4bc9-b268-e85396113110" />
      <TestMethod codeBase="/home/ubuntu/dzk/gaode/repo/backend/tests/Inspection.Infrastructure.Tests/bin/Release/net10.0/Inspection.Infrastructure.Tests.dll" adapterTypeName="executor://xunit/VsTestRunner3/netcore/" className="Inspection.Infrastructure.Tests.ModbusTcpClientTests" name="Invalid_reply_closes_connection_and_does_not_retry" />
    </UnitTest>
    <UnitTest name="Inspection.Infrastructure.Tests.ModbusTcpClientTests.Invalid_reply_closes_connection_and_does_not_retry(responseHex: &quot;0001000000050103010001&quot;)" storage="/home/ubuntu/dzk/gaode/repo/backend/tests/inspection.infrastructure.tests/bin/release/net10.0/inspection.infrastructure.tests.dll" id="ad9613af-fa2e-66ff-8a0e-b9e125e0246c">
      <Execution id="c196f279-e0ab-4504-8057-7f2458a61423" />
      <TestMethod codeBase="/home/ubuntu/dzk/gaode/repo/backend/tests/Inspection.Infrastructure.Tests/bin/Release/net10.0/Inspection.Infrastructure.Tests.dll" adapterTypeName="executor://xunit/VsTestRunner3/netcore/" className="Inspection.Infrastructure.Tests.ModbusTcpClientTests" name="Invalid_reply_closes_connection_and_does_not_retry" />
    </UnitTest>
  </TestDefinitions>
  <TestEntries>
    <TestEntry testId="ce32d085-4c98-f041-8c64-a85b5c013685" executionId="03b42ac1-82d1-426b-800c-2664160d43ff" testListId="8c84fa94-04c1-424b-9868-57a2d4851a1d" />
    <TestEntry testId="59de9b32-2b99-1016-d8fb-0d19a890b029" executionId="080c325a-65f8-4308-a2e6-edee39dd7c1f" testListId="8c84fa94-04c1-424b-9868-57a2d4851a1d" />
    <TestEntry testId="80b29dc6-86f4-6565-7e24-3a159ec54cf6" executionId="07bf9718-59c7-4f14-ad2c-8c23ee7bb67c" testListId="8c84fa94-04c1-424b-9868-57a2d4851a1d" />
    <TestEntry testId="26be41f3-8124-6519-65db-98669a37faff" executionId="b9dc0528-ea05-45c8-80c0-80c8a64b6be4" testListId="8c84fa94-04c1-424b-9868-57a2d4851a1d" />
    <TestEntry testId="06169a33-e420-2d3a-6b1a-5bbd8ff7b909" executionId="7333bf0e-6dee-4434-854b-a66a4bccab56" testListId="8c84fa94-04c1-424b-9868-57a2d4851a1d" />
    <TestEntry testId="ecf5f0c5-b191-0f43-226a-d07ba758c2ce" executionId="e3053cb1-9d0e-48c9-aa27-f7f4e141e854" testListId="8c84fa94-04c1-424b-9868-57a2d4851a1d" />
    <TestEntry testId="630c2255-4140-6586-14dc-945616aeaeab" executionId="2454ed26-e40d-4bc9-b268-e85396113110" testListId="8c84fa94-04c1-424b-9868-57a2d4851a1d" />
    <TestEntry testId="9e432072-1283-faa6-bfde-78b1bc4434fa" executionId="1a934430-fc79-4955-9f52-c9de8fbcf8ab" testListId="8c84fa94-04c1-424b-9868-57a2d4851a1d" />
    <TestEntry testId="ad9613af-fa2e-66ff-8a0e-b9e125e0246c" executionId="c196f279-e0ab-4504-8057-7f2458a61423" testListId="8c84fa94-04c1-424b-9868-57a2d4851a1d" />
    <TestEntry testId="cb5acc6c-6e69-c6a5-4e08-c9c4a793af47" executionId="548a9f42-7691-4f45-9b4a-23e129314386" testListId="8c84fa94-04c1-424b-9868-57a2d4851a1d" />
    <TestEntry testId="036b047d-cb0a-05b5-35ab-72d386e44ef2" executionId="65ea60fc-a3fa-47a6-b99b-5c5d9f6d1938" testListId="8c84fa94-04c1-424b-9868-57a2d4851a1d" />
  </TestEntries>
  <TestLists>
    <TestList name="Results Not in a List" id="8c84fa94-04c1-424b-9868-57a2d4851a1d" />
    <TestList name="All Loaded Results" id="19431567-8539-422a-85d7-44ee4e166bda" />
  </TestLists>
  <ResultSummary outcome="Completed">
    <Counters total="11" executed="11" passed="11" failed="0" error="0" timeout="0" aborted="0" inconclusive="0" passedButRunAborted="0" notRunnable="0" notExecuted="0" disconnected="0" warning="0" completed="0" inProgress="0" pending="0" />
    <Output>
      <StdOut>[xUnit.net 00:00:00.01] xUnit.net VSTest Adapter v3.1.5+1b188a7b0a (64-bit .NET 10.0.12)
[xUnit.net 00:00:00.42]   Discovering: Inspection.Infrastructure.Tests
[xUnit.net 00:00:00.69]   Discovered:  Inspection.Infrastructure.Tests
[xUnit.net 00:00:00.75]   Starting:    Inspection.Infrastructure.Tests
[xUnit.net 00:00:02.19]   Finished:    Inspection.Infrastructure.Tests
</StdOut>
    </Output>
  </ResultSummary>
</TestRun>