<?xml version="1.0" encoding="utf-8"?>
<TestRun id="64acac49-4c43-4db5-8328-6a0daa936c6f" name="@VM-0-12-ubuntu 2026-09-17 11:43:38" xmlns="http://microsoft.com/schemas/VisualStudio/TeamTest/2010">
  <Times creation="2026-09-17T11:43:38.5056897+08:00" queuing="2026-09-17T11:43:38.5056898+08:00" start="2026-09-17T11:43:37.2028390+08:00" finish="2026-09-17T11:43:38.6252811+08:00" />
  <TestSettings name="default" id="1c697898-7222-4678-b4a8-cc4ecf9df70a">
    <Deployment runDeploymentRoot="_VM-0-12-ubuntu_2026-09-17_11_43_38" />
  </TestSettings>
  <Results>
    <UnitTestResult executionId="5d389a6c-9649-4499-b325-c6b76d662a5f" testId="ebdb82b3-29dd-6b97-1525-193c86c166ae" testName="Inspection.Domain.Tests.OrdinaryTrayPlannerTests.Rejects_invalid_part_identifiers(invalid: null)" computerName="VM-0-12-ubuntu" duration="00:00:00.0000220" startTime="2026-09-17T11:43:38.4202455+08:00" endTime="2026-09-17T11:43:38.4203539+08:00" testType="13cdc9d9-ddb5-4fa4-a97d-d965ccfc6d4b" outcome="Passed" testListId="8c84fa94-04c1-424b-9868-57a2d4851a1d" relativeResultsDirectory="5d389a6c-9649-4499-b325-c6b76d662a5f" />
    <UnitTestResult executionId="15898212-9661-4825-85a8-bbd3d4010bc8" testId="891e82af-0fb3-29ab-962f-47c0c037d4a8" testName="Inspection.Domain.Tests.OrdinaryTrayPlannerTests.Rejects_invalid_part_identifiers(invalid: &quot;p1 &quot;)" computerName="VM-0-12-ubuntu" duration="00:00:00.0000307" startTime="2026-09-17T11:43:38.4199721+08:00" endTime="2026-09-17T11:43:38.4200720+08:00" testType="13cdc9d9-ddb5-4fa4-a97d-d965ccfc6d4b" outcome="Passed" testListId="8c84fa94-04c1-424b-9868-57a2d4851a1d" relativeResultsDirectory="15898212-9661-4825-85a8-bbd3d4010bc8" />
    <UnitTestResult executionId="5c15ebc8-0043-480c-99b8-4e2c59b9ebb3" testId="5888c5b7-1fdd-9d82-4f90-76fd84500508" testName="Inspection.Domain.Tests.OrdinaryTrayPlannerTests.Rejects_invalid_part_identifiers(invalid: &quot; &quot;)" computerName="VM-0-12-ubuntu" duration="00:00:00.0002898" startTime="2026-09-17T11:43:38.4197386+08:00" endTime="2026-09-17T11:43:38.4198170+08:00" testType="13cdc9d9-ddb5-4fa4-a97d-d965ccfc6d4b" outcome="Passed" testListId="8c84fa94-04c1-424b-9868-57a2d4851a1d" relativeResultsDirectory="5c15ebc8-0043-480c-99b8-4e2c59b9ebb3" />
    <UnitTestResult executionId="cc2a9cd5-5fc1-4317-b232-aa2cc331a2a6" testId="a0b9777d-1b70-5926-a799-adf6326fff4e" testName="Inspection.Domain.Tests.OrdinaryTrayPlannerTests.Rejects_invalid_face_identifiers(invalid: &quot;&quot;)" computerName="VM-0-12-ubuntu" duration="00:00:00.0001625" startTime="2026-09-17T11:43:38.4212223+08:00" endTime="2026-09-17T11:43:38.4213447+08:00" testType="13cdc9d9-ddb5-4fa4-a97d-d965ccfc6d4b" outcome="Passed" testListId="8c84fa94-04c1-424b-9868-57a2d4851a1d" relativeResultsDirectory="cc2a9cd5-5fc1-4317-b232-aa2cc331a2a6" />
    <UnitTestResult executionId="36468f3d-f3b0-4f5c-82f4-c3383726ae3f" testId="9f820417-8f0c-d967-e6b9-a93c07497e41" testName="Inspection.Domain.Tests.OrdinaryTrayPlannerTests.Rejects_invalid_part_identifiers(invalid: &quot; p1&quot;)" computerName="VM-0-12-ubuntu" duration="00:00:00.0000181" startTime="2026-09-17T11:43:38.4205358+08:00" endTime="2026-09-17T11:43:38.4206211+08:00" testType="13cdc9d9-ddb5-4fa4-a97d-d965ccfc6d4b" outcome="Passed" testListId="8c84fa94-04c1-424b-9868-57a2d4851a1d" relativeResultsDirectory="36468f3d-f3b0-4f5c-82f4-c3383726ae3f" />
    <UnitTestResult executionId="7532fe7c-40cd-4b69-876d-a8c7c9045678" testId="eacdae0b-5649-d855-d8b3-273d0c51cec0" testName="Inspection.Domain.Tests.OrdinaryTrayPlannerTests.Batches_whole_tray_by_camera_and_preserves_identity_across_faces" computerName="VM-0-12-ubuntu" duration="00:00:00.0057823" startTime="2026-09-17T11:43:38.4183471+08:00" endTime="2026-09-17T11:43:38.4184973+08:00" testType="13cdc9d9-ddb5-4fa4-a97d-d965ccfc6d4b" outcome="Passed" testListId="8c84fa94-04c1-424b-9868-57a2d4851a1d" relativeResultsDirectory="7532fe7c-40cd-4b69-876d-a8c7c9045678" />
    <UnitTestResult executionId="a044e51a-67e4-416c-b0de-ef00623c94cd" testId="eff5460b-bc20-8000-4371-57337658edc0" testName="Inspection.Domain.Tests.OrdinaryTrayPlannerTests.Rejects_undefined_camera_group" computerName="VM-0-12-ubuntu" duration="00:00:00.0008511" startTime="2026-09-17T11:43:38.4208951+08:00" endTime="2026-09-17T11:43:38.4209969+08:00" testType="13cdc9d9-ddb5-4fa4-a97d-d965ccfc6d4b" outcome="Passed" testListId="8c84fa94-04c1-424b-9868-57a2d4851a1d" relativeResultsDirectory="a044e51a-67e4-416c-b0de-ef00623c94cd" />
    <UnitTestResult executionId="cbac5ec7-7a1d-4170-b8ed-7e6228596d18" testId="492fee63-3098-417d-d4c5-fb5e3c67ba4c" testName="Inspection.Domain.Tests.OrdinaryTrayPlannerTests.Rejects_invalid_face_identifiers(invalid: null)" computerName="VM-0-12-ubuntu" duration="00:00:00.0000129" startTime="2026-09-17T11:43:38.4418990+08:00" endTime="2026-09-17T11:43:38.4420128+08:00" testType="13cdc9d9-ddb5-4fa4-a97d-d965ccfc6d4b" outcome="Passed" testListId="8c84fa94-04c1-424b-9868-57a2d4851a1d" relativeResultsDirectory="cbac5ec7-7a1d-4170-b8ed-7e6228596d18" />
    <UnitTestResult executionId="da872a90-ef39-4c00-a177-61aba2cc6878" testId="01320553-e0f9-f4d0-99ab-376c0d2ff4bb" testName="Inspection.Domain.Tests.OrdinaryTrayPlannerTests.Rejects_null_collections" computerName="VM-0-12-ubuntu" duration="00:00:00.0003922" startTime="2026-09-17T11:43:38.4438342+08:00" endTime="2026-09-17T11:43:38.4439353+08:00" testType="13cdc9d9-ddb5-4fa4-a97d-d965ccfc6d4b" outcome="Passed" testListId="8c84fa94-04c1-424b-9868-57a2d4851a1d" relativeResultsDirectory="da872a90-ef39-4c00-a177-61aba2cc6878" />
    <UnitTestResult executionId="c2706fdf-d0fc-44bf-8dde-8ee54a6b736c" testId="3882187e-d742-f444-fa38-2ed126931ea7" testName="Inspection.Domain.Tests.OrdinaryTrayPlannerTests.Input_mutation_cannot_change_published_plan" computerName="VM-0-12-ubuntu" duration="00:00:00.0046951" startTime="2026-09-17T11:43:38.4434838+08:00" endTime="2026-09-17T11:43:38.4435918+08:00" testType="13cdc9d9-ddb5-4fa4-a97d-d965ccfc6d4b" outcome="Passed" testListId="8c84fa94-04c1-424b-9868-57a2d4851a1d" relativeResultsDirectory="c2706fdf-d0fc-44bf-8dde-8ee54a6b736c" />
    <UnitTestResult executionId="4720c347-befb-48d2-a9f9-4680e4d0d1c0" testId="b91753d6-3976-cb0f-f62d-b17d0aefe8f1" testName="Inspection.Domain.Tests.OrdinaryTrayPlannerTests.Supports_more_parts_faces_and_cd_group_without_reordering_slots" computerName="VM-0-12-ubuntu" duration="00:00:00.0313935" startTime="2026-09-17T11:43:38.3510575+08:00" endTime="2026-09-17T11:43:38.3965836+08:00" testType="13cdc9d9-ddb5-4fa4-a97d-d965ccfc6d4b" outcome="Passed" testListId="8c84fa94-04c1-424b-9868-57a2d4851a1d" relativeResultsDirectory="4720c347-befb-48d2-a9f9-4680e4d0d1c0" />
    <UnitTestResult executionId="01eb5d73-0a14-42b8-b979-bfe9d3280992" testId="f1dda52b-d233-e95b-4882-9936b92c5c83" testName="Inspection.Domain.Tests.OrdinaryTrayPlannerTests.Rejects_invalid_face_identifiers(invalid: &quot; f1&quot;)" computerName="VM-0-12-ubuntu" duration="00:00:00.0001441" startTime="2026-09-17T11:43:38.4414574+08:00" endTime="2026-09-17T11:43:38.4415879+08:00" testType="13cdc9d9-ddb5-4fa4-a97d-d965ccfc6d4b" outcome="Passed" testListId="8c84fa94-04c1-424b-9868-57a2d4851a1d" relativeResultsDirectory="01eb5d73-0a14-42b8-b979-bfe9d3280992" />
    <UnitTestResult executionId="843d9b5d-c459-4464-849d-215ee00d29af" testId="b195b2f3-cef9-2e4d-16a6-0d5abdee69e3" testName="Inspection.Domain.Tests.OrdinaryTrayPlannerTests.Rejects_invalid_face_identifiers(invalid: &quot; &quot;)" computerName="VM-0-12-ubuntu" duration="00:00:00.0000108" startTime="2026-09-17T11:43:38.4421897+08:00" endTime="2026-09-17T11:43:38.4422887+08:00" testType="13cdc9d9-ddb5-4fa4-a97d-d965ccfc6d4b" outcome="Passed" testListId="8c84fa94-04c1-424b-9868-57a2d4851a1d" relativeResultsDirectory="843d9b5d-c459-4464-849d-215ee00d29af" />
    <UnitTestResult executionId="90a29c5f-f4eb-448a-8221-ba0c2b245c46" testId="08678fd9-1902-0285-0ea0-70b972c0b322" testName="Inspection.Domain.Tests.OrdinaryTrayPlannerTests.Rejects_invalid_part_identifiers(invalid: &quot;&quot;)" computerName="VM-0-12-ubuntu" duration="00:00:00.0024799" startTime="2026-09-17T11:43:38.4194601+08:00" endTime="2026-09-17T11:43:38.4195645+08:00" testType="13cdc9d9-ddb5-4fa4-a97d-d965ccfc6d4b" outcome="Passed" testListId="8c84fa94-04c1-424b-9868-57a2d4851a1d" relativeResultsDirectory="90a29c5f-f4eb-448a-8221-ba0c2b245c46" />
    <UnitTestResult executionId="85bade2e-7612-41bc-82b3-d9878b6d76dc" testId="f8e02860-fd95-9442-7ecf-ef57e116f575" testName="Inspection.Domain.Tests.OrdinaryTrayPlannerTests.Rejects_empty_or_duplicate_parts_and_faces" computerName="VM-0-12-ubuntu" duration="00:00:00.0012525" startTime="2026-09-17T11:43:38.4425366+08:00" endTime="2026-09-17T11:43:38.4430651+08:00" testType="13cdc9d9-ddb5-4fa4-a97d-d965ccfc6d4b" outcome="Passed" testListId="8c84fa94-04c1-424b-9868-57a2d4851a1d" relativeResultsDirectory="85bade2e-7612-41bc-82b3-d9878b6d76dc" />
  </Results>
  <TestDefinitions>
    <UnitTest name="Inspection.Domain.Tests.OrdinaryTrayPlannerTests.Rejects_null_collections" storage="/home/ubuntu/dzk/gaode/repo/backend/tests/inspection.domain.tests/bin/release/net10.0/inspection.domain.tests.dll" id="01320553-e0f9-f4d0-99ab-376c0d2ff4bb">
      <Execution id="da872a90-ef39-4c00-a177-61aba2cc6878" />
      <TestMethod codeBase="/home/ubuntu/dzk/gaode/repo/backend/tests/Inspection.Domain.Tests/bin/Release/net10.0/Inspection.Domain.Tests.dll" adapterTypeName="executor://xunit/VsTestRunner3/netcore/" className="Inspection.Domain.Tests.OrdinaryTrayPlannerTests" name="Rejects_null_collections" />
    </UnitTest>
    <UnitTest name="Inspection.Domain.Tests.OrdinaryTrayPlannerTests.Input_mutation_cannot_change_published_plan" storage="/home/ubuntu/dzk/gaode/repo/backend/tests/inspection.domain.tests/bin/release/net10.0/inspection.domain.tests.dll" id="3882187e-d742-f444-fa38-2ed126931ea7">
      <Execution id="c2706fdf-d0fc-44bf-8dde-8ee54a6b736c" />
      <TestMethod codeBase="/home/ubuntu/dzk/gaode/repo/backend/tests/Inspection.Domain.Tests/bin/Release/net10.0/Inspection.Domain.Tests.dll" adapterTypeName="executor://xunit/VsTestRunner3/netcore/" className="Inspection.Domain.Tests.OrdinaryTrayPlannerTests" name="Input_mutation_cannot_change_published_plan" />
    </UnitTest>
    <UnitTest name="Inspection.Domain.Tests.OrdinaryTrayPlannerTests.Rejects_invalid_face_identifiers(invalid: &quot;&quot;)" storage="/home/ubuntu/dzk/gaode/repo/backend/tests/inspection.domain.tests/bin/release/net10.0/inspection.domain.tests.dll" id="a0b9777d-1b70-5926-a799-adf6326fff4e">
      <Execution id="cc2a9cd5-5fc1-4317-b232-aa2cc331a2a6" />
      <TestMethod codeBase="/home/ubuntu/dzk/gaode/repo/backend/tests/Inspection.Domain.Tests/bin/Release/net10.0/Inspection.Domain.Tests.dll" adapterTypeName="executor://xunit/VsTestRunner3/netcore/" className="Inspection.Domain.Tests.OrdinaryTrayPlannerTests" name="Rejects_invalid_face_identifiers" />
    </UnitTest>
    <UnitTest name="Inspection.Domain.Tests.OrdinaryTrayPlannerTests.Rejects_undefined_camera_group" storage="/home/ubuntu/dzk/gaode/repo/backend/tests/inspection.domain.tests/bin/release/net10.0/inspection.domain.tests.dll" id="eff5460b-bc20-8000-4371-57337658edc0">
      <Execution id="a044e51a-67e4-416c-b0de-ef00623c94cd" />
      <TestMethod codeBase="/home/ubuntu/dzk/gaode/repo/backend/tests/Inspection.Domain.Tests/bin/Release/net10.0/Inspection.Domain.Tests.dll" adapterTypeName="executor://xunit/VsTestRunner3/netcore/" className="Inspection.Domain.Tests.OrdinaryTrayPlannerTests" name="Rejects_undefined_camera_group" />
    </UnitTest>
    <UnitTest name="Inspection.Domain.Tests.OrdinaryTrayPlannerTests.Rejects_invalid_face_identifiers(invalid: null)" storage="/home/ubuntu/dzk/gaode/repo/backend/tests/inspection.domain.tests/bin/release/net10.0/inspection.domain.tests.dll" id="492fee63-3098-417d-d4c5-fb5e3c67ba4c">
      <Execution id="cbac5ec7-7a1d-4170-b8ed-7e6228596d18" />
      <TestMethod codeBase="/home/ubuntu/dzk/gaode/repo/backend/tests/Inspection.Domain.Tests/bin/Release/net10.0/Inspection.Domain.Tests.dll" adapterTypeName="executor://xunit/VsTestRunner3/netcore/" className="Inspection.Domain.Tests.OrdinaryTrayPlannerTests" name="Rejects_invalid_face_identifiers" />
    </UnitTest>
    <UnitTest name="Inspection.Domain.Tests.OrdinaryTrayPlannerTests.Rejects_invalid_face_identifiers(invalid: &quot; &quot;)" storage="/home/ubuntu/dzk/gaode/repo/backend/tests/inspection.domain.tests/bin/release/net10.0/inspection.domain.tests.dll" id="b195b2f3-cef9-2e4d-16a6-0d5abdee69e3">
      <Execution id="843d9b5d-c459-4464-849d-215ee00d29af" />
      <TestMethod codeBase="/home/ubuntu/dzk/gaode/repo/backend/tests/Inspection.Domain.Tests/bin/Release/net10.0/Inspection.Domain.Tests.dll" adapterTypeName="executor://xunit/VsTestRunner3/netcore/" className="Inspection.Domain.Tests.OrdinaryTrayPlannerTests" name="Rejects_invalid_face_identifiers" />
    </UnitTest>
    <UnitTest name="Inspection.Domain.Tests.OrdinaryTrayPlannerTests.Rejects_invalid_part_identifiers(invalid: &quot;p1 &quot;)" storage="/home/ubuntu/dzk/gaode/repo/backend/tests/inspection.domain.tests/bin/release/net10.0/inspection.domain.tests.dll" id="891e82af-0fb3-29ab-962f-47c0c037d4a8">
      <Execution id="15898212-9661-4825-85a8-bbd3d4010bc8" />
      <TestMethod codeBase="/home/ubuntu/dzk/gaode/repo/backend/tests/Inspection.Domain.Tests/bin/Release/net10.0/Inspection.Domain.Tests.dll" adapterTypeName="executor://xunit/VsTestRunner3/netcore/" className="Inspection.Domain.Tests.OrdinaryTrayPlannerTests" name="Rejects_invalid_part_identifiers" />
    </UnitTest>
    <UnitTest name="Inspection.Domain.Tests.OrdinaryTrayPlannerTests.Supports_more_parts_faces_and_cd_group_without_reordering_slots" storage="/home/ubuntu/dzk/gaode/repo/backend/tests/inspection.domain.tests/bin/release/net10.0/inspection.domain.tests.dll" id="b91753d6-3976-cb0f-f62d-b17d0aefe8f1">
      <Execution id="4720c347-befb-48d2-a9f9-4680e4d0d1c0" />
      <TestMethod codeBase="/home/ubuntu/dzk/gaode/repo/backend/tests/Inspection.Domain.Tests/bin/Release/net10.0/Inspection.Domain.Tests.dll" adapterTypeName="executor://xunit/VsTestRunner3/netcore/" className="Inspection.Domain.Tests.OrdinaryTrayPlannerTests" name="Supports_more_parts_faces_and_cd_group_without_reordering_slots" />
    </UnitTest>
    <UnitTest name="Inspection.Domain.Tests.OrdinaryTrayPlannerTests.Batches_whole_tray_by_camera_and_preserves_identity_across_faces" storage="/home/ubuntu/dzk/gaode/repo/backend/tests/inspection.domain.tests/bin/release/net10.0/inspection.domain.tests.dll" id="eacdae0b-5649-d855-d8b3-273d0c51cec0">
      <Execution id="7532fe7c-40cd-4b69-876d-a8c7c9045678" />
      <TestMethod codeBase="/home/ubuntu/dzk/gaode/repo/backend/tests/Inspection.Domain.Tests/bin/Release/net10.0/Inspection.Domain.Tests.dll" adapterTypeName="executor://xunit/VsTestRunner3/netcore/" className="Inspection.Domain.Tests.OrdinaryTrayPlannerTests" name="Batches_whole_tray_by_camera_and_preserves_identity_across_faces" />
    </UnitTest>
    <UnitTest name="Inspection.Domain.Tests.OrdinaryTrayPlannerTests.Rejects_invalid_part_identifiers(invalid: &quot; &quot;)" storage="/home/ubuntu/dzk/gaode/repo/backend/tests/inspection.domain.tests/bin/release/net10.0/inspection.domain.tests.dll" id="5888c5b7-1fdd-9d82-4f90-76fd84500508">
      <Execution id="5c15ebc8-0043-480c-99b8-4e2c59b9ebb3" />
      <TestMethod codeBase="/home/ubuntu/dzk/gaode/repo/backend/tests/Inspection.Domain.Tests/bin/Release/net10.0/Inspection.Domain.Tests.dll" adapterTypeName="executor://xunit/VsTestRunner3/netcore/" className="Inspection.Domain.Tests.OrdinaryTrayPlannerTests" name="Rejects_invalid_part_identifiers" />
    </UnitTest>
    <UnitTest name="Inspection.Domain.Tests.OrdinaryTrayPlannerTests.Rejects_invalid_part_identifiers(invalid: null)" storage="/home/ubuntu/dzk/gaode/repo/backend/tests/inspection.domain.tests/bin/release/net10.0/inspection.domain.tests.dll" id="ebdb82b3-29dd-6b97-1525-193c86c166ae">
      <Execution id="5d389a6c-9649-4499-b325-c6b76d662a5f" />
      <TestMethod codeBase="/home/ubuntu/dzk/gaode/repo/backend/tests/Inspection.Domain.Tests/bin/Release/net10.0/Inspection.Domain.Tests.dll" adapterTypeName="executor://xunit/VsTestRunner3/netcore/" className="Inspection.Domain.Tests.OrdinaryTrayPlannerTests" name="Rejects_invalid_part_identifiers" />
    </UnitTest>
    <UnitTest name="Inspection.Domain.Tests.OrdinaryTrayPlannerTests.Rejects_empty_or_duplicate_parts_and_faces" storage="/home/ubuntu/dzk/gaode/repo/backend/tests/inspection.domain.tests/bin/release/net10.0/inspection.domain.tests.dll" id="f8e02860-fd95-9442-7ecf-ef57e116f575">
      <Execution id="85bade2e-7612-41bc-82b3-d9878b6d76dc" />
      <TestMethod codeBase="/home/ubuntu/dzk/gaode/repo/backend/tests/Inspection.Domain.Tests/bin/Release/net10.0/Inspection.Domain.Tests.dll" adapterTypeName="executor://xunit/VsTestRunner3/netcore/" className="Inspection.Domain.Tests.OrdinaryTrayPlannerTests" name="Rejects_empty_or_duplicate_parts_and_faces" />
    </UnitTest>
    <UnitTest name="Inspection.Domain.Tests.OrdinaryTrayPlannerTests.Rejects_invalid_face_identifiers(invalid: &quot; f1&quot;)" storage="/home/ubuntu/dzk/gaode/repo/backend/tests/inspection.domain.tests/bin/release/net10.0/inspection.domain.tests.dll" id="f1dda52b-d233-e95b-4882-9936b92c5c83">
      <Execution id="01eb5d73-0a14-42b8-b979-bfe9d3280992" />
      <TestMethod codeBase="/home/ubuntu/dzk/gaode/repo/backend/tests/Inspection.Domain.Tests/bin/Release/net10.0/Inspection.Domain.Tests.dll" adapterTypeName="executor://xunit/VsTestRunner3/netcore/" className="Inspection.Domain.Tests.OrdinaryTrayPlannerTests" name="Rejects_invalid_face_identifiers" />
    </UnitTest>
    <UnitTest name="Inspection.Domain.Tests.OrdinaryTrayPlannerTests.Rejects_invalid_part_identifiers(invalid: &quot;&quot;)" storage="/home/ubuntu/dzk/gaode/repo/backend/tests/inspection.domain.tests/bin/release/net10.0/inspection.domain.tests.dll" id="08678fd9-1902-0285-0ea0-70b972c0b322">
      <Execution id="90a29c5f-f4eb-448a-8221-ba0c2b245c46" />
      <TestMethod codeBase="/home/ubuntu/dzk/gaode/repo/backend/tests/Inspection.Domain.Tests/bin/Release/net10.0/Inspection.Domain.Tests.dll" adapterTypeName="executor://xunit/VsTestRunner3/netcore/" className="Inspection.Domain.Tests.OrdinaryTrayPlannerTests" name="Rejects_invalid_part_identifiers" />
    </UnitTest>
    <UnitTest name="Inspection.Domain.Tests.OrdinaryTrayPlannerTests.Rejects_invalid_part_identifiers(invalid: &quot; p1&quot;)" storage="/home/ubuntu/dzk/gaode/repo/backend/tests/inspection.domain.tests/bin/release/net10.0/inspection.domain.tests.dll" id="9f820417-8f0c-d967-e6b9-a93c07497e41">
      <Execution id="36468f3d-f3b0-4f5c-82f4-c3383726ae3f" />
      <TestMethod codeBase="/home/ubuntu/dzk/gaode/repo/backend/tests/Inspection.Domain.Tests/bin/Release/net10.0/Inspection.Domain.Tests.dll" adapterTypeName="executor://xunit/VsTestRunner3/netcore/" className="Inspection.Domain.Tests.OrdinaryTrayPlannerTests" name="Rejects_invalid_part_identifiers" />
    </UnitTest>
  </TestDefinitions>
  <TestEntries>
    <TestEntry testId="ebdb82b3-29dd-6b97-1525-193c86c166ae" executionId="5d389a6c-9649-4499-b325-c6b76d662a5f" testListId="8c84fa94-04c1-424b-9868-57a2d4851a1d" />
    <TestEntry testId="891e82af-0fb3-29ab-962f-47c0c037d4a8" executionId="15898212-9661-4825-85a8-bbd3d4010bc8" testListId="8c84fa94-04c1-424b-9868-57a2d4851a1d" />
    <TestEntry testId="5888c5b7-1fdd-9d82-4f90-76fd84500508" executionId="5c15ebc8-0043-480c-99b8-4e2c59b9ebb3" testListId="8c84fa94-04c1-424b-9868-57a2d4851a1d" />
    <TestEntry testId="a0b9777d-1b70-5926-a799-adf6326fff4e" executionId="cc2a9cd5-5fc1-4317-b232-aa2cc331a2a6" testListId="8c84fa94-04c1-424b-9868-57a2d4851a1d" />
    <TestEntry testId="9f820417-8f0c-d967-e6b9-a93c07497e41" executionId="36468f3d-f3b0-4f5c-82f4-c3383726ae3f" testListId="8c84fa94-04c1-424b-9868-57a2d4851a1d" />
    <TestEntry testId="eacdae0b-5649-d855-d8b3-273d0c51cec0" executionId="7532fe7c-40cd-4b69-876d-a8c7c9045678" testListId="8c84fa94-04c1-424b-9868-57a2d4851a1d" />
    <TestEntry testId="eff5460b-bc20-8000-4371-57337658edc0" executionId="a044e51a-67e4-416c-b0de-ef00623c94cd" testListId="8c84fa94-04c1-424b-9868-57a2d4851a1d" />
    <TestEntry testId="492fee63-3098-417d-d4c5-fb5e3c67ba4c" executionId="cbac5ec7-7a1d-4170-b8ed-7e6228596d18" testListId="8c84fa94-04c1-424b-9868-57a2d4851a1d" />
    <TestEntry testId="01320553-e0f9-f4d0-99ab-376c0d2ff4bb" executionId="da872a90-ef39-4c00-a177-61aba2cc6878" testListId="8c84fa94-04c1-424b-9868-57a2d4851a1d" />
    <TestEntry testId="3882187e-d742-f444-fa38-2ed126931ea7" executionId="c2706fdf-d0fc-44bf-8dde-8ee54a6b736c" testListId="8c84fa94-04c1-424b-9868-57a2d4851a1d" />
    <TestEntry testId="b91753d6-3976-cb0f-f62d-b17d0aefe8f1" executionId="4720c347-befb-48d2-a9f9-4680e4d0d1c0" testListId="8c84fa94-04c1-424b-9868-57a2d4851a1d" />
    <TestEntry testId="f1dda52b-d233-e95b-4882-9936b92c5c83" executionId="01eb5d73-0a14-42b8-b979-bfe9d3280992" testListId="8c84fa94-04c1-424b-9868-57a2d4851a1d" />
    <TestEntry testId="b195b2f3-cef9-2e4d-16a6-0d5abdee69e3" executionId="843d9b5d-c459-4464-849d-215ee00d29af" testListId="8c84fa94-04c1-424b-9868-57a2d4851a1d" />
    <TestEntry testId="08678fd9-1902-0285-0ea0-70b972c0b322" executionId="90a29c5f-f4eb-448a-8221-ba0c2b245c46" testListId="8c84fa94-04c1-424b-9868-57a2d4851a1d" />
    <TestEntry testId="f8e02860-fd95-9442-7ecf-ef57e116f575" executionId="85bade2e-7612-41bc-82b3-d9878b6d76dc" testListId="8c84fa94-04c1-424b-9868-57a2d4851a1d" />
  </TestEntries>
  <TestLists>
    <TestList name="Results Not in a List" id="8c84fa94-04c1-424b-9868-57a2d4851a1d" />
    <TestList name="All Loaded Results" id="19431567-8539-422a-85d7-44ee4e166bda" />
  </TestLists>
  <ResultSummary outcome="Completed">
    <Counters total="15" executed="15" passed="15" failed="0" error="0" timeout="0" aborted="0" inconclusive="0" passedButRunAborted="0" notRunnable="0" notExecuted="0" disconnected="0" warning="0" completed="0" inProgress="0" pending="0" />
    <Output>
      <StdOut>[xUnit.net 00:00:00.00] xUnit.net VSTest Adapter v3.1.5+1b188a7b0a (64-bit .NET 10.0.12)
[xUnit.net 00:00:00.22]   Discovering: Inspection.Domain.Tests
[xUnit.net 00:00:00.42]   Discovered:  Inspection.Domain.Tests
[xUnit.net 00:00:00.49]   Starting:    Inspection.Domain.Tests
[xUnit.net 00:00:00.65]   Finished:    Inspection.Domain.Tests
</StdOut>
    </Output>
  </ResultSummary>
</TestRun>