<?xml version="1.0" encoding="utf-8"?>
<TestRun id="c8c28fda-ebe1-476e-a23a-4a5d6b03bd6a" name="@VM-0-12-ubuntu 2026-09-17 11:43:42" xmlns="http://microsoft.com/schemas/VisualStudio/TeamTest/2010">
  <Times creation="2026-09-17T11:43:42.3127834+08:00" queuing="2026-09-17T11:43:42.3127835+08:00" start="2026-09-17T11:43:39.1388514+08:00" finish="2026-09-17T11:43:42.3302084+08:00" />
  <TestSettings name="default" id="cd08f22f-a968-4bee-90d5-9e6153e1529e">
    <Deployment runDeploymentRoot="_VM-0-12-ubuntu_2026-09-17_11_43_42" />
  </TestSettings>
  <Results>
    <UnitTestResult executionId="6b75d0e2-78bd-48d5-a222-b8216b9b062b" testId="f4f98c95-32ac-dcff-bd91-5d674f53d221" testName="Inspection.Host.Tests.HostContractTests.Live_does_not_claim_production_readiness" computerName="VM-0-12-ubuntu" duration="00:00:00.0275926" startTime="2026-09-17T11:43:42.0119832+08:00" endTime="2026-09-17T11:43:42.0351194+08:00" testType="13cdc9d9-ddb5-4fa4-a97d-d965ccfc6d4b" outcome="Passed" testListId="8c84fa94-04c1-424b-9868-57a2d4851a1d" relativeResultsDirectory="6b75d0e2-78bd-48d5-a222-b8216b9b062b" />
    <UnitTestResult executionId="744fa3d1-2a33-4e92-b4a5-9c9878a69f9e" testId="fb17721e-66a3-c8a8-fb7c-882561687322" testName="Inspection.Host.Tests.HostContractTests.Status_explicitly_reports_unavailable_production_capabilities" computerName="VM-0-12-ubuntu" duration="00:00:01.2041933" startTime="2026-09-17T11:43:40.5707169+08:00" endTime="2026-09-17T11:43:41.8068136+08:00" testType="13cdc9d9-ddb5-4fa4-a97d-d965ccfc6d4b" outcome="Passed" testListId="8c84fa94-04c1-424b-9868-57a2d4851a1d" relativeResultsDirectory="744fa3d1-2a33-4e92-b4a5-9c9878a69f9e" />
    <UnitTestResult executionId="87f830ca-c561-4018-b7a7-8e2ffc154092" testId="2a8f7648-ef84-6e37-0f57-0e38966b2e99" testName="Inspection.Host.Tests.HostContractTests.Unimplemented_production_commands_are_not_accepted" computerName="VM-0-12-ubuntu" duration="00:00:00.0508594" startTime="2026-09-17T11:43:41.9537153+08:00" endTime="2026-09-17T11:43:42.0115798+08:00" testType="13cdc9d9-ddb5-4fa4-a97d-d965ccfc6d4b" outcome="Passed" testListId="8c84fa94-04c1-424b-9868-57a2d4851a1d" relativeResultsDirectory="87f830ca-c561-4018-b7a7-8e2ffc154092" />
    <UnitTestResult executionId="01a068b5-1e72-44ea-b05f-1549af35a0e5" testId="25f863f5-c00b-f79c-c492-3bcd5d7f1509" testName="Inspection.Host.Tests.HostContractTests.Demo_query_returns_eight_captures_without_executing_them" computerName="VM-0-12-ubuntu" duration="00:00:00.1291432" startTime="2026-09-17T11:43:41.8502900+08:00" endTime="2026-09-17T11:43:41.9526156+08:00" testType="13cdc9d9-ddb5-4fa4-a97d-d965ccfc6d4b" outcome="Passed" testListId="8c84fa94-04c1-424b-9868-57a2d4851a1d" relativeResultsDirectory="01a068b5-1e72-44ea-b05f-1549af35a0e5" />
  </Results>
  <TestDefinitions>
    <UnitTest name="Inspection.Host.Tests.HostContractTests.Demo_query_returns_eight_captures_without_executing_them" storage="/home/ubuntu/dzk/gaode/repo/backend/tests/inspection.host.tests/bin/release/net10.0/inspection.host.tests.dll" id="25f863f5-c00b-f79c-c492-3bcd5d7f1509">
      <Execution id="01a068b5-1e72-44ea-b05f-1549af35a0e5" />
      <TestMethod codeBase="/home/ubuntu/dzk/gaode/repo/backend/tests/Inspection.Host.Tests/bin/Release/net10.0/Inspection.Host.Tests.dll" adapterTypeName="executor://xunit/VsTestRunner3/netcore/" className="Inspection.Host.Tests.HostContractTests" name="Demo_query_returns_eight_captures_without_executing_them" />
    </UnitTest>
    <UnitTest name="Inspection.Host.Tests.HostContractTests.Live_does_not_claim_production_readiness" storage="/home/ubuntu/dzk/gaode/repo/backend/tests/inspection.host.tests/bin/release/net10.0/inspection.host.tests.dll" id="f4f98c95-32ac-dcff-bd91-5d674f53d221">
      <Execution id="6b75d0e2-78bd-48d5-a222-b8216b9b062b" />
      <TestMethod codeBase="/home/ubuntu/dzk/gaode/repo/backend/tests/Inspection.Host.Tests/bin/Release/net10.0/Inspection.Host.Tests.dll" adapterTypeName="executor://xunit/VsTestRunner3/netcore/" className="Inspection.Host.Tests.HostContractTests" name="Live_does_not_claim_production_readiness" />
    </UnitTest>
    <UnitTest name="Inspection.Host.Tests.HostContractTests.Status_explicitly_reports_unavailable_production_capabilities" storage="/home/ubuntu/dzk/gaode/repo/backend/tests/inspection.host.tests/bin/release/net10.0/inspection.host.tests.dll" id="fb17721e-66a3-c8a8-fb7c-882561687322">
      <Execution id="744fa3d1-2a33-4e92-b4a5-9c9878a69f9e" />
      <TestMethod codeBase="/home/ubuntu/dzk/gaode/repo/backend/tests/Inspection.Host.Tests/bin/Release/net10.0/Inspection.Host.Tests.dll" adapterTypeName="executor://xunit/VsTestRunner3/netcore/" className="Inspection.Host.Tests.HostContractTests" name="Status_explicitly_reports_unavailable_production_capabilities" />
    </UnitTest>
    <UnitTest name="Inspection.Host.Tests.HostContractTests.Unimplemented_production_commands_are_not_accepted" storage="/home/ubuntu/dzk/gaode/repo/backend/tests/inspection.host.tests/bin/release/net10.0/inspection.host.tests.dll" id="2a8f7648-ef84-6e37-0f57-0e38966b2e99">
      <Execution id="87f830ca-c561-4018-b7a7-8e2ffc154092" />
      <TestMethod codeBase="/home/ubuntu/dzk/gaode/repo/backend/tests/Inspection.Host.Tests/bin/Release/net10.0/Inspection.Host.Tests.dll" adapterTypeName="executor://xunit/VsTestRunner3/netcore/" className="Inspection.Host.Tests.HostContractTests" name="Unimplemented_production_commands_are_not_accepted" />
    </UnitTest>
  </TestDefinitions>
  <TestEntries>
    <TestEntry testId="f4f98c95-32ac-dcff-bd91-5d674f53d221" executionId="6b75d0e2-78bd-48d5-a222-b8216b9b062b" testListId="8c84fa94-04c1-424b-9868-57a2d4851a1d" />
    <TestEntry testId="fb17721e-66a3-c8a8-fb7c-882561687322" executionId="744fa3d1-2a33-4e92-b4a5-9c9878a69f9e" testListId="8c84fa94-04c1-424b-9868-57a2d4851a1d" />
    <TestEntry testId="2a8f7648-ef84-6e37-0f57-0e38966b2e99" executionId="87f830ca-c561-4018-b7a7-8e2ffc154092" testListId="8c84fa94-04c1-424b-9868-57a2d4851a1d" />
    <TestEntry testId="25f863f5-c00b-f79c-c492-3bcd5d7f1509" executionId="01a068b5-1e72-44ea-b05f-1549af35a0e5" testListId="8c84fa94-04c1-424b-9868-57a2d4851a1d" />
  </TestEntries>
  <TestLists>
    <TestList name="Results Not in a List" id="8c84fa94-04c1-424b-9868-57a2d4851a1d" />
    <TestList name="All Loaded Results" id="19431567-8539-422a-85d7-44ee4e166bda" />
  </TestLists>
  <ResultSummary outcome="Completed">
    <Counters total="4" executed="4" passed="4" failed="0" error="0" timeout="0" aborted="0" inconclusive="0" passedButRunAborted="0" notRunnable="0" notExecuted="0" disconnected="0" warning="0" completed="0" inProgress="0" pending="0" />
    <Output>
      <StdOut>[xUnit.net 00:00:00.00] xUnit.net VSTest Adapter v3.1.5+1b188a7b0a (64-bit .NET 10.0.12)
[xUnit.net 00:00:00.20]   Discovering: Inspection.Host.Tests
[xUnit.net 00:00:00.26]   Discovered:  Inspection.Host.Tests
[xUnit.net 00:00:00.37]   Starting:    Inspection.Host.Tests
info: Microsoft.Hosting.Lifetime[14]
      Now listening on: http://127.0.0.1:5000
info: Microsoft.Hosting.Lifetime[0]
      Application started. Press Ctrl+C to shut down.
info: Microsoft.Hosting.Lifetime[0]
      Hosting environment: Development
info: Microsoft.Hosting.Lifetime[0]
      Content root path: /home/ubuntu/dzk/gaode/repo/backend/src/Inspection.Host
info: Microsoft.Hosting.Lifetime[0]
      Application is shutting down...
[xUnit.net 00:00:01.98]   Finished:    Inspection.Host.Tests
</StdOut>
    </Output>
  </ResultSummary>
</TestRun>