<?xml version="1.0" encoding="utf-8"?>
<TestRun id="bf4a32e7-8d15-4357-a156-8619827d3702" name="@VM-0-12-ubuntu 2026-09-17 12:27:00" xmlns="http://microsoft.com/schemas/VisualStudio/TeamTest/2010">
  <Times creation="2026-09-17T12:27:00.5342703+08:00" queuing="2026-09-17T12:27:00.5342704+08:00" start="2026-09-17T12:26:58.4587816+08:00" finish="2026-09-17T12:27:00.7764627+08:00" />
  <TestSettings name="default" id="9991eb8b-efe0-4b71-8814-227503fe3c0b">
    <Deployment runDeploymentRoot="_VM-0-12-ubuntu_2026-09-17_12_27_00" />
  </TestSettings>
  <Results>
    <UnitTestResult executionId="88940cf6-be34-437b-b90e-1fea4fde5ce2" testId="eacdae0b-5649-d855-d8b3-273d0c51cec0" testName="Inspection.Domain.Tests.OrdinaryTrayPlannerTests.Batches_whole_tray_by_camera_and_preserves_identity_across_faces" computerName="VM-0-12-ubuntu" duration="00:00:00.0118458" startTime="2026-09-17T12:27:00.3347545+08:00" endTime="2026-09-17T12:27:00.3371845+08:00" testType="13cdc9d9-ddb5-4fa4-a97d-d965ccfc6d4b" outcome="Passed" testListId="8c84fa94-04c1-424b-9868-57a2d4851a1d" relativeResultsDirectory="88940cf6-be34-437b-b90e-1fea4fde5ce2" />
    <UnitTestResult executionId="bfdf593b-8e20-4e4d-a1cd-958cfae9692b" testId="08678fd9-1902-0285-0ea0-70b972c0b322" testName="Inspection.Domain.Tests.OrdinaryTrayPlannerTests.Rejects_invalid_part_identifiers(invalid: &quot;&quot;)" computerName="VM-0-12-ubuntu" duration="00:00:00.0085609" startTime="2026-09-17T12:27:00.3383040+08:00" endTime="2026-09-17T12:27:00.3437912+08:00" testType="13cdc9d9-ddb5-4fa4-a97d-d965ccfc6d4b" outcome="Passed" testListId="8c84fa94-04c1-424b-9868-57a2d4851a1d" relativeResultsDirectory="bfdf593b-8e20-4e4d-a1cd-958cfae9692b" />
    <UnitTestResult executionId="d0bff459-fa4c-4bd6-a997-d90e9544e32d" testId="b91753d6-3976-cb0f-f62d-b17d0aefe8f1" testName="Inspection.Domain.Tests.OrdinaryTrayPlannerTests.Supports_more_parts_faces_and_cd_group_without_reordering_slots" computerName="VM-0-12-ubuntu" duration="00:00:00.1108472" startTime="2026-09-17T12:27:00.1258471+08:00" endTime="2026-09-17T12:27:00.2695087+08:00" testType="13cdc9d9-ddb5-4fa4-a97d-d965ccfc6d4b" outcome="Passed" testListId="8c84fa94-04c1-424b-9868-57a2d4851a1d" relativeResultsDirectory="d0bff459-fa4c-4bd6-a997-d90e9544e32d" />
    <UnitTestResult executionId="8850d51c-b165-424c-a115-430a4f050cf5" testId="ebdb82b3-29dd-6b97-1525-193c86c166ae" testName="Inspection.Domain.Tests.OrdinaryTrayPlannerTests.Rejects_invalid_part_identifiers(invalid: null)" computerName="VM-0-12-ubuntu" duration="00:00:00.0000183" startTime="2026-09-17T12:27:00.3445252+08:00" endTime="2026-09-17T12:27:00.3446178+08:00" testType="13cdc9d9-ddb5-4fa4-a97d-d965ccfc6d4b" outcome="Passed" testListId="8c84fa94-04c1-424b-9868-57a2d4851a1d" relativeResultsDirectory="8850d51c-b165-424c-a115-430a4f050cf5" />
    <UnitTestResult executionId="ae13da58-c91b-47c4-bab4-b4b0ad8ec32d" testId="9f820417-8f0c-d967-e6b9-a93c07497e41" testName="Inspection.Domain.Tests.OrdinaryTrayPlannerTests.Rejects_invalid_part_identifiers(invalid: &quot; p1&quot;)" computerName="VM-0-12-ubuntu" duration="00:00:00.0000138" startTime="2026-09-17T12:27:00.3474418+08:00" endTime="2026-09-17T12:27:00.3475279+08:00" testType="13cdc9d9-ddb5-4fa4-a97d-d965ccfc6d4b" outcome="Passed" testListId="8c84fa94-04c1-424b-9868-57a2d4851a1d" relativeResultsDirectory="ae13da58-c91b-47c4-bab4-b4b0ad8ec32d" />
    <UnitTestResult executionId="7ec0c780-e578-4407-9cdc-ad36cb58ce94" testId="f8e02860-fd95-9442-7ecf-ef57e116f575" testName="Inspection.Domain.Tests.OrdinaryTrayPlannerTests.Rejects_empty_or_duplicate_parts_and_faces" computerName="VM-0-12-ubuntu" duration="00:00:00.0076788" startTime="2026-09-17T12:27:00.4252364+08:00" endTime="2026-09-17T12:27:00.4263784+08:00" testType="13cdc9d9-ddb5-4fa4-a97d-d965ccfc6d4b" outcome="Passed" testListId="8c84fa94-04c1-424b-9868-57a2d4851a1d" relativeResultsDirectory="7ec0c780-e578-4407-9cdc-ad36cb58ce94" />
    <UnitTestResult executionId="fd278c2c-9143-4f37-8b17-67729a94ded1" testId="a0b9777d-1b70-5926-a799-adf6326fff4e" testName="Inspection.Domain.Tests.OrdinaryTrayPlannerTests.Rejects_invalid_face_identifiers(invalid: &quot;&quot;)" computerName="VM-0-12-ubuntu" duration="00:00:00.0035122" startTime="2026-09-17T12:27:00.3499312+08:00" endTime="2026-09-17T12:27:00.3500873+08:00" testType="13cdc9d9-ddb5-4fa4-a97d-d965ccfc6d4b" outcome="Passed" testListId="8c84fa94-04c1-424b-9868-57a2d4851a1d" relativeResultsDirectory="fd278c2c-9143-4f37-8b17-67729a94ded1" />
    <UnitTestResult executionId="6fdd0c2a-bbdc-41ab-a984-863eba4701ce" testId="492fee63-3098-417d-d4c5-fb5e3c67ba4c" testName="Inspection.Domain.Tests.OrdinaryTrayPlannerTests.Rejects_invalid_face_identifiers(invalid: null)" computerName="VM-0-12-ubuntu" duration="00:00:00.0000195" startTime="2026-09-17T12:27:00.4224142+08:00" endTime="2026-09-17T12:27:00.4225167+08:00" testType="13cdc9d9-ddb5-4fa4-a97d-d965ccfc6d4b" outcome="Passed" testListId="8c84fa94-04c1-424b-9868-57a2d4851a1d" relativeResultsDirectory="6fdd0c2a-bbdc-41ab-a984-863eba4701ce" />
    <UnitTestResult executionId="0bfff3ea-86c6-414a-8ca8-127621de72e0" testId="5888c5b7-1fdd-9d82-4f90-76fd84500508" testName="Inspection.Domain.Tests.OrdinaryTrayPlannerTests.Rejects_invalid_part_identifiers(invalid: &quot; &quot;)" computerName="VM-0-12-ubuntu" duration="00:00:00.0002340" startTime="2026-09-17T12:27:00.3439898+08:00" endTime="2026-09-17T12:27:00.3440739+08:00" testType="13cdc9d9-ddb5-4fa4-a97d-d965ccfc6d4b" outcome="Passed" testListId="8c84fa94-04c1-424b-9868-57a2d4851a1d" relativeResultsDirectory="0bfff3ea-86c6-414a-8ca8-127621de72e0" />
    <UnitTestResult executionId="78e67788-c108-4922-b7b4-80b77889de26" testId="eff5460b-bc20-8000-4371-57337658edc0" testName="Inspection.Domain.Tests.OrdinaryTrayPlannerTests.Rejects_undefined_camera_group" computerName="VM-0-12-ubuntu" duration="00:00:00.0002637" startTime="2026-09-17T12:27:00.3477369+08:00" endTime="2026-09-17T12:27:00.3478243+08:00" testType="13cdc9d9-ddb5-4fa4-a97d-d965ccfc6d4b" outcome="Passed" testListId="8c84fa94-04c1-424b-9868-57a2d4851a1d" relativeResultsDirectory="78e67788-c108-4922-b7b4-80b77889de26" />
    <UnitTestResult executionId="12c8b7c6-fc36-4ee0-9435-94a3656c1adb" testId="01320553-e0f9-f4d0-99ab-376c0d2ff4bb" testName="Inspection.Domain.Tests.OrdinaryTrayPlannerTests.Rejects_null_collections" computerName="VM-0-12-ubuntu" duration="00:00:00.0003799" startTime="2026-09-17T12:27:00.4269716+08:00" endTime="2026-09-17T12:27:00.4270780+08:00" testType="13cdc9d9-ddb5-4fa4-a97d-d965ccfc6d4b" outcome="Passed" testListId="8c84fa94-04c1-424b-9868-57a2d4851a1d" relativeResultsDirectory="12c8b7c6-fc36-4ee0-9435-94a3656c1adb" />
    <UnitTestResult executionId="9ac76bc9-1b62-4f58-a8d2-8bb1164f9318" testId="891e82af-0fb3-29ab-962f-47c0c037d4a8" testName="Inspection.Domain.Tests.OrdinaryTrayPlannerTests.Rejects_invalid_part_identifiers(invalid: &quot;p1 &quot;)" computerName="VM-0-12-ubuntu" duration="00:00:00.0000261" startTime="2026-09-17T12:27:00.3442215+08:00" endTime="2026-09-17T12:27:00.3443366+08:00" testType="13cdc9d9-ddb5-4fa4-a97d-d965ccfc6d4b" outcome="Passed" testListId="8c84fa94-04c1-424b-9868-57a2d4851a1d" relativeResultsDirectory="9ac76bc9-1b62-4f58-a8d2-8bb1164f9318" />
    <UnitTestResult executionId="e3ab1555-d0cd-4fdd-9c7c-bede1dd52638" testId="f1dda52b-d233-e95b-4882-9936b92c5c83" testName="Inspection.Domain.Tests.OrdinaryTrayPlannerTests.Rejects_invalid_face_identifiers(invalid: &quot; f1&quot;)" computerName="VM-0-12-ubuntu" duration="00:00:00.0001669" startTime="2026-09-17T12:27:00.4196084+08:00" endTime="2026-09-17T12:27:00.4220094+08:00" testType="13cdc9d9-ddb5-4fa4-a97d-d965ccfc6d4b" outcome="Passed" testListId="8c84fa94-04c1-424b-9868-57a2d4851a1d" relativeResultsDirectory="e3ab1555-d0cd-4fdd-9c7c-bede1dd52638" />
    <UnitTestResult executionId="e7145455-a91a-4b80-b4be-ebe877a7c0d8" testId="3882187e-d742-f444-fa38-2ed126931ea7" testName="Inspection.Domain.Tests.OrdinaryTrayPlannerTests.Input_mutation_cannot_change_published_plan" computerName="VM-0-12-ubuntu" duration="00:00:00.0078873" startTime="2026-09-17T12:27:00.4266291+08:00" endTime="2026-09-17T12:27:00.4267246+08:00" testType="13cdc9d9-ddb5-4fa4-a97d-d965ccfc6d4b" outcome="Passed" testListId="8c84fa94-04c1-424b-9868-57a2d4851a1d" relativeResultsDirectory="e7145455-a91a-4b80-b4be-ebe877a7c0d8" />
    <UnitTestResult executionId="1efa2b22-7b38-44ec-bcca-6ced670e55fc" testId="b195b2f3-cef9-2e4d-16a6-0d5abdee69e3" testName="Inspection.Domain.Tests.OrdinaryTrayPlannerTests.Rejects_invalid_face_identifiers(invalid: &quot; &quot;)" computerName="VM-0-12-ubuntu" duration="00:00:00.0000178" startTime="2026-09-17T12:27:00.4227013+08:00" endTime="2026-09-17T12:27:00.4228103+08:00" testType="13cdc9d9-ddb5-4fa4-a97d-d965ccfc6d4b" outcome="Passed" testListId="8c84fa94-04c1-424b-9868-57a2d4851a1d" relativeResultsDirectory="1efa2b22-7b38-44ec-bcca-6ced670e55fc" />
  </Results>
  <TestDefinitions>
    <UnitTest name="Inspection.Domain.Tests.OrdinaryTrayPlannerTests.Rejects_null_collections" storage="/home/ubuntu/dzk/gaode/repo/backend/tests/inspection.domain.tests/bin/release/net10.0/inspection.domain.tests.dll" id="01320553-e0f9-f4d0-99ab-376c0d2ff4bb">
      <Execution id="12c8b7c6-fc36-4ee0-9435-94a3656c1adb" />
      <TestMethod codeBase="/home/ubuntu/dzk/gaode/repo/backend/tests/Inspection.Domain.Tests/bin/Release/net10.0/Inspection.Domain.Tests.dll" adapterTypeName="executor://xunit/VsTestRunner3/netcore/" className="Inspection.Domain.Tests.OrdinaryTrayPlannerTests" name="Rejects_null_collections" />
    </UnitTest>
    <UnitTest name="Inspection.Domain.Tests.OrdinaryTrayPlannerTests.Input_mutation_cannot_change_published_plan" storage="/home/ubuntu/dzk/gaode/repo/backend/tests/inspection.domain.tests/bin/release/net10.0/inspection.domain.tests.dll" id="3882187e-d742-f444-fa38-2ed126931ea7">
      <Execution id="e7145455-a91a-4b80-b4be-ebe877a7c0d8" />
      <TestMethod codeBase="/home/ubuntu/dzk/gaode/repo/backend/tests/Inspection.Domain.Tests/bin/Release/net10.0/Inspection.Domain.Tests.dll" adapterTypeName="executor://xunit/VsTestRunner3/netcore/" className="Inspection.Domain.Tests.OrdinaryTrayPlannerTests" name="Input_mutation_cannot_change_published_plan" />
    </UnitTest>
    <UnitTest name="Inspection.Domain.Tests.OrdinaryTrayPlannerTests.Rejects_invalid_face_identifiers(invalid: &quot;&quot;)" storage="/home/ubuntu/dzk/gaode/repo/backend/tests/inspection.domain.tests/bin/release/net10.0/inspection.domain.tests.dll" id="a0b9777d-1b70-5926-a799-adf6326fff4e">
      <Execution id="fd278c2c-9143-4f37-8b17-67729a94ded1" />
      <TestMethod codeBase="/home/ubuntu/dzk/gaode/repo/backend/tests/Inspection.Domain.Tests/bin/Release/net10.0/Inspection.Domain.Tests.dll" adapterTypeName="executor://xunit/VsTestRunner3/netcore/" className="Inspection.Domain.Tests.OrdinaryTrayPlannerTests" name="Rejects_invalid_face_identifiers" />
    </UnitTest>
    <UnitTest name="Inspection.Domain.Tests.OrdinaryTrayPlannerTests.Rejects_undefined_camera_group" storage="/home/ubuntu/dzk/gaode/repo/backend/tests/inspection.domain.tests/bin/release/net10.0/inspection.domain.tests.dll" id="eff5460b-bc20-8000-4371-57337658edc0">
      <Execution id="78e67788-c108-4922-b7b4-80b77889de26" />
      <TestMethod codeBase="/home/ubuntu/dzk/gaode/repo/backend/tests/Inspection.Domain.Tests/bin/Release/net10.0/Inspection.Domain.Tests.dll" adapterTypeName="executor://xunit/VsTestRunner3/netcore/" className="Inspection.Domain.Tests.OrdinaryTrayPlannerTests" name="Rejects_undefined_camera_group" />
    </UnitTest>
    <UnitTest name="Inspection.Domain.Tests.OrdinaryTrayPlannerTests.Rejects_invalid_face_identifiers(invalid: null)" storage="/home/ubuntu/dzk/gaode/repo/backend/tests/inspection.domain.tests/bin/release/net10.0/inspection.domain.tests.dll" id="492fee63-3098-417d-d4c5-fb5e3c67ba4c">
      <Execution id="6fdd0c2a-bbdc-41ab-a984-863eba4701ce" />
      <TestMethod codeBase="/home/ubuntu/dzk/gaode/repo/backend/tests/Inspection.Domain.Tests/bin/Release/net10.0/Inspection.Domain.Tests.dll" adapterTypeName="executor://xunit/VsTestRunner3/netcore/" className="Inspection.Domain.Tests.OrdinaryTrayPlannerTests" name="Rejects_invalid_face_identifiers" />
    </UnitTest>
    <UnitTest name="Inspection.Domain.Tests.OrdinaryTrayPlannerTests.Rejects_invalid_face_identifiers(invalid: &quot; &quot;)" storage="/home/ubuntu/dzk/gaode/repo/backend/tests/inspection.domain.tests/bin/release/net10.0/inspection.domain.tests.dll" id="b195b2f3-cef9-2e4d-16a6-0d5abdee69e3">
      <Execution id="1efa2b22-7b38-44ec-bcca-6ced670e55fc" />
      <TestMethod codeBase="/home/ubuntu/dzk/gaode/repo/backend/tests/Inspection.Domain.Tests/bin/Release/net10.0/Inspection.Domain.Tests.dll" adapterTypeName="executor://xunit/VsTestRunner3/netcore/" className="Inspection.Domain.Tests.OrdinaryTrayPlannerTests" name="Rejects_invalid_face_identifiers" />
    </UnitTest>
    <UnitTest name="Inspection.Domain.Tests.OrdinaryTrayPlannerTests.Rejects_invalid_part_identifiers(invalid: &quot;p1 &quot;)" storage="/home/ubuntu/dzk/gaode/repo/backend/tests/inspection.domain.tests/bin/release/net10.0/inspection.domain.tests.dll" id="891e82af-0fb3-29ab-962f-47c0c037d4a8">
      <Execution id="9ac76bc9-1b62-4f58-a8d2-8bb1164f9318" />
      <TestMethod codeBase="/home/ubuntu/dzk/gaode/repo/backend/tests/Inspection.Domain.Tests/bin/Release/net10.0/Inspection.Domain.Tests.dll" adapterTypeName="executor://xunit/VsTestRunner3/netcore/" className="Inspection.Domain.Tests.OrdinaryTrayPlannerTests" name="Rejects_invalid_part_identifiers" />
    </UnitTest>
    <UnitTest name="Inspection.Domain.Tests.OrdinaryTrayPlannerTests.Supports_more_parts_faces_and_cd_group_without_reordering_slots" storage="/home/ubuntu/dzk/gaode/repo/backend/tests/inspection.domain.tests/bin/release/net10.0/inspection.domain.tests.dll" id="b91753d6-3976-cb0f-f62d-b17d0aefe8f1">
      <Execution id="d0bff459-fa4c-4bd6-a997-d90e9544e32d" />
      <TestMethod codeBase="/home/ubuntu/dzk/gaode/repo/backend/tests/Inspection.Domain.Tests/bin/Release/net10.0/Inspection.Domain.Tests.dll" adapterTypeName="executor://xunit/VsTestRunner3/netcore/" className="Inspection.Domain.Tests.OrdinaryTrayPlannerTests" name="Supports_more_parts_faces_and_cd_group_without_reordering_slots" />
    </UnitTest>
    <UnitTest name="Inspection.Domain.Tests.OrdinaryTrayPlannerTests.Batches_whole_tray_by_camera_and_preserves_identity_across_faces" storage="/home/ubuntu/dzk/gaode/repo/backend/tests/inspection.domain.tests/bin/release/net10.0/inspection.domain.tests.dll" id="eacdae0b-5649-d855-d8b3-273d0c51cec0">
      <Execution id="88940cf6-be34-437b-b90e-1fea4fde5ce2" />
      <TestMethod codeBase="/home/ubuntu/dzk/gaode/repo/backend/tests/Inspection.Domain.Tests/bin/Release/net10.0/Inspection.Domain.Tests.dll" adapterTypeName="executor://xunit/VsTestRunner3/netcore/" className="Inspection.Domain.Tests.OrdinaryTrayPlannerTests" name="Batches_whole_tray_by_camera_and_preserves_identity_across_faces" />
    </UnitTest>
    <UnitTest name="Inspection.Domain.Tests.OrdinaryTrayPlannerTests.Rejects_invalid_part_identifiers(invalid: &quot; &quot;)" storage="/home/ubuntu/dzk/gaode/repo/backend/tests/inspection.domain.tests/bin/release/net10.0/inspection.domain.tests.dll" id="5888c5b7-1fdd-9d82-4f90-76fd84500508">
      <Execution id="0bfff3ea-86c6-414a-8ca8-127621de72e0" />
      <TestMethod codeBase="/home/ubuntu/dzk/gaode/repo/backend/tests/Inspection.Domain.Tests/bin/Release/net10.0/Inspection.Domain.Tests.dll" adapterTypeName="executor://xunit/VsTestRunner3/netcore/" className="Inspection.Domain.Tests.OrdinaryTrayPlannerTests" name="Rejects_invalid_part_identifiers" />
    </UnitTest>
    <UnitTest name="Inspection.Domain.Tests.OrdinaryTrayPlannerTests.Rejects_invalid_part_identifiers(invalid: null)" storage="/home/ubuntu/dzk/gaode/repo/backend/tests/inspection.domain.tests/bin/release/net10.0/inspection.domain.tests.dll" id="ebdb82b3-29dd-6b97-1525-193c86c166ae">
      <Execution id="8850d51c-b165-424c-a115-430a4f050cf5" />
      <TestMethod codeBase="/home/ubuntu/dzk/gaode/repo/backend/tests/Inspection.Domain.Tests/bin/Release/net10.0/Inspection.Domain.Tests.dll" adapterTypeName="executor://xunit/VsTestRunner3/netcore/" className="Inspection.Domain.Tests.OrdinaryTrayPlannerTests" name="Rejects_invalid_part_identifiers" />
    </UnitTest>
    <UnitTest name="Inspection.Domain.Tests.OrdinaryTrayPlannerTests.Rejects_empty_or_duplicate_parts_and_faces" storage="/home/ubuntu/dzk/gaode/repo/backend/tests/inspection.domain.tests/bin/release/net10.0/inspection.domain.tests.dll" id="f8e02860-fd95-9442-7ecf-ef57e116f575">
      <Execution id="7ec0c780-e578-4407-9cdc-ad36cb58ce94" />
      <TestMethod codeBase="/home/ubuntu/dzk/gaode/repo/backend/tests/Inspection.Domain.Tests/bin/Release/net10.0/Inspection.Domain.Tests.dll" adapterTypeName="executor://xunit/VsTestRunner3/netcore/" className="Inspection.Domain.Tests.OrdinaryTrayPlannerTests" name="Rejects_empty_or_duplicate_parts_and_faces" />
    </UnitTest>
    <UnitTest name="Inspection.Domain.Tests.OrdinaryTrayPlannerTests.Rejects_invalid_face_identifiers(invalid: &quot; f1&quot;)" storage="/home/ubuntu/dzk/gaode/repo/backend/tests/inspection.domain.tests/bin/release/net10.0/inspection.domain.tests.dll" id="f1dda52b-d233-e95b-4882-9936b92c5c83">
      <Execution id="e3ab1555-d0cd-4fdd-9c7c-bede1dd52638" />
      <TestMethod codeBase="/home/ubuntu/dzk/gaode/repo/backend/tests/Inspection.Domain.Tests/bin/Release/net10.0/Inspection.Domain.Tests.dll" adapterTypeName="executor://xunit/VsTestRunner3/netcore/" className="Inspection.Domain.Tests.OrdinaryTrayPlannerTests" name="Rejects_invalid_face_identifiers" />
    </UnitTest>
    <UnitTest name="Inspection.Domain.Tests.OrdinaryTrayPlannerTests.Rejects_invalid_part_identifiers(invalid: &quot;&quot;)" storage="/home/ubuntu/dzk/gaode/repo/backend/tests/inspection.domain.tests/bin/release/net10.0/inspection.domain.tests.dll" id="08678fd9-1902-0285-0ea0-70b972c0b322">
      <Execution id="bfdf593b-8e20-4e4d-a1cd-958cfae9692b" />
      <TestMethod codeBase="/home/ubuntu/dzk/gaode/repo/backend/tests/Inspection.Domain.Tests/bin/Release/net10.0/Inspection.Domain.Tests.dll" adapterTypeName="executor://xunit/VsTestRunner3/netcore/" className="Inspection.Domain.Tests.OrdinaryTrayPlannerTests" name="Rejects_invalid_part_identifiers" />
    </UnitTest>
    <UnitTest name="Inspection.Domain.Tests.OrdinaryTrayPlannerTests.Rejects_invalid_part_identifiers(invalid: &quot; p1&quot;)" storage="/home/ubuntu/dzk/gaode/repo/backend/tests/inspection.domain.tests/bin/release/net10.0/inspection.domain.tests.dll" id="9f820417-8f0c-d967-e6b9-a93c07497e41">
      <Execution id="ae13da58-c91b-47c4-bab4-b4b0ad8ec32d" />
      <TestMethod codeBase="/home/ubuntu/dzk/gaode/repo/backend/tests/Inspection.Domain.Tests/bin/Release/net10.0/Inspection.Domain.Tests.dll" adapterTypeName="executor://xunit/VsTestRunner3/netcore/" className="Inspection.Domain.Tests.OrdinaryTrayPlannerTests" name="Rejects_invalid_part_identifiers" />
    </UnitTest>
  </TestDefinitions>
  <TestEntries>
    <TestEntry testId="eacdae0b-5649-d855-d8b3-273d0c51cec0" executionId="88940cf6-be34-437b-b90e-1fea4fde5ce2" testListId="8c84fa94-04c1-424b-9868-57a2d4851a1d" />
    <TestEntry testId="08678fd9-1902-0285-0ea0-70b972c0b322" executionId="bfdf593b-8e20-4e4d-a1cd-958cfae9692b" testListId="8c84fa94-04c1-424b-9868-57a2d4851a1d" />
    <TestEntry testId="b91753d6-3976-cb0f-f62d-b17d0aefe8f1" executionId="d0bff459-fa4c-4bd6-a997-d90e9544e32d" testListId="8c84fa94-04c1-424b-9868-57a2d4851a1d" />
    <TestEntry testId="ebdb82b3-29dd-6b97-1525-193c86c166ae" executionId="8850d51c-b165-424c-a115-430a4f050cf5" testListId="8c84fa94-04c1-424b-9868-57a2d4851a1d" />
    <TestEntry testId="9f820417-8f0c-d967-e6b9-a93c07497e41" executionId="ae13da58-c91b-47c4-bab4-b4b0ad8ec32d" testListId="8c84fa94-04c1-424b-9868-57a2d4851a1d" />
    <TestEntry testId="f8e02860-fd95-9442-7ecf-ef57e116f575" executionId="7ec0c780-e578-4407-9cdc-ad36cb58ce94" testListId="8c84fa94-04c1-424b-9868-57a2d4851a1d" />
    <TestEntry testId="a0b9777d-1b70-5926-a799-adf6326fff4e" executionId="fd278c2c-9143-4f37-8b17-67729a94ded1" testListId="8c84fa94-04c1-424b-9868-57a2d4851a1d" />
    <TestEntry testId="492fee63-3098-417d-d4c5-fb5e3c67ba4c" executionId="6fdd0c2a-bbdc-41ab-a984-863eba4701ce" testListId="8c84fa94-04c1-424b-9868-57a2d4851a1d" />
    <TestEntry testId="5888c5b7-1fdd-9d82-4f90-76fd84500508" executionId="0bfff3ea-86c6-414a-8ca8-127621de72e0" testListId="8c84fa94-04c1-424b-9868-57a2d4851a1d" />
    <TestEntry testId="eff5460b-bc20-8000-4371-57337658edc0" executionId="78e67788-c108-4922-b7b4-80b77889de26" testListId="8c84fa94-04c1-424b-9868-57a2d4851a1d" />
    <TestEntry testId="01320553-e0f9-f4d0-99ab-376c0d2ff4bb" executionId="12c8b7c6-fc36-4ee0-9435-94a3656c1adb" testListId="8c84fa94-04c1-424b-9868-57a2d4851a1d" />
    <TestEntry testId="891e82af-0fb3-29ab-962f-47c0c037d4a8" executionId="9ac76bc9-1b62-4f58-a8d2-8bb1164f9318" testListId="8c84fa94-04c1-424b-9868-57a2d4851a1d" />
    <TestEntry testId="f1dda52b-d233-e95b-4882-9936b92c5c83" executionId="e3ab1555-d0cd-4fdd-9c7c-bede1dd52638" testListId="8c84fa94-04c1-424b-9868-57a2d4851a1d" />
    <TestEntry testId="3882187e-d742-f444-fa38-2ed126931ea7" executionId="e7145455-a91a-4b80-b4be-ebe877a7c0d8" testListId="8c84fa94-04c1-424b-9868-57a2d4851a1d" />
    <TestEntry testId="b195b2f3-cef9-2e4d-16a6-0d5abdee69e3" executionId="1efa2b22-7b38-44ec-bcca-6ced670e55fc" testListId="8c84fa94-04c1-424b-9868-57a2d4851a1d" />
  </TestEntries>
  <TestLists>
    <TestList name="Results Not in a List" id="8c84fa94-04c1-424b-9868-57a2d4851a1d" />
    <TestList name="All Loaded Results" id="19431567-8539-422a-85d7-44ee4e166bda" />
  </TestLists>
  <ResultSummary outcome="Completed">
    <Counters total="15" executed="15" passed="15" failed="0" error="0" timeout="0" aborted="0" inconclusive="0" passedButRunAborted="0" notRunnable="0" notExecuted="0" disconnected="0" warning="0" completed="0" inProgress="0" pending="0" />
    <Output>
      <StdOut>[xUnit.net 00:00:00.00] xUnit.net VSTest Adapter v3.1.5+1b188a7b0a (64-bit .NET 10.0.12)
[xUnit.net 00:00:00.34]   Discovering: Inspection.Domain.Tests
[xUnit.net 00:00:00.53]   Discovered:  Inspection.Domain.Tests
[xUnit.net 00:00:00.62]   Starting:    Inspection.Domain.Tests
[xUnit.net 00:00:01.08]   Finished:    Inspection.Domain.Tests
</StdOut>
    </Output>
  </ResultSummary>
</TestRun>