<?xml version="1.0" encoding="utf-8"?>
<TestRun id="40afa67e-792a-4ec2-9dee-f2002b62fe97" name="@runnervmlun5p 2026-09-17 04:33:56" xmlns="http://microsoft.com/schemas/VisualStudio/TeamTest/2010">
  <Times creation="2026-09-17T04:33:56.6875113+00:00" queuing="2026-09-17T04:33:56.6875114+00:00" start="2026-09-17T04:33:53.8245524+00:00" finish="2026-09-17T04:33:56.8300865+00:00" />
  <TestSettings name="default" id="3c3bd014-ca2b-4828-829a-6d47cf602cae">
    <Deployment runDeploymentRoot="_runnervmlun5p_2026-09-17_04_33_56" />
  </TestSettings>
  <Results>
    <UnitTestResult executionId="0915863a-e23f-481d-b3c2-6138ace45972" testId="2a8f7648-ef84-6e37-0f57-0e38966b2e99" testName="Inspection.Host.Tests.HostContractTests.Unimplemented_production_commands_are_not_accepted" computerName="runnervmlun5p" duration="00:00:00.0315112" startTime="2026-09-17T04:33:56.6317129+00:00" endTime="2026-09-17T04:33:56.6437125+00:00" testType="13cdc9d9-ddb5-4fa4-a97d-d965ccfc6d4b" outcome="Passed" testListId="8c84fa94-04c1-424b-9868-57a2d4851a1d" relativeResultsDirectory="0915863a-e23f-481d-b3c2-6138ace45972" />
    <UnitTestResult executionId="77e89f31-aae0-4901-9e42-b0bc7bc48a68" testId="fb17721e-66a3-c8a8-fb7c-882561687322" testName="Inspection.Host.Tests.HostContractTests.Status_explicitly_reports_unavailable_production_capabilities" computerName="runnervmlun5p" duration="00:00:00.6917976" startTime="2026-09-17T04:33:55.7855820+00:00" endTime="2026-09-17T04:33:56.5073520+00:00" testType="13cdc9d9-ddb5-4fa4-a97d-d965ccfc6d4b" outcome="Passed" testListId="8c84fa94-04c1-424b-9868-57a2d4851a1d" relativeResultsDirectory="77e89f31-aae0-4901-9e42-b0bc7bc48a68" />
    <UnitTestResult executionId="4d7048fb-c021-4239-ba26-3b9b30619cec" testId="f4f98c95-32ac-dcff-bd91-5d674f53d221" testName="Inspection.Host.Tests.HostContractTests.Live_does_not_claim_production_readiness" computerName="runnervmlun5p" duration="00:00:00.0275005" startTime="2026-09-17T04:33:56.6440814+00:00" endTime="2026-09-17T04:33:56.6758025+00:00" testType="13cdc9d9-ddb5-4fa4-a97d-d965ccfc6d4b" outcome="Passed" testListId="8c84fa94-04c1-424b-9868-57a2d4851a1d" relativeResultsDirectory="4d7048fb-c021-4239-ba26-3b9b30619cec" />
    <UnitTestResult executionId="9071e726-76be-4a25-97ff-9387d2dbfd30" testId="25f863f5-c00b-f79c-c492-3bcd5d7f1509" testName="Inspection.Host.Tests.HostContractTests.Demo_query_returns_eight_captures_without_executing_them" computerName="runnervmlun5p" duration="00:00:00.0869237" startTime="2026-09-17T04:33:56.5334063+00:00" endTime="2026-09-17T04:33:56.6088916+00:00" testType="13cdc9d9-ddb5-4fa4-a97d-d965ccfc6d4b" outcome="Passed" testListId="8c84fa94-04c1-424b-9868-57a2d4851a1d" relativeResultsDirectory="9071e726-76be-4a25-97ff-9387d2dbfd30" />
  </Results>
  <TestDefinitions>
    <UnitTest name="Inspection.Host.Tests.HostContractTests.Demo_query_returns_eight_captures_without_executing_them" storage="/home/runner/work/x/x/backend/tests/inspection.host.tests/bin/release/net10.0/inspection.host.tests.dll" id="25f863f5-c00b-f79c-c492-3bcd5d7f1509">
      <Execution id="9071e726-76be-4a25-97ff-9387d2dbfd30" />
      <TestMethod codeBase="/home/runner/work/x/x/backend/tests/Inspection.Host.Tests/bin/Release/net10.0/Inspection.Host.Tests.dll" adapterTypeName="executor://xunit/VsTestRunner3/netcore/" className="Inspection.Host.Tests.HostContractTests" name="Demo_query_returns_eight_captures_without_executing_them" />
    </UnitTest>
    <UnitTest name="Inspection.Host.Tests.HostContractTests.Live_does_not_claim_production_readiness" storage="/home/runner/work/x/x/backend/tests/inspection.host.tests/bin/release/net10.0/inspection.host.tests.dll" id="f4f98c95-32ac-dcff-bd91-5d674f53d221">
      <Execution id="4d7048fb-c021-4239-ba26-3b9b30619cec" />
      <TestMethod codeBase="/home/runner/work/x/x/backend/tests/Inspection.Host.Tests/bin/Release/net10.0/Inspection.Host.Tests.dll" adapterTypeName="executor://xunit/VsTestRunner3/netcore/" className="Inspection.Host.Tests.HostContractTests" name="Live_does_not_claim_production_readiness" />
    </UnitTest>
    <UnitTest name="Inspection.Host.Tests.HostContractTests.Status_explicitly_reports_unavailable_production_capabilities" storage="/home/runner/work/x/x/backend/tests/inspection.host.tests/bin/release/net10.0/inspection.host.tests.dll" id="fb17721e-66a3-c8a8-fb7c-882561687322">
      <Execution id="77e89f31-aae0-4901-9e42-b0bc7bc48a68" />
      <TestMethod codeBase="/home/runner/work/x/x/backend/tests/Inspection.Host.Tests/bin/Release/net10.0/Inspection.Host.Tests.dll" adapterTypeName="executor://xunit/VsTestRunner3/netcore/" className="Inspection.Host.Tests.HostContractTests" name="Status_explicitly_reports_unavailable_production_capabilities" />
    </UnitTest>
    <UnitTest name="Inspection.Host.Tests.HostContractTests.Unimplemented_production_commands_are_not_accepted" storage="/home/runner/work/x/x/backend/tests/inspection.host.tests/bin/release/net10.0/inspection.host.tests.dll" id="2a8f7648-ef84-6e37-0f57-0e38966b2e99">
      <Execution id="0915863a-e23f-481d-b3c2-6138ace45972" />
      <TestMethod codeBase="/home/runner/work/x/x/backend/tests/Inspection.Host.Tests/bin/Release/net10.0/Inspection.Host.Tests.dll" adapterTypeName="executor://xunit/VsTestRunner3/netcore/" className="Inspection.Host.Tests.HostContractTests" name="Unimplemented_production_commands_are_not_accepted" />
    </UnitTest>
  </TestDefinitions>
  <TestEntries>
    <TestEntry testId="2a8f7648-ef84-6e37-0f57-0e38966b2e99" executionId="0915863a-e23f-481d-b3c2-6138ace45972" testListId="8c84fa94-04c1-424b-9868-57a2d4851a1d" />
    <TestEntry testId="fb17721e-66a3-c8a8-fb7c-882561687322" executionId="77e89f31-aae0-4901-9e42-b0bc7bc48a68" testListId="8c84fa94-04c1-424b-9868-57a2d4851a1d" />
    <TestEntry testId="f4f98c95-32ac-dcff-bd91-5d674f53d221" executionId="4d7048fb-c021-4239-ba26-3b9b30619cec" testListId="8c84fa94-04c1-424b-9868-57a2d4851a1d" />
    <TestEntry testId="25f863f5-c00b-f79c-c492-3bcd5d7f1509" executionId="9071e726-76be-4a25-97ff-9387d2dbfd30" testListId="8c84fa94-04c1-424b-9868-57a2d4851a1d" />
  </TestEntries>
  <TestLists>
    <TestList name="Results Not in a List" id="8c84fa94-04c1-424b-9868-57a2d4851a1d" />
    <TestList name="All Loaded Results" id="19431567-8539-422a-85d7-44ee4e166bda" />
  </TestLists>
  <ResultSummary outcome="Completed">
    <Counters total="4" executed="4" passed="4" failed="0" error="0" timeout="0" aborted="0" inconclusive="0" passedButRunAborted="0" notRunnable="0" notExecuted="0" disconnected="0" warning="0" completed="0" inProgress="0" pending="0" />
    <Output>
      <StdOut>[xUnit.net 00:00:00.00] xUnit.net VSTest Adapter v3.1.5+1b188a7b0a (64-bit .NET 10.0.12)
[xUnit.net 00:00:00.21]   Discovering: Inspection.Host.Tests
[xUnit.net 00:00:00.34]   Discovered:  Inspection.Host.Tests
[xUnit.net 00:00:00.42]   Starting:    Inspection.Host.Tests
info: Microsoft.Hosting.Lifetime[14]
      Now listening on: http://127.0.0.1:5000
info: Microsoft.Hosting.Lifetime[0]
      Application started. Press Ctrl+C to shut down.
info: Microsoft.Hosting.Lifetime[0]
      Hosting environment: Development
info: Microsoft.Hosting.Lifetime[0]
      Content root path: /home/runner/work/x/x/backend/src/Inspection.Host
info: Microsoft.Hosting.Lifetime[0]
      Application is shutting down...
[xUnit.net 00:00:01.40]   Finished:    Inspection.Host.Tests
</StdOut>
    </Output>
  </ResultSummary>
</TestRun>