<?xml version="1.0" encoding="utf-8"?>
<TestRun id="9cdbc484-4fba-42e6-8ebb-8bfc4efd5b99" name="@runnervmlun5p 2026-09-17 04:33:56" xmlns="http://microsoft.com/schemas/VisualStudio/TeamTest/2010">
  <Times creation="2026-09-17T04:33:56.3849541+00:00" queuing="2026-09-17T04:33:56.3849542+00:00" start="2026-09-17T04:33:53.8178894+00:00" finish="2026-09-17T04:33:56.5711319+00:00" />
  <TestSettings name="default" id="abb2d412-f182-4dfd-afa5-4bc3ff1bba9e">
    <Deployment runDeploymentRoot="_runnervmlun5p_2026-09-17_04_33_56" />
  </TestSettings>
  <Results>
    <UnitTestResult executionId="31770f01-c90f-421d-b677-9dc87f1b50fd" testId="aac43464-20b7-afa9-4a52-a456e1f2b613" testName="Inspection.Application.Tests.TrayWorkflowTests.Mixed_missing_frame_and_algorithm_failure_finish_as_technical_facts" computerName="runnervmlun5p" duration="00:00:00.0305618" startTime="2026-09-17T04:33:56.2023482+00:00" endTime="2026-09-17T04:33:56.2398308+00:00" testType="13cdc9d9-ddb5-4fa4-a97d-d965ccfc6d4b" outcome="Passed" testListId="8c84fa94-04c1-424b-9868-57a2d4851a1d" relativeResultsDirectory="31770f01-c90f-421d-b677-9dc87f1b50fd" />
    <UnitTestResult executionId="48854ed3-068e-4470-8667-ffd2f39c445e" testId="60ab4128-0842-8361-7791-50dec1411ebf" testName="Inspection.Application.Tests.TrayWorkflowTests.Motion_acceptance_is_not_completion_and_unknown_never_retries" computerName="runnervmlun5p" duration="00:00:00.1051378" startTime="2026-09-17T04:33:56.0170031+00:00" endTime="2026-09-17T04:33:56.1910546+00:00" testType="13cdc9d9-ddb5-4fa4-a97d-d965ccfc6d4b" outcome="Passed" testListId="8c84fa94-04c1-424b-9868-57a2d4851a1d" relativeResultsDirectory="48854ed3-068e-4470-8667-ffd2f39c445e" />
    <UnitTestResult executionId="4ce4eb71-f571-4feb-86c7-c1996147297a" testId="80f8c926-da83-72e7-48b5-e424f1cd214a" testName="Inspection.Application.Tests.TrayWorkflowTests.Old_algorithm_can_finish_after_motion_failure_and_deadline_closes_rest" computerName="runnervmlun5p" duration="00:00:00.0202948" startTime="2026-09-17T04:33:56.1930360+00:00" endTime="2026-09-17T04:33:56.2017669+00:00" testType="13cdc9d9-ddb5-4fa4-a97d-d965ccfc6d4b" outcome="Passed" testListId="8c84fa94-04c1-424b-9868-57a2d4851a1d" relativeResultsDirectory="4ce4eb71-f571-4feb-86c7-c1996147297a" />
    <UnitTestResult executionId="5a955c2c-fdf1-424d-9465-516ff65913e2" testId="2631571b-f4a5-a7e9-674c-ef62523eb36d" testName="Inspection.Application.Tests.MotionExecutionLaneTests.Two_completed_actions_are_serial_and_report_acceptance_before_completion" computerName="runnervmlun5p" duration="00:00:00.0414154" startTime="2026-09-17T04:33:56.1908494+00:00" endTime="2026-09-17T04:33:56.1922725+00:00" testType="13cdc9d9-ddb5-4fa4-a97d-d965ccfc6d4b" outcome="Passed" testListId="8c84fa94-04c1-424b-9868-57a2d4851a1d" relativeResultsDirectory="5a955c2c-fdf1-424d-9465-516ff65913e2" />
    <UnitTestResult executionId="a29409fc-361a-4158-833c-656808f753b7" testId="0f9858e2-5f49-cc2a-dacd-447f9692b775" testName="Inspection.Application.Tests.TrayWorkflowTests.Rescan_missing_original_slot_stops_before_next_face_motion" computerName="runnervmlun5p" duration="00:00:00.0423144" startTime="2026-09-17T04:33:56.1921783+00:00" endTime="2026-09-17T04:33:56.1923890+00:00" testType="13cdc9d9-ddb5-4fa4-a97d-d965ccfc6d4b" outcome="Passed" testListId="8c84fa94-04c1-424b-9868-57a2d4851a1d" relativeResultsDirectory="a29409fc-361a-4158-833c-656808f753b7" />
    <UnitTestResult executionId="ec35bb7d-471a-435b-bbad-d1326badc68d" testId="a7b6c916-12e9-aabb-43ee-a87909c17cde" testName="Inspection.Application.Tests.TrayWorkflowTests.Missing_frame_marks_dependency_failure_but_next_safe_capture_continues" computerName="runnervmlun5p" duration="00:00:00.0216423" startTime="2026-09-17T04:33:56.2992148+00:00" endTime="2026-09-17T04:33:56.2993368+00:00" testType="13cdc9d9-ddb5-4fa4-a97d-d965ccfc6d4b" outcome="Passed" testListId="8c84fa94-04c1-424b-9868-57a2d4851a1d" relativeResultsDirectory="ec35bb7d-471a-435b-bbad-d1326badc68d" />
    <UnitTestResult executionId="8509aaa5-69ca-4171-b12d-848758555333" testId="87295e7e-6907-9497-82e2-2da81b5af718" testName="Inspection.Application.Tests.MotionExecutionLaneTests.Lost_event_sink_stops_admitting_motion_and_exposes_failure" computerName="runnervmlun5p" duration="00:00:00.0693664" startTime="2026-09-17T04:33:56.0251625+00:00" endTime="2026-09-17T04:33:56.1214532+00:00" testType="13cdc9d9-ddb5-4fa4-a97d-d965ccfc6d4b" outcome="Passed" testListId="8c84fa94-04c1-424b-9868-57a2d4851a1d" relativeResultsDirectory="8509aaa5-69ca-4171-b12d-848758555333" />
    <UnitTestResult executionId="be1ec0b4-3462-423d-8b2a-f58061eca8d3" testId="9f7e0c76-a174-1a15-c890-e689cb5115b4" testName="Inspection.Application.Tests.TrayWorkflowTests.Full_framework_order_preserves_part_identity_and_blocks_old_coordinates" computerName="runnervmlun5p" duration="00:00:00.0428696" startTime="2026-09-17T04:33:56.3007285+00:00" endTime="2026-09-17T04:33:56.3125171+00:00" testType="13cdc9d9-ddb5-4fa4-a97d-d965ccfc6d4b" outcome="Passed" testListId="8c84fa94-04c1-424b-9868-57a2d4851a1d" relativeResultsDirectory="be1ec0b4-3462-423d-8b2a-f58061eca8d3" />
    <UnitTestResult executionId="9ef2a459-6a46-434b-b2af-68928b698552" testId="70b406b4-de7b-c1b2-7ae3-2a708c4d62b3" testName="Inspection.Application.Tests.TrayWorkflowTests.Preparation_requires_fresh_3d_f_code_and_unique_recipe" computerName="runnervmlun5p" duration="00:00:00.0012112" startTime="2026-09-17T04:33:56.2020310+00:00" endTime="2026-09-17T04:33:56.2021196+00:00" testType="13cdc9d9-ddb5-4fa4-a97d-d965ccfc6d4b" outcome="Passed" testListId="8c84fa94-04c1-424b-9868-57a2d4851a1d" relativeResultsDirectory="9ef2a459-6a46-434b-b2af-68928b698552" />
    <UnitTestResult executionId="6bbd3dac-7c40-4101-ab85-d332ce008fb0" testId="1b09d7ab-b19d-6e54-75a9-c87188a48f88" testName="Inspection.Application.Tests.MotionExecutionLaneTests.Motion_deadline_marks_unknown_without_replaying_device_command" computerName="runnervmlun5p" duration="00:00:00.1728511" startTime="2026-09-17T04:33:56.1932014+00:00" endTime="2026-09-17T04:33:56.3638328+00:00" testType="13cdc9d9-ddb5-4fa4-a97d-d965ccfc6d4b" outcome="Passed" testListId="8c84fa94-04c1-424b-9868-57a2d4851a1d" relativeResultsDirectory="6bbd3dac-7c40-4101-ab85-d332ce008fb0" />
    <UnitTestResult executionId="dc643550-bedf-4e21-95b2-616ef4ce31f0" testId="188ba48f-fdef-42a4-17a1-4f8078b364b5" testName="Inspection.Application.Tests.TrayWorkflowTests.Invalid_motion_outcome_cannot_be_treated_as_completion" computerName="runnervmlun5p" duration="00:00:00.0002846" startTime="2026-09-17T04:33:56.1927179+00:00" endTime="2026-09-17T04:33:56.1928223+00:00" testType="13cdc9d9-ddb5-4fa4-a97d-d965ccfc6d4b" outcome="Passed" testListId="8c84fa94-04c1-424b-9868-57a2d4851a1d" relativeResultsDirectory="dc643550-bedf-4e21-95b2-616ef4ce31f0" />
    <UnitTestResult executionId="985495bc-a48c-4491-8bf8-26c687f5ed24" testId="89699f93-7b7d-1478-eaeb-64879945495d" testName="Inspection.Application.Tests.MotionExecutionLaneTests.Single_lane_runs_only_one_device_action_and_unknown_blocks_queued_action" computerName="runnervmlun5p" duration="00:00:00.0267328" startTime="2026-09-17T04:33:56.3641411+00:00" endTime="2026-09-17T04:33:56.3978149+00:00" testType="13cdc9d9-ddb5-4fa4-a97d-d965ccfc6d4b" outcome="Passed" testListId="8c84fa94-04c1-424b-9868-57a2d4851a1d" relativeResultsDirectory="985495bc-a48c-4491-8bf8-26c687f5ed24" />
  </Results>
  <TestDefinitions>
    <UnitTest name="Inspection.Application.Tests.MotionExecutionLaneTests.Single_lane_runs_only_one_device_action_and_unknown_blocks_queued_action" storage="/home/runner/work/x/x/backend/tests/inspection.application.tests/bin/release/net10.0/inspection.application.tests.dll" id="89699f93-7b7d-1478-eaeb-64879945495d">
      <Execution id="985495bc-a48c-4491-8bf8-26c687f5ed24" />
      <TestMethod codeBase="/home/runner/work/x/x/backend/tests/Inspection.Application.Tests/bin/Release/net10.0/Inspection.Application.Tests.dll" adapterTypeName="executor://xunit/VsTestRunner3/netcore/" className="Inspection.Application.Tests.MotionExecutionLaneTests" name="Single_lane_runs_only_one_device_action_and_unknown_blocks_queued_action" />
    </UnitTest>
    <UnitTest name="Inspection.Application.Tests.TrayWorkflowTests.Rescan_missing_original_slot_stops_before_next_face_motion" storage="/home/runner/work/x/x/backend/tests/inspection.application.tests/bin/release/net10.0/inspection.application.tests.dll" id="0f9858e2-5f49-cc2a-dacd-447f9692b775">
      <Execution id="a29409fc-361a-4158-833c-656808f753b7" />
      <TestMethod codeBase="/home/runner/work/x/x/backend/tests/Inspection.Application.Tests/bin/Release/net10.0/Inspection.Application.Tests.dll" adapterTypeName="executor://xunit/VsTestRunner3/netcore/" className="Inspection.Application.Tests.TrayWorkflowTests" name="Rescan_missing_original_slot_stops_before_next_face_motion" />
    </UnitTest>
    <UnitTest name="Inspection.Application.Tests.TrayWorkflowTests.Old_algorithm_can_finish_after_motion_failure_and_deadline_closes_rest" storage="/home/runner/work/x/x/backend/tests/inspection.application.tests/bin/release/net10.0/inspection.application.tests.dll" id="80f8c926-da83-72e7-48b5-e424f1cd214a">
      <Execution id="4ce4eb71-f571-4feb-86c7-c1996147297a" />
      <TestMethod codeBase="/home/runner/work/x/x/backend/tests/Inspection.Application.Tests/bin/Release/net10.0/Inspection.Application.Tests.dll" adapterTypeName="executor://xunit/VsTestRunner3/netcore/" className="Inspection.Application.Tests.TrayWorkflowTests" name="Old_algorithm_can_finish_after_motion_failure_and_deadline_closes_rest" />
    </UnitTest>
    <UnitTest name="Inspection.Application.Tests.TrayWorkflowTests.Invalid_motion_outcome_cannot_be_treated_as_completion" storage="/home/runner/work/x/x/backend/tests/inspection.application.tests/bin/release/net10.0/inspection.application.tests.dll" id="188ba48f-fdef-42a4-17a1-4f8078b364b5">
      <Execution id="dc643550-bedf-4e21-95b2-616ef4ce31f0" />
      <TestMethod codeBase="/home/runner/work/x/x/backend/tests/Inspection.Application.Tests/bin/Release/net10.0/Inspection.Application.Tests.dll" adapterTypeName="executor://xunit/VsTestRunner3/netcore/" className="Inspection.Application.Tests.TrayWorkflowTests" name="Invalid_motion_outcome_cannot_be_treated_as_completion" />
    </UnitTest>
    <UnitTest name="Inspection.Application.Tests.MotionExecutionLaneTests.Two_completed_actions_are_serial_and_report_acceptance_before_completion" storage="/home/runner/work/x/x/backend/tests/inspection.application.tests/bin/release/net10.0/inspection.application.tests.dll" id="2631571b-f4a5-a7e9-674c-ef62523eb36d">
      <Execution id="5a955c2c-fdf1-424d-9465-516ff65913e2" />
      <TestMethod codeBase="/home/runner/work/x/x/backend/tests/Inspection.Application.Tests/bin/Release/net10.0/Inspection.Application.Tests.dll" adapterTypeName="executor://xunit/VsTestRunner3/netcore/" className="Inspection.Application.Tests.MotionExecutionLaneTests" name="Two_completed_actions_are_serial_and_report_acceptance_before_completion" />
    </UnitTest>
    <UnitTest name="Inspection.Application.Tests.TrayWorkflowTests.Preparation_requires_fresh_3d_f_code_and_unique_recipe" storage="/home/runner/work/x/x/backend/tests/inspection.application.tests/bin/release/net10.0/inspection.application.tests.dll" id="70b406b4-de7b-c1b2-7ae3-2a708c4d62b3">
      <Execution id="9ef2a459-6a46-434b-b2af-68928b698552" />
      <TestMethod codeBase="/home/runner/work/x/x/backend/tests/Inspection.Application.Tests/bin/Release/net10.0/Inspection.Application.Tests.dll" adapterTypeName="executor://xunit/VsTestRunner3/netcore/" className="Inspection.Application.Tests.TrayWorkflowTests" name="Preparation_requires_fresh_3d_f_code_and_unique_recipe" />
    </UnitTest>
    <UnitTest name="Inspection.Application.Tests.TrayWorkflowTests.Motion_acceptance_is_not_completion_and_unknown_never_retries" storage="/home/runner/work/x/x/backend/tests/inspection.application.tests/bin/release/net10.0/inspection.application.tests.dll" id="60ab4128-0842-8361-7791-50dec1411ebf">
      <Execution id="48854ed3-068e-4470-8667-ffd2f39c445e" />
      <TestMethod codeBase="/home/runner/work/x/x/backend/tests/Inspection.Application.Tests/bin/Release/net10.0/Inspection.Application.Tests.dll" adapterTypeName="executor://xunit/VsTestRunner3/netcore/" className="Inspection.Application.Tests.TrayWorkflowTests" name="Motion_acceptance_is_not_completion_and_unknown_never_retries" />
    </UnitTest>
    <UnitTest name="Inspection.Application.Tests.TrayWorkflowTests.Missing_frame_marks_dependency_failure_but_next_safe_capture_continues" storage="/home/runner/work/x/x/backend/tests/inspection.application.tests/bin/release/net10.0/inspection.application.tests.dll" id="a7b6c916-12e9-aabb-43ee-a87909c17cde">
      <Execution id="ec35bb7d-471a-435b-bbad-d1326badc68d" />
      <TestMethod codeBase="/home/runner/work/x/x/backend/tests/Inspection.Application.Tests/bin/Release/net10.0/Inspection.Application.Tests.dll" adapterTypeName="executor://xunit/VsTestRunner3/netcore/" className="Inspection.Application.Tests.TrayWorkflowTests" name="Missing_frame_marks_dependency_failure_but_next_safe_capture_continues" />
    </UnitTest>
    <UnitTest name="Inspection.Application.Tests.TrayWorkflowTests.Mixed_missing_frame_and_algorithm_failure_finish_as_technical_facts" storage="/home/runner/work/x/x/backend/tests/inspection.application.tests/bin/release/net10.0/inspection.application.tests.dll" id="aac43464-20b7-afa9-4a52-a456e1f2b613">
      <Execution id="31770f01-c90f-421d-b677-9dc87f1b50fd" />
      <TestMethod codeBase="/home/runner/work/x/x/backend/tests/Inspection.Application.Tests/bin/Release/net10.0/Inspection.Application.Tests.dll" adapterTypeName="executor://xunit/VsTestRunner3/netcore/" className="Inspection.Application.Tests.TrayWorkflowTests" name="Mixed_missing_frame_and_algorithm_failure_finish_as_technical_facts" />
    </UnitTest>
    <UnitTest name="Inspection.Application.Tests.MotionExecutionLaneTests.Lost_event_sink_stops_admitting_motion_and_exposes_failure" storage="/home/runner/work/x/x/backend/tests/inspection.application.tests/bin/release/net10.0/inspection.application.tests.dll" id="87295e7e-6907-9497-82e2-2da81b5af718">
      <Execution id="8509aaa5-69ca-4171-b12d-848758555333" />
      <TestMethod codeBase="/home/runner/work/x/x/backend/tests/Inspection.Application.Tests/bin/Release/net10.0/Inspection.Application.Tests.dll" adapterTypeName="executor://xunit/VsTestRunner3/netcore/" className="Inspection.Application.Tests.MotionExecutionLaneTests" name="Lost_event_sink_stops_admitting_motion_and_exposes_failure" />
    </UnitTest>
    <UnitTest name="Inspection.Application.Tests.MotionExecutionLaneTests.Motion_deadline_marks_unknown_without_replaying_device_command" storage="/home/runner/work/x/x/backend/tests/inspection.application.tests/bin/release/net10.0/inspection.application.tests.dll" id="1b09d7ab-b19d-6e54-75a9-c87188a48f88">
      <Execution id="6bbd3dac-7c40-4101-ab85-d332ce008fb0" />
      <TestMethod codeBase="/home/runner/work/x/x/backend/tests/Inspection.Application.Tests/bin/Release/net10.0/Inspection.Application.Tests.dll" adapterTypeName="executor://xunit/VsTestRunner3/netcore/" className="Inspection.Application.Tests.MotionExecutionLaneTests" name="Motion_deadline_marks_unknown_without_replaying_device_command" />
    </UnitTest>
    <UnitTest name="Inspection.Application.Tests.TrayWorkflowTests.Full_framework_order_preserves_part_identity_and_blocks_old_coordinates" storage="/home/runner/work/x/x/backend/tests/inspection.application.tests/bin/release/net10.0/inspection.application.tests.dll" id="9f7e0c76-a174-1a15-c890-e689cb5115b4">
      <Execution id="be1ec0b4-3462-423d-8b2a-f58061eca8d3" />
      <TestMethod codeBase="/home/runner/work/x/x/backend/tests/Inspection.Application.Tests/bin/Release/net10.0/Inspection.Application.Tests.dll" adapterTypeName="executor://xunit/VsTestRunner3/netcore/" className="Inspection.Application.Tests.TrayWorkflowTests" name="Full_framework_order_preserves_part_identity_and_blocks_old_coordinates" />
    </UnitTest>
  </TestDefinitions>
  <TestEntries>
    <TestEntry testId="aac43464-20b7-afa9-4a52-a456e1f2b613" executionId="31770f01-c90f-421d-b677-9dc87f1b50fd" testListId="8c84fa94-04c1-424b-9868-57a2d4851a1d" />
    <TestEntry testId="60ab4128-0842-8361-7791-50dec1411ebf" executionId="48854ed3-068e-4470-8667-ffd2f39c445e" testListId="8c84fa94-04c1-424b-9868-57a2d4851a1d" />
    <TestEntry testId="80f8c926-da83-72e7-48b5-e424f1cd214a" executionId="4ce4eb71-f571-4feb-86c7-c1996147297a" testListId="8c84fa94-04c1-424b-9868-57a2d4851a1d" />
    <TestEntry testId="2631571b-f4a5-a7e9-674c-ef62523eb36d" executionId="5a955c2c-fdf1-424d-9465-516ff65913e2" testListId="8c84fa94-04c1-424b-9868-57a2d4851a1d" />
    <TestEntry testId="0f9858e2-5f49-cc2a-dacd-447f9692b775" executionId="a29409fc-361a-4158-833c-656808f753b7" testListId="8c84fa94-04c1-424b-9868-57a2d4851a1d" />
    <TestEntry testId="a7b6c916-12e9-aabb-43ee-a87909c17cde" executionId="ec35bb7d-471a-435b-bbad-d1326badc68d" testListId="8c84fa94-04c1-424b-9868-57a2d4851a1d" />
    <TestEntry testId="87295e7e-6907-9497-82e2-2da81b5af718" executionId="8509aaa5-69ca-4171-b12d-848758555333" testListId="8c84fa94-04c1-424b-9868-57a2d4851a1d" />
    <TestEntry testId="9f7e0c76-a174-1a15-c890-e689cb5115b4" executionId="be1ec0b4-3462-423d-8b2a-f58061eca8d3" testListId="8c84fa94-04c1-424b-9868-57a2d4851a1d" />
    <TestEntry testId="70b406b4-de7b-c1b2-7ae3-2a708c4d62b3" executionId="9ef2a459-6a46-434b-b2af-68928b698552" testListId="8c84fa94-04c1-424b-9868-57a2d4851a1d" />
    <TestEntry testId="1b09d7ab-b19d-6e54-75a9-c87188a48f88" executionId="6bbd3dac-7c40-4101-ab85-d332ce008fb0" testListId="8c84fa94-04c1-424b-9868-57a2d4851a1d" />
    <TestEntry testId="188ba48f-fdef-42a4-17a1-4f8078b364b5" executionId="dc643550-bedf-4e21-95b2-616ef4ce31f0" testListId="8c84fa94-04c1-424b-9868-57a2d4851a1d" />
    <TestEntry testId="89699f93-7b7d-1478-eaeb-64879945495d" executionId="985495bc-a48c-4491-8bf8-26c687f5ed24" testListId="8c84fa94-04c1-424b-9868-57a2d4851a1d" />
  </TestEntries>
  <TestLists>
    <TestList name="Results Not in a List" id="8c84fa94-04c1-424b-9868-57a2d4851a1d" />
    <TestList name="All Loaded Results" id="19431567-8539-422a-85d7-44ee4e166bda" />
  </TestLists>
  <ResultSummary outcome="Completed">
    <Counters total="12" executed="12" passed="12" failed="0" error="0" timeout="0" aborted="0" inconclusive="0" passedButRunAborted="0" notRunnable="0" notExecuted="0" disconnected="0" warning="0" completed="0" inProgress="0" pending="0" />
    <Output>
      <StdOut>[xUnit.net 00:00:00.01] xUnit.net VSTest Adapter v3.1.5+1b188a7b0a (64-bit .NET 10.0.12)
[xUnit.net 00:00:00.48]   Discovering: Inspection.Application.Tests
[xUnit.net 00:00:00.65]   Discovered:  Inspection.Application.Tests
[xUnit.net 00:00:00.76]   Starting:    Inspection.Application.Tests
[xUnit.net 00:00:01.26]   Finished:    Inspection.Application.Tests
</StdOut>
    </Output>
  </ResultSummary>
</TestRun>