<?xml version="1.0" encoding="utf-8"?>
<TestRun id="3726a88a-17d7-4736-ad3f-bd4c02db3369" name="@VM-0-12-ubuntu 2026-09-17 11:17:57" xmlns="http://microsoft.com/schemas/VisualStudio/TeamTest/2010">
  <Times creation="2026-09-17T11:17:57.3279031+08:00" queuing="2026-09-17T11:17:57.3279032+08:00" start="2026-09-17T11:17:53.3704088+08:00" finish="2026-09-17T11:17:57.3484113+08:00" />
  <TestSettings name="default" id="bd34d262-86eb-4cc3-a102-422279c13d34">
    <Deployment runDeploymentRoot="_VM-0-12-ubuntu_2026-09-17_11_17_57" />
  </TestSettings>
  <Results>
    <UnitTestResult executionId="4a5df22e-a741-4650-afe6-aa72d6834a93" testId="2a8f7648-ef84-6e37-0f57-0e38966b2e99" testName="Inspection.Host.Tests.HostContractTests.Unimplemented_production_commands_are_not_accepted" computerName="VM-0-12-ubuntu" duration="00:00:00.0203127" startTime="2026-09-17T11:17:56.9668218+08:00" endTime="2026-09-17T11:17:56.9874432+08:00" testType="13cdc9d9-ddb5-4fa4-a97d-d965ccfc6d4b" outcome="Passed" testListId="8c84fa94-04c1-424b-9868-57a2d4851a1d" relativeResultsDirectory="4a5df22e-a741-4650-afe6-aa72d6834a93" />
    <UnitTestResult executionId="6d6193b2-8b76-4ea4-9807-75b6f79d44c3" testId="25f863f5-c00b-f79c-c492-3bcd5d7f1509" testName="Inspection.Host.Tests.HostContractTests.Demo_query_returns_eight_captures_without_executing_them" computerName="VM-0-12-ubuntu" duration="00:00:00.1425915" startTime="2026-09-17T11:17:56.8828986+08:00" endTime="2026-09-17T11:17:56.9648713+08:00" testType="13cdc9d9-ddb5-4fa4-a97d-d965ccfc6d4b" outcome="Passed" testListId="8c84fa94-04c1-424b-9868-57a2d4851a1d" relativeResultsDirectory="6d6193b2-8b76-4ea4-9807-75b6f79d44c3" />
    <UnitTestResult executionId="0c534af8-0413-47e2-a500-46c8dfc839a4" testId="f4f98c95-32ac-dcff-bd91-5d674f53d221" testName="Inspection.Host.Tests.HostContractTests.Live_does_not_claim_production_readiness" computerName="VM-0-12-ubuntu" duration="00:00:00.0132899" startTime="2026-09-17T11:17:56.9877638+08:00" endTime="2026-09-17T11:17:57.0042353+08:00" testType="13cdc9d9-ddb5-4fa4-a97d-d965ccfc6d4b" outcome="Passed" testListId="8c84fa94-04c1-424b-9868-57a2d4851a1d" relativeResultsDirectory="0c534af8-0413-47e2-a500-46c8dfc839a4" />
    <UnitTestResult executionId="3fb3b50d-2a0a-46e3-be3e-e195347f4bba" testId="fb17721e-66a3-c8a8-fb7c-882561687322" testName="Inspection.Host.Tests.HostContractTests.Status_explicitly_reports_unavailable_production_capabilities" computerName="VM-0-12-ubuntu" duration="00:00:01.0118455" startTime="2026-09-17T11:17:55.7455487+08:00" endTime="2026-09-17T11:17:56.8042353+08:00" testType="13cdc9d9-ddb5-4fa4-a97d-d965ccfc6d4b" outcome="Passed" testListId="8c84fa94-04c1-424b-9868-57a2d4851a1d" relativeResultsDirectory="3fb3b50d-2a0a-46e3-be3e-e195347f4bba" />
  </Results>
  <TestDefinitions>
    <UnitTest name="Inspection.Host.Tests.HostContractTests.Demo_query_returns_eight_captures_without_executing_them" storage="/home/ubuntu/dzk/gaode/repo/backend/tests/inspection.host.tests/bin/release/net10.0/inspection.host.tests.dll" id="25f863f5-c00b-f79c-c492-3bcd5d7f1509">
      <Execution id="6d6193b2-8b76-4ea4-9807-75b6f79d44c3" />
      <TestMethod codeBase="/home/ubuntu/dzk/gaode/repo/backend/tests/Inspection.Host.Tests/bin/Release/net10.0/Inspection.Host.Tests.dll" adapterTypeName="executor://xunit/VsTestRunner3/netcore/" className="Inspection.Host.Tests.HostContractTests" name="Demo_query_returns_eight_captures_without_executing_them" />
    </UnitTest>
    <UnitTest name="Inspection.Host.Tests.HostContractTests.Live_does_not_claim_production_readiness" storage="/home/ubuntu/dzk/gaode/repo/backend/tests/inspection.host.tests/bin/release/net10.0/inspection.host.tests.dll" id="f4f98c95-32ac-dcff-bd91-5d674f53d221">
      <Execution id="0c534af8-0413-47e2-a500-46c8dfc839a4" />
      <TestMethod codeBase="/home/ubuntu/dzk/gaode/repo/backend/tests/Inspection.Host.Tests/bin/Release/net10.0/Inspection.Host.Tests.dll" adapterTypeName="executor://xunit/VsTestRunner3/netcore/" className="Inspection.Host.Tests.HostContractTests" name="Live_does_not_claim_production_readiness" />
    </UnitTest>
    <UnitTest name="Inspection.Host.Tests.HostContractTests.Status_explicitly_reports_unavailable_production_capabilities" storage="/home/ubuntu/dzk/gaode/repo/backend/tests/inspection.host.tests/bin/release/net10.0/inspection.host.tests.dll" id="fb17721e-66a3-c8a8-fb7c-882561687322">
      <Execution id="3fb3b50d-2a0a-46e3-be3e-e195347f4bba" />
      <TestMethod codeBase="/home/ubuntu/dzk/gaode/repo/backend/tests/Inspection.Host.Tests/bin/Release/net10.0/Inspection.Host.Tests.dll" adapterTypeName="executor://xunit/VsTestRunner3/netcore/" className="Inspection.Host.Tests.HostContractTests" name="Status_explicitly_reports_unavailable_production_capabilities" />
    </UnitTest>
    <UnitTest name="Inspection.Host.Tests.HostContractTests.Unimplemented_production_commands_are_not_accepted" storage="/home/ubuntu/dzk/gaode/repo/backend/tests/inspection.host.tests/bin/release/net10.0/inspection.host.tests.dll" id="2a8f7648-ef84-6e37-0f57-0e38966b2e99">
      <Execution id="4a5df22e-a741-4650-afe6-aa72d6834a93" />
      <TestMethod codeBase="/home/ubuntu/dzk/gaode/repo/backend/tests/Inspection.Host.Tests/bin/Release/net10.0/Inspection.Host.Tests.dll" adapterTypeName="executor://xunit/VsTestRunner3/netcore/" className="Inspection.Host.Tests.HostContractTests" name="Unimplemented_production_commands_are_not_accepted" />
    </UnitTest>
  </TestDefinitions>
  <TestEntries>
    <TestEntry testId="2a8f7648-ef84-6e37-0f57-0e38966b2e99" executionId="4a5df22e-a741-4650-afe6-aa72d6834a93" testListId="8c84fa94-04c1-424b-9868-57a2d4851a1d" />
    <TestEntry testId="25f863f5-c00b-f79c-c492-3bcd5d7f1509" executionId="6d6193b2-8b76-4ea4-9807-75b6f79d44c3" testListId="8c84fa94-04c1-424b-9868-57a2d4851a1d" />
    <TestEntry testId="f4f98c95-32ac-dcff-bd91-5d674f53d221" executionId="0c534af8-0413-47e2-a500-46c8dfc839a4" testListId="8c84fa94-04c1-424b-9868-57a2d4851a1d" />
    <TestEntry testId="fb17721e-66a3-c8a8-fb7c-882561687322" executionId="3fb3b50d-2a0a-46e3-be3e-e195347f4bba" testListId="8c84fa94-04c1-424b-9868-57a2d4851a1d" />
  </TestEntries>
  <TestLists>
    <TestList name="Results Not in a List" id="8c84fa94-04c1-424b-9868-57a2d4851a1d" />
    <TestList name="All Loaded Results" id="19431567-8539-422a-85d7-44ee4e166bda" />
  </TestLists>
  <ResultSummary outcome="Completed">
    <Counters total="4" executed="4" passed="4" failed="0" error="0" timeout="0" aborted="0" inconclusive="0" passedButRunAborted="0" notRunnable="0" notExecuted="0" disconnected="0" warning="0" completed="0" inProgress="0" pending="0" />
    <Output>
      <StdOut>[xUnit.net 00:00:00.01] xUnit.net VSTest Adapter v3.1.5+1b188a7b0a (64-bit .NET 10.0.12)
[xUnit.net 00:00:00.33]   Discovering: Inspection.Host.Tests
[xUnit.net 00:00:00.47]   Discovered:  Inspection.Host.Tests
[xUnit.net 00:00:00.69]   Starting:    Inspection.Host.Tests
info: Microsoft.Hosting.Lifetime[14]
      Now listening on: http://127.0.0.1:5000
info: Microsoft.Hosting.Lifetime[0]
      Application started. Press Ctrl+C to shut down.
info: Microsoft.Hosting.Lifetime[0]
      Hosting environment: Development
info: Microsoft.Hosting.Lifetime[0]
      Content root path: /home/ubuntu/dzk/gaode/repo/backend/src/Inspection.Host
info: Microsoft.Hosting.Lifetime[0]
      Application is shutting down...
[xUnit.net 00:00:02.14]   Finished:    Inspection.Host.Tests
</StdOut>
    </Output>
  </ResultSummary>
</TestRun>